2021-12-05 01:10:11,030 INFO o.a.j.u.JMeterUtils: Setting Locale to en_EN
2021-12-05 01:10:11,059 INFO o.a.j.JMeter: Loading user properties from: C:\apache-jmeter-5.4\bin\user.properties
2021-12-05 01:10:11,060 INFO o.a.j.JMeter: Loading system properties from: C:\apache-jmeter-5.4\bin\system.properties
2021-12-05 01:10:11,072 INFO o.a.j.JMeter: Copyright (c) 1998-2020 The Apache Software Foundation
2021-12-05 01:10:11,072 INFO o.a.j.JMeter: Version 5.4
2021-12-05 01:10:11,072 INFO o.a.j.JMeter: java.version=1.8.0_60
2021-12-05 01:10:11,072 INFO o.a.j.JMeter: java.vm.name=Java HotSpot(TM) 64-Bit Server VM
2021-12-05 01:10:11,072 INFO o.a.j.JMeter: os.name=Windows 10
2021-12-05 01:10:11,072 INFO o.a.j.JMeter: os.arch=amd64
2021-12-05 01:10:11,072 INFO o.a.j.JMeter: os.version=10.0
2021-12-05 01:10:11,072 INFO o.a.j.JMeter: file.encoding=Cp1252
2021-12-05 01:10:11,073 INFO o.a.j.JMeter: java.awt.headless=null
2021-12-05 01:10:11,073 INFO o.a.j.JMeter: Max memory     =1073741824
2021-12-05 01:10:11,073 INFO o.a.j.JMeter: Available Processors =8
2021-12-05 01:10:11,081 INFO o.a.j.JMeter: Default Locale=English (EN)
2021-12-05 01:10:11,081 INFO o.a.j.JMeter: JMeter  Locale=English (EN)
2021-12-05 01:10:11,081 INFO o.a.j.JMeter: JMeterHome=C:\apache-jmeter-5.4
2021-12-05 01:10:11,081 INFO o.a.j.JMeter: user.dir  =C:\Users\affes\OneDrive\Bureau\JMX\Jmeter-telegraf-influxdb-grafana\Jmeter\JMX
2021-12-05 01:10:11,082 INFO o.a.j.JMeter: PWD       =C:\Users\affes\OneDrive\Bureau\JMX\Jmeter-telegraf-influxdb-grafana\Jmeter\JMX
2021-12-05 01:10:11,083 INFO o.a.j.JMeter: IP: 172.21.128.1 Name: DESKTOP-2B0GRD3 FullName: DESKTOP-2B0GRD3.mshome.net
2021-12-05 01:10:11,207 INFO o.a.j.JMeter: Setting LAF to: com.github.weisj.darklaf.DarkLaf:com.github.weisj.darklaf.theme.DarculaTheme
2021-12-05 01:10:11,674 INFO o.a.j.JMeter: Loaded icon properties from org/apache/jmeter/images/icon.properties
2021-12-05 01:10:13,379 ERROR o.a.j.r.ClassFinder: Error filtering class okhttp3.internal.tls.BasicTrustRootIndex, it will be ignored
java.lang.IncompatibleClassChangeError: Implementing class
	at java.lang.ClassLoader.defineClass1(Native Method) ~[?:1.8.0_60]
	at java.lang.ClassLoader.defineClass(ClassLoader.java:760) ~[?:1.8.0_60]
	at java.security.SecureClassLoader.defineClass(SecureClassLoader.java:142) ~[?:1.8.0_60]
	at java.net.URLClassLoader.defineClass(URLClassLoader.java:467) ~[?:1.8.0_60]
	at java.net.URLClassLoader.access$100(URLClassLoader.java:73) ~[?:1.8.0_60]
	at java.net.URLClassLoader$1.run(URLClassLoader.java:368) ~[?:1.8.0_60]
	at java.net.URLClassLoader$1.run(URLClassLoader.java:362) ~[?:1.8.0_60]
	at java.security.AccessController.doPrivileged(Native Method) ~[?:1.8.0_60]
	at java.net.URLClassLoader.findClass(URLClassLoader.java:361) ~[?:1.8.0_60]
	at java.lang.ClassLoader.loadClass(ClassLoader.java:424) ~[?:1.8.0_60]
	at java.lang.ClassLoader.loadClass(ClassLoader.java:357) ~[?:1.8.0_60]
	at java.lang.Class.forName0(Native Method) ~[?:1.8.0_60]
	at java.lang.Class.forName(Class.java:348) ~[?:1.8.0_60]
	at org.apache.jorphan.reflect.ClassFinder$ExtendsClassFilter.isChildOf(ClassFinder.java:100) ~[jorphan.jar:5.4]
	at org.apache.jorphan.reflect.ClassFinder$ExtendsClassFilter.accept(ClassFinder.java:86) ~[jorphan.jar:5.4]
	at org.apache.jorphan.reflect.ClassFinder.applyFiltering(ClassFinder.java:404) ~[jorphan.jar:5.4]
	at org.apache.jorphan.reflect.ClassFinder.lambda$findClassesInOnePath$2(ClassFinder.java:364) ~[jorphan.jar:5.4]
	at java.util.stream.ForEachOps$ForEachOp$OfRef.accept(ForEachOps.java:184) [?:1.8.0_60]
	at java.util.stream.ReferencePipeline$2$1.accept(ReferencePipeline.java:175) [?:1.8.0_60]
	at java.util.Iterator.forEachRemaining(Iterator.java:116) [?:1.8.0_60]
	at java.util.Spliterators$IteratorSpliterator.forEachRemaining(Spliterators.java:1801) [?:1.8.0_60]
	at java.util.stream.AbstractPipeline.copyInto(AbstractPipeline.java:481) [?:1.8.0_60]
	at java.util.stream.AbstractPipeline.wrapAndCopyInto(AbstractPipeline.java:471) [?:1.8.0_60]
	at java.util.stream.ForEachOps$ForEachOp.evaluateSequential(ForEachOps.java:151) [?:1.8.0_60]
	at java.util.stream.ForEachOps$ForEachOp$OfRef.evaluateSequential(ForEachOps.java:174) [?:1.8.0_60]
	at java.util.stream.AbstractPipeline.evaluate(AbstractPipeline.java:234) [?:1.8.0_60]
	at java.util.stream.ReferencePipeline.forEach(ReferencePipeline.java:418) [?:1.8.0_60]
	at org.apache.jorphan.reflect.ClassFinder.findClassesInOnePath(ClassFinder.java:362) [jorphan.jar:5.4]
	at org.apache.jorphan.reflect.ClassFinder.findClasses(ClassFinder.java:326) [jorphan.jar:5.4]
	at org.apache.jorphan.reflect.ClassFinder.findClassesThatExtend(ClassFinder.java:299) [jorphan.jar:5.4]
	at org.apache.jmeter.gui.action.ActionRouter.findClassesThatExtend(ActionRouter.java:314) [ApacheJMeter_core.jar:5.4]
	at org.apache.jmeter.gui.action.ActionRouter.populateCommandMap(ActionRouter.java:350) [ApacheJMeter_core.jar:5.4]
	at org.apache.jmeter.JMeter.startGui(JMeter.java:402) [ApacheJMeter_core.jar:5.4]
	at org.apache.jmeter.JMeter.start(JMeter.java:560) [ApacheJMeter_core.jar:5.4]
	at sun.reflect.NativeMethodAccessorImpl.invoke0(Native Method) ~[?:1.8.0_60]
	at sun.reflect.NativeMethodAccessorImpl.invoke(NativeMethodAccessorImpl.java:62) ~[?:1.8.0_60]
	at sun.reflect.DelegatingMethodAccessorImpl.invoke(DelegatingMethodAccessorImpl.java:43) ~[?:1.8.0_60]
	at java.lang.reflect.Method.invoke(Method.java:497) ~[?:1.8.0_60]
	at org.apache.jmeter.NewDriver.main(NewDriver.java:254) [ApacheJMeter.jar:5.4]
2021-12-05 01:10:13,792 ERROR o.a.j.r.ClassFinder: Error filtering class okhttp3.internal.tls.BasicTrustRootIndex, it will be ignored
java.lang.IncompatibleClassChangeError: Implementing class
	at java.lang.ClassLoader.defineClass1(Native Method) ~[?:1.8.0_60]
	at java.lang.ClassLoader.defineClass(ClassLoader.java:760) ~[?:1.8.0_60]
	at java.security.SecureClassLoader.defineClass(SecureClassLoader.java:142) ~[?:1.8.0_60]
	at java.net.URLClassLoader.defineClass(URLClassLoader.java:467) ~[?:1.8.0_60]
	at java.net.URLClassLoader.access$100(URLClassLoader.java:73) ~[?:1.8.0_60]
	at java.net.URLClassLoader$1.run(URLClassLoader.java:368) ~[?:1.8.0_60]
	at java.net.URLClassLoader$1.run(URLClassLoader.java:362) ~[?:1.8.0_60]
	at java.security.AccessController.doPrivileged(Native Method) ~[?:1.8.0_60]
	at java.net.URLClassLoader.findClass(URLClassLoader.java:361) ~[?:1.8.0_60]
	at java.lang.ClassLoader.loadClass(ClassLoader.java:424) ~[?:1.8.0_60]
	at java.lang.ClassLoader.loadClass(ClassLoader.java:357) ~[?:1.8.0_60]
	at java.lang.Class.forName0(Native Method) ~[?:1.8.0_60]
	at java.lang.Class.forName(Class.java:348) ~[?:1.8.0_60]
	at org.apache.jorphan.reflect.ClassFinder$ExtendsClassFilter.isChildOf(ClassFinder.java:100) ~[jorphan.jar:5.4]
	at org.apache.jorphan.reflect.ClassFinder$ExtendsClassFilter.accept(ClassFinder.java:86) ~[jorphan.jar:5.4]
	at org.apache.jorphan.reflect.ClassFinder.applyFiltering(ClassFinder.java:404) ~[jorphan.jar:5.4]
	at org.apache.jorphan.reflect.ClassFinder.lambda$findClassesInOnePath$2(ClassFinder.java:364) ~[jorphan.jar:5.4]
	at java.util.stream.ForEachOps$ForEachOp$OfRef.accept(ForEachOps.java:184) [?:1.8.0_60]
	at java.util.stream.ReferencePipeline$2$1.accept(ReferencePipeline.java:175) [?:1.8.0_60]
	at java.util.Iterator.forEachRemaining(Iterator.java:116) [?:1.8.0_60]
	at java.util.Spliterators$IteratorSpliterator.forEachRemaining(Spliterators.java:1801) [?:1.8.0_60]
	at java.util.stream.AbstractPipeline.copyInto(AbstractPipeline.java:481) [?:1.8.0_60]
	at java.util.stream.AbstractPipeline.wrapAndCopyInto(AbstractPipeline.java:471) [?:1.8.0_60]
	at java.util.stream.ForEachOps$ForEachOp.evaluateSequential(ForEachOps.java:151) [?:1.8.0_60]
	at java.util.stream.ForEachOps$ForEachOp$OfRef.evaluateSequential(ForEachOps.java:174) [?:1.8.0_60]
	at java.util.stream.AbstractPipeline.evaluate(AbstractPipeline.java:234) [?:1.8.0_60]
	at java.util.stream.ReferencePipeline.forEach(ReferencePipeline.java:418) [?:1.8.0_60]
	at org.apache.jorphan.reflect.ClassFinder.findClassesInOnePath(ClassFinder.java:362) [jorphan.jar:5.4]
	at org.apache.jorphan.reflect.ClassFinder.findClasses(ClassFinder.java:326) [jorphan.jar:5.4]
	at org.apache.jorphan.reflect.ClassFinder.findClassesThatExtend(ClassFinder.java:299) [jorphan.jar:5.4]
	at org.apache.jorphan.reflect.ClassFinder.findClassesThatExtend(ClassFinder.java:231) [jorphan.jar:5.4]
	at org.apache.jorphan.reflect.ClassFinder.findClassesThatExtend(ClassFinder.java:213) [jorphan.jar:5.4]
	at org.apache.jorphan.reflect.ClassFinder.findClassesThatExtend(ClassFinder.java:182) [jorphan.jar:5.4]
	at org.apache.jmeter.gui.util.JMeterMenuBar.findMenuCreators(JMeterMenuBar.java:223) [ApacheJMeter_core.jar:5.4]
	at org.apache.jmeter.gui.util.JMeterMenuBar.createMenuBar(JMeterMenuBar.java:196) [ApacheJMeter_core.jar:5.4]
	at org.apache.jmeter.gui.util.JMeterMenuBar.<init>(JMeterMenuBar.java:117) [ApacheJMeter_core.jar:5.4]
	at org.apache.jmeter.gui.MainFrame.init(MainFrame.java:514) [ApacheJMeter_core.jar:5.4]
	at org.apache.jmeter.gui.MainFrame.<init>(MainFrame.java:231) [ApacheJMeter_core.jar:5.4]
	at org.apache.jmeter.JMeter.startGui(JMeter.java:410) [ApacheJMeter_core.jar:5.4]
	at org.apache.jmeter.JMeter.start(JMeter.java:560) [ApacheJMeter_core.jar:5.4]
	at sun.reflect.NativeMethodAccessorImpl.invoke0(Native Method) ~[?:1.8.0_60]
	at sun.reflect.NativeMethodAccessorImpl.invoke(NativeMethodAccessorImpl.java:62) ~[?:1.8.0_60]
	at sun.reflect.DelegatingMethodAccessorImpl.invoke(DelegatingMethodAccessorImpl.java:43) ~[?:1.8.0_60]
	at java.lang.reflect.Method.invoke(Method.java:497) ~[?:1.8.0_60]
	at org.apache.jmeter.NewDriver.main(NewDriver.java:254) [ApacheJMeter.jar:5.4]
2021-12-05 01:10:14,718 INFO o.j.r.JARSourceHTTP: Requesting https://jmeter-plugins.org/repo/?installID=windows_10-22371f4abee87931d58a62bc1980463d-gui
2021-12-05 01:10:15,076 ERROR o.a.j.r.ClassFinder: Error filtering class okhttp3.internal.tls.BasicTrustRootIndex, it will be ignored
java.lang.IncompatibleClassChangeError: Implementing class
	at java.lang.ClassLoader.defineClass1(Native Method) ~[?:1.8.0_60]
	at java.lang.ClassLoader.defineClass(ClassLoader.java:760) ~[?:1.8.0_60]
	at java.security.SecureClassLoader.defineClass(SecureClassLoader.java:142) ~[?:1.8.0_60]
	at java.net.URLClassLoader.defineClass(URLClassLoader.java:467) ~[?:1.8.0_60]
	at java.net.URLClassLoader.access$100(URLClassLoader.java:73) ~[?:1.8.0_60]
	at java.net.URLClassLoader$1.run(URLClassLoader.java:368) ~[?:1.8.0_60]
	at java.net.URLClassLoader$1.run(URLClassLoader.java:362) ~[?:1.8.0_60]
	at java.security.AccessController.doPrivileged(Native Method) ~[?:1.8.0_60]
	at java.net.URLClassLoader.findClass(URLClassLoader.java:361) ~[?:1.8.0_60]
	at java.lang.ClassLoader.loadClass(ClassLoader.java:424) ~[?:1.8.0_60]
	at java.lang.ClassLoader.loadClass(ClassLoader.java:357) ~[?:1.8.0_60]
	at java.lang.Class.forName0(Native Method) ~[?:1.8.0_60]
	at java.lang.Class.forName(Class.java:348) ~[?:1.8.0_60]
	at org.apache.jorphan.reflect.ClassFinder$ExtendsClassFilter.isChildOf(ClassFinder.java:100) ~[jorphan.jar:5.4]
	at org.apache.jorphan.reflect.ClassFinder$ExtendsClassFilter.accept(ClassFinder.java:86) ~[jorphan.jar:5.4]
	at org.apache.jorphan.reflect.ClassFinder.applyFiltering(ClassFinder.java:404) ~[jorphan.jar:5.4]
	at org.apache.jorphan.reflect.ClassFinder.lambda$findClassesInOnePath$2(ClassFinder.java:364) ~[jorphan.jar:5.4]
	at java.util.stream.ForEachOps$ForEachOp$OfRef.accept(ForEachOps.java:184) ~[?:1.8.0_60]
	at java.util.stream.ReferencePipeline$2$1.accept(ReferencePipeline.java:175) ~[?:1.8.0_60]
	at java.util.Iterator.forEachRemaining(Iterator.java:116) ~[?:1.8.0_60]
	at java.util.Spliterators$IteratorSpliterator.forEachRemaining(Spliterators.java:1801) ~[?:1.8.0_60]
	at java.util.stream.AbstractPipeline.copyInto(AbstractPipeline.java:481) ~[?:1.8.0_60]
	at java.util.stream.AbstractPipeline.wrapAndCopyInto(AbstractPipeline.java:471) ~[?:1.8.0_60]
	at java.util.stream.ForEachOps$ForEachOp.evaluateSequential(ForEachOps.java:151) ~[?:1.8.0_60]
	at java.util.stream.ForEachOps$ForEachOp$OfRef.evaluateSequential(ForEachOps.java:174) ~[?:1.8.0_60]
	at java.util.stream.AbstractPipeline.evaluate(AbstractPipeline.java:234) ~[?:1.8.0_60]
	at java.util.stream.ReferencePipeline.forEach(ReferencePipeline.java:418) ~[?:1.8.0_60]
	at org.apache.jorphan.reflect.ClassFinder.findClassesInOnePath(ClassFinder.java:362) ~[jorphan.jar:5.4]
	at org.apache.jorphan.reflect.ClassFinder.findClasses(ClassFinder.java:326) ~[jorphan.jar:5.4]
	at org.apache.jorphan.reflect.ClassFinder.findClassesThatExtend(ClassFinder.java:299) ~[jorphan.jar:5.4]
	at org.apache.jorphan.reflect.ClassFinder.findClassesThatExtend(ClassFinder.java:231) ~[jorphan.jar:5.4]
	at org.apache.jorphan.reflect.ClassFinder.findClassesThatExtend(ClassFinder.java:213) ~[jorphan.jar:5.4]
	at org.apache.jorphan.reflect.ClassFinder.findClassesThatExtend(ClassFinder.java:182) ~[jorphan.jar:5.4]
	at org.apache.jmeter.gui.util.MenuFactory.initializeMenus(MenuFactory.java:128) ~[ApacheJMeter_core.jar:5.4]
	at org.apache.jmeter.gui.util.MenuFactory.<clinit>(MenuFactory.java:107) ~[ApacheJMeter_core.jar:5.4]
	at org.apache.jmeter.control.gui.TestPlanGui.createPopupMenu(TestPlanGui.java:94) ~[ApacheJMeter_core.jar:5.4]
	at org.apache.jmeter.gui.tree.JMeterTreeNode.createPopupMenu(JMeterTreeNode.java:184) ~[ApacheJMeter_core.jar:5.4]
	at org.apache.jmeter.gui.action.EditCommand.doAction(EditCommand.java:46) ~[ApacheJMeter_core.jar:5.4]
	at org.apache.jmeter.gui.action.ActionRouter.performAction(ActionRouter.java:87) ~[ApacheJMeter_core.jar:5.4]
	at org.apache.jmeter.gui.action.ActionRouter.lambda$actionPerformed$0(ActionRouter.java:69) ~[ApacheJMeter_core.jar:5.4]
	at java.awt.event.InvocationEvent.dispatch(InvocationEvent.java:311) ~[?:1.8.0_60]
	at java.awt.EventQueue.dispatchEventImpl(EventQueue.java:756) ~[?:1.8.0_60]
	at java.awt.EventQueue.access$500(EventQueue.java:97) ~[?:1.8.0_60]
	at java.awt.EventQueue$3.run(EventQueue.java:709) ~[?:1.8.0_60]
	at java.awt.EventQueue$3.run(EventQueue.java:703) ~[?:1.8.0_60]
	at java.security.AccessController.doPrivileged(Native Method) ~[?:1.8.0_60]
	at java.security.ProtectionDomain$JavaSecurityAccessImpl.doIntersectionPrivilege(ProtectionDomain.java:76) ~[?:1.8.0_60]
	at java.awt.EventQueue.dispatchEvent(EventQueue.java:726) ~[?:1.8.0_60]
	at java.awt.EventDispatchThread.pumpOneEventForFilters(EventDispatchThread.java:201) ~[?:1.8.0_60]
	at java.awt.EventDispatchThread.pumpEventsForFilter(EventDispatchThread.java:116) ~[?:1.8.0_60]
	at java.awt.EventDispatchThread.pumpEventsForFilter(EventDispatchThread.java:109) ~[?:1.8.0_60]
	at java.awt.WaitDispatchSupport$2.run(WaitDispatchSupport.java:184) ~[?:1.8.0_60]
	at java.awt.WaitDispatchSupport$4.run(WaitDispatchSupport.java:229) ~[?:1.8.0_60]
	at java.awt.WaitDispatchSupport$4.run(WaitDispatchSupport.java:227) ~[?:1.8.0_60]
	at java.security.AccessController.doPrivileged(Native Method) ~[?:1.8.0_60]
	at java.awt.WaitDispatchSupport.enter(WaitDispatchSupport.java:227) ~[?:1.8.0_60]
	at java.awt.Dialog.show(Dialog.java:1084) ~[?:1.8.0_60]
	at java.awt.Component.show(Component.java:1673) ~[?:1.8.0_60]
	at java.awt.Component.setVisible(Component.java:1625) ~[?:1.8.0_60]
	at java.awt.Window.setVisible(Window.java:1014) ~[?:1.8.0_60]
	at java.awt.Dialog.setVisible(Dialog.java:1005) ~[?:1.8.0_60]
	at org.apache.jmeter.SplashScreen.lambda$showScreen$0(SplashScreen.java:95) ~[ApacheJMeter_core.jar:5.4]
	at java.awt.event.InvocationEvent.dispatch(InvocationEvent.java:311) [?:1.8.0_60]
	at java.awt.EventQueue.dispatchEventImpl(EventQueue.java:756) [?:1.8.0_60]
	at java.awt.EventQueue.access$500(EventQueue.java:97) [?:1.8.0_60]
	at java.awt.EventQueue$3.run(EventQueue.java:709) [?:1.8.0_60]
	at java.awt.EventQueue$3.run(EventQueue.java:703) [?:1.8.0_60]
	at java.security.AccessController.doPrivileged(Native Method) ~[?:1.8.0_60]
	at java.security.ProtectionDomain$JavaSecurityAccessImpl.doIntersectionPrivilege(ProtectionDomain.java:76) [?:1.8.0_60]
	at java.awt.EventQueue.dispatchEvent(EventQueue.java:726) [?:1.8.0_60]
	at java.awt.EventDispatchThread.pumpOneEventForFilters(EventDispatchThread.java:201) [?:1.8.0_60]
	at java.awt.EventDispatchThread.pumpEventsForFilter(EventDispatchThread.java:116) [?:1.8.0_60]
	at java.awt.EventDispatchThread.pumpEventsForHierarchy(EventDispatchThread.java:105) [?:1.8.0_60]
	at java.awt.EventDispatchThread.pumpEvents(EventDispatchThread.java:101) [?:1.8.0_60]
	at java.awt.EventDispatchThread.pumpEvents(EventDispatchThread.java:93) [?:1.8.0_60]
	at java.awt.EventDispatchThread.run(EventDispatchThread.java:82) [?:1.8.0_60]
2021-12-05 01:10:19,579 INFO o.a.j.s.FileServer: Default base='C:\Users\affes\OneDrive\Bureau\JMX\Jmeter-telegraf-influxdb-grafana\Jmeter\JMX'
2021-12-05 01:10:19,582 INFO o.a.j.g.a.Load: Loading file: C:\Users\affes\OneDrive\Bureau\JMX\Jmeter-telegraf-influxdb-grafana\Jmeter\JMX\GoogleTest.jmx
2021-12-05 01:10:19,582 INFO o.a.j.s.FileServer: Set new base='C:\Users\affes\OneDrive\Bureau\JMX\Jmeter-telegraf-influxdb-grafana\Jmeter\JMX'
2021-12-05 01:10:19,844 INFO o.a.j.s.SaveService: Testplan (JMX) version: 2.2. Testlog (JTL) version: 2.2
2021-12-05 01:10:19,851 INFO o.a.j.s.SaveService: Using SaveService properties file encoding UTF-8
2021-12-05 01:10:19,852 INFO o.a.j.s.SaveService: Using SaveService properties version 5.0
2021-12-05 01:10:19,855 INFO o.a.j.s.SaveService: Loading file: C:\Users\affes\OneDrive\Bureau\JMX\Jmeter-telegraf-influxdb-grafana\Jmeter\JMX\GoogleTest.jmx
2021-12-05 01:10:19,986 INFO o.a.j.p.h.c.CookieManager: Settings: Delete null: true Check: true Allow variable: true Save: false Prefix: COOKIE_
2021-12-05 01:10:19,988 INFO o.a.j.p.h.c.CacheManager: Will only cache the following methods: [GET]
2021-12-05 01:10:19,997 INFO o.a.j.p.h.s.HTTPSamplerBase: Parser for text/html is org.apache.jmeter.protocol.http.parser.LagartoBasedHtmlParser
2021-12-05 01:10:19,997 INFO o.a.j.p.h.s.HTTPSamplerBase: Parser for application/xhtml+xml is org.apache.jmeter.protocol.http.parser.LagartoBasedHtmlParser
2021-12-05 01:10:19,997 INFO o.a.j.p.h.s.HTTPSamplerBase: Parser for application/xml is org.apache.jmeter.protocol.http.parser.LagartoBasedHtmlParser
2021-12-05 01:10:19,997 INFO o.a.j.p.h.s.HTTPSamplerBase: Parser for text/xml is org.apache.jmeter.protocol.http.parser.LagartoBasedHtmlParser
2021-12-05 01:10:19,997 INFO o.a.j.p.h.s.HTTPSamplerBase: Parser for text/vnd.wap.wml is org.apache.jmeter.protocol.http.parser.RegexpHTMLParser
2021-12-05 01:10:19,997 INFO o.a.j.p.h.s.HTTPSamplerBase: Parser for text/css is org.apache.jmeter.protocol.http.parser.CssParser
2021-12-05 01:10:19,999 INFO o.a.j.s.SampleResult: Note: Sample TimeStamps are START times
2021-12-05 01:10:19,999 INFO o.a.j.s.SampleResult: sampleresult.default.encoding is set to ISO-8859-1
2021-12-05 01:10:19,999 INFO o.a.j.s.SampleResult: sampleresult.useNanoTime=true
2021-12-05 01:10:19,999 INFO o.a.j.s.SampleResult: sampleresult.nanoThreadSleep=5000
2021-12-05 01:10:20,223 ERROR o.a.j.r.ClassFinder: Error filtering class okhttp3.internal.tls.BasicTrustRootIndex, it will be ignored
java.lang.IncompatibleClassChangeError: Implementing class
	at java.lang.ClassLoader.defineClass1(Native Method) ~[?:1.8.0_60]
	at java.lang.ClassLoader.defineClass(ClassLoader.java:760) ~[?:1.8.0_60]
	at java.security.SecureClassLoader.defineClass(SecureClassLoader.java:142) ~[?:1.8.0_60]
	at java.net.URLClassLoader.defineClass(URLClassLoader.java:467) ~[?:1.8.0_60]
	at java.net.URLClassLoader.access$100(URLClassLoader.java:73) ~[?:1.8.0_60]
	at java.net.URLClassLoader$1.run(URLClassLoader.java:368) ~[?:1.8.0_60]
	at java.net.URLClassLoader$1.run(URLClassLoader.java:362) ~[?:1.8.0_60]
	at java.security.AccessController.doPrivileged(Native Method) ~[?:1.8.0_60]
	at java.net.URLClassLoader.findClass(URLClassLoader.java:361) ~[?:1.8.0_60]
	at java.lang.ClassLoader.loadClass(ClassLoader.java:424) ~[?:1.8.0_60]
	at java.lang.ClassLoader.loadClass(ClassLoader.java:357) ~[?:1.8.0_60]
	at java.lang.Class.forName0(Native Method) ~[?:1.8.0_60]
	at java.lang.Class.forName(Class.java:348) ~[?:1.8.0_60]
	at org.apache.jorphan.reflect.ClassFinder$ExtendsClassFilter.isChildOf(ClassFinder.java:100) ~[jorphan.jar:5.4]
	at org.apache.jorphan.reflect.ClassFinder$ExtendsClassFilter.accept(ClassFinder.java:86) ~[jorphan.jar:5.4]
	at org.apache.jorphan.reflect.ClassFinder.applyFiltering(ClassFinder.java:404) ~[jorphan.jar:5.4]
	at org.apache.jorphan.reflect.ClassFinder.lambda$findClassesInOnePath$2(ClassFinder.java:364) ~[jorphan.jar:5.4]
	at java.util.stream.ForEachOps$ForEachOp$OfRef.accept(ForEachOps.java:184) ~[?:1.8.0_60]
	at java.util.stream.ReferencePipeline$2$1.accept(ReferencePipeline.java:175) ~[?:1.8.0_60]
	at java.util.Iterator.forEachRemaining(Iterator.java:116) ~[?:1.8.0_60]
	at java.util.Spliterators$IteratorSpliterator.forEachRemaining(Spliterators.java:1801) ~[?:1.8.0_60]
	at java.util.stream.AbstractPipeline.copyInto(AbstractPipeline.java:481) ~[?:1.8.0_60]
	at java.util.stream.AbstractPipeline.wrapAndCopyInto(AbstractPipeline.java:471) ~[?:1.8.0_60]
	at java.util.stream.ForEachOps$ForEachOp.evaluateSequential(ForEachOps.java:151) ~[?:1.8.0_60]
	at java.util.stream.ForEachOps$ForEachOp$OfRef.evaluateSequential(ForEachOps.java:174) ~[?:1.8.0_60]
	at java.util.stream.AbstractPipeline.evaluate(AbstractPipeline.java:234) ~[?:1.8.0_60]
	at java.util.stream.ReferencePipeline.forEach(ReferencePipeline.java:418) ~[?:1.8.0_60]
	at org.apache.jorphan.reflect.ClassFinder.findClassesInOnePath(ClassFinder.java:362) ~[jorphan.jar:5.4]
	at org.apache.jorphan.reflect.ClassFinder.findClasses(ClassFinder.java:326) ~[jorphan.jar:5.4]
	at org.apache.jorphan.reflect.ClassFinder.findClassesThatExtend(ClassFinder.java:299) ~[jorphan.jar:5.4]
	at org.apache.jorphan.reflect.ClassFinder.findClassesThatExtend(ClassFinder.java:231) ~[jorphan.jar:5.4]
	at org.apache.jorphan.reflect.ClassFinder.findClassesThatExtend(ClassFinder.java:213) ~[jorphan.jar:5.4]
	at org.apache.jorphan.reflect.ClassFinder.findClassesThatExtend(ClassFinder.java:182) ~[jorphan.jar:5.4]
	at org.apache.jmeter.visualizers.backend.BackendListenerGui.createClassnamePanel(BackendListenerGui.java:125) ~[ApacheJMeter_components.jar:5.4]
	at org.apache.jmeter.visualizers.backend.BackendListenerGui.init(BackendListenerGui.java:106) ~[ApacheJMeter_components.jar:5.4]
	at org.apache.jmeter.visualizers.backend.BackendListenerGui.<init>(BackendListenerGui.java:86) ~[ApacheJMeter_components.jar:5.4]
	at sun.reflect.NativeConstructorAccessorImpl.newInstance0(Native Method) ~[?:1.8.0_60]
	at sun.reflect.NativeConstructorAccessorImpl.newInstance(NativeConstructorAccessorImpl.java:62) ~[?:1.8.0_60]
	at sun.reflect.DelegatingConstructorAccessorImpl.newInstance(DelegatingConstructorAccessorImpl.java:45) ~[?:1.8.0_60]
	at java.lang.reflect.Constructor.newInstance(Constructor.java:422) ~[?:1.8.0_60]
	at org.apache.jmeter.gui.GuiPackage.getGuiFromCache(GuiPackage.java:423) ~[ApacheJMeter_core.jar:5.4]
	at org.apache.jmeter.gui.GuiPackage.getGui(GuiPackage.java:266) ~[ApacheJMeter_core.jar:5.4]
	at org.apache.jmeter.gui.GuiPackage.getGui(GuiPackage.java:237) ~[ApacheJMeter_core.jar:5.4]
	at org.apache.jmeter.gui.tree.JMeterTreeModel.addComponent(JMeterTreeModel.java:160) ~[ApacheJMeter_core.jar:5.4]
	at org.apache.jmeter.gui.tree.JMeterTreeModel.addSubTree(JMeterTreeModel.java:131) ~[ApacheJMeter_core.jar:5.4]
	at org.apache.jmeter.gui.tree.JMeterTreeModel.addSubTree(JMeterTreeModel.java:131) ~[ApacheJMeter_core.jar:5.4]
	at org.apache.jmeter.gui.tree.JMeterTreeModel.addSubTree(JMeterTreeModel.java:131) ~[ApacheJMeter_core.jar:5.4]
	at org.apache.jmeter.gui.tree.JMeterTreeModel.addSubTree(JMeterTreeModel.java:123) ~[ApacheJMeter_core.jar:5.4]
	at org.apache.jmeter.gui.GuiPackage.addSubTree(GuiPackage.java:554) ~[ApacheJMeter_core.jar:5.4]
	at org.apache.jmeter.gui.action.Load.insertLoadedTree(Load.java:199) ~[ApacheJMeter_core.jar:5.4]
	at org.apache.jmeter.gui.action.Load.loadProjectFile(Load.java:130) ~[ApacheJMeter_core.jar:5.4]
	at org.apache.jmeter.gui.action.Load.loadProjectFile(Load.java:101) ~[ApacheJMeter_core.jar:5.4]
	at org.apache.jmeter.gui.action.Load.doActionAfterCheck(Load.java:88) ~[ApacheJMeter_core.jar:5.4]
	at org.apache.jmeter.gui.action.AbstractActionWithNoRunningTest.doAction(AbstractActionWithNoRunningTest.java:44) ~[ApacheJMeter_core.jar:5.4]
	at org.apache.jmeter.gui.action.ActionRouter.performAction(ActionRouter.java:87) ~[ApacheJMeter_core.jar:5.4]
	at org.apache.jmeter.gui.action.ActionRouter.lambda$actionPerformed$0(ActionRouter.java:69) ~[ApacheJMeter_core.jar:5.4]
	at java.awt.event.InvocationEvent.dispatch(InvocationEvent.java:311) [?:1.8.0_60]
	at java.awt.EventQueue.dispatchEventImpl(EventQueue.java:756) [?:1.8.0_60]
	at java.awt.EventQueue.access$500(EventQueue.java:97) [?:1.8.0_60]
	at java.awt.EventQueue$3.run(EventQueue.java:709) [?:1.8.0_60]
	at java.awt.EventQueue$3.run(EventQueue.java:703) [?:1.8.0_60]
	at java.security.AccessController.doPrivileged(Native Method) ~[?:1.8.0_60]
	at java.security.ProtectionDomain$JavaSecurityAccessImpl.doIntersectionPrivilege(ProtectionDomain.java:76) [?:1.8.0_60]
	at java.awt.EventQueue.dispatchEvent(EventQueue.java:726) [?:1.8.0_60]
	at java.awt.EventDispatchThread.pumpOneEventForFilters(EventDispatchThread.java:201) [?:1.8.0_60]
	at java.awt.EventDispatchThread.pumpEventsForFilter(EventDispatchThread.java:116) [?:1.8.0_60]
	at java.awt.EventDispatchThread.pumpEventsForHierarchy(EventDispatchThread.java:105) [?:1.8.0_60]
	at java.awt.EventDispatchThread.pumpEvents(EventDispatchThread.java:101) [?:1.8.0_60]
	at java.awt.EventDispatchThread.pumpEvents(EventDispatchThread.java:93) [?:1.8.0_60]
	at java.awt.EventDispatchThread.run(EventDispatchThread.java:82) [?:1.8.0_60]
2021-12-05 01:10:20,294 ERROR o.a.j.r.ClassFinder: Error filtering class okhttp3.internal.tls.BasicTrustRootIndex, it will be ignored
java.lang.IncompatibleClassChangeError: Implementing class
	at java.lang.ClassLoader.defineClass1(Native Method) ~[?:1.8.0_60]
	at java.lang.ClassLoader.defineClass(ClassLoader.java:760) ~[?:1.8.0_60]
	at java.security.SecureClassLoader.defineClass(SecureClassLoader.java:142) ~[?:1.8.0_60]
	at java.net.URLClassLoader.defineClass(URLClassLoader.java:467) ~[?:1.8.0_60]
	at java.net.URLClassLoader.access$100(URLClassLoader.java:73) ~[?:1.8.0_60]
	at java.net.URLClassLoader$1.run(URLClassLoader.java:368) ~[?:1.8.0_60]
	at java.net.URLClassLoader$1.run(URLClassLoader.java:362) ~[?:1.8.0_60]
	at java.security.AccessController.doPrivileged(Native Method) ~[?:1.8.0_60]
	at java.net.URLClassLoader.findClass(URLClassLoader.java:361) ~[?:1.8.0_60]
	at java.lang.ClassLoader.loadClass(ClassLoader.java:424) ~[?:1.8.0_60]
	at java.lang.ClassLoader.loadClass(ClassLoader.java:357) ~[?:1.8.0_60]
	at java.lang.Class.forName0(Native Method) ~[?:1.8.0_60]
	at java.lang.Class.forName(Class.java:348) ~[?:1.8.0_60]
	at org.apache.jorphan.reflect.ClassFinder$ExtendsClassFilter.isChildOf(ClassFinder.java:100) ~[jorphan.jar:5.4]
	at org.apache.jorphan.reflect.ClassFinder$ExtendsClassFilter.accept(ClassFinder.java:86) ~[jorphan.jar:5.4]
	at org.apache.jorphan.reflect.ClassFinder.applyFiltering(ClassFinder.java:404) ~[jorphan.jar:5.4]
	at org.apache.jorphan.reflect.ClassFinder.lambda$findClassesInOnePath$2(ClassFinder.java:364) ~[jorphan.jar:5.4]
	at java.util.stream.ForEachOps$ForEachOp$OfRef.accept(ForEachOps.java:184) ~[?:1.8.0_60]
	at java.util.stream.ReferencePipeline$2$1.accept(ReferencePipeline.java:175) ~[?:1.8.0_60]
	at java.util.Iterator.forEachRemaining(Iterator.java:116) ~[?:1.8.0_60]
	at java.util.Spliterators$IteratorSpliterator.forEachRemaining(Spliterators.java:1801) ~[?:1.8.0_60]
	at java.util.stream.AbstractPipeline.copyInto(AbstractPipeline.java:481) ~[?:1.8.0_60]
	at java.util.stream.AbstractPipeline.wrapAndCopyInto(AbstractPipeline.java:471) ~[?:1.8.0_60]
	at java.util.stream.ForEachOps$ForEachOp.evaluateSequential(ForEachOps.java:151) ~[?:1.8.0_60]
	at java.util.stream.ForEachOps$ForEachOp$OfRef.evaluateSequential(ForEachOps.java:174) ~[?:1.8.0_60]
	at java.util.stream.AbstractPipeline.evaluate(AbstractPipeline.java:234) ~[?:1.8.0_60]
	at java.util.stream.ReferencePipeline.forEach(ReferencePipeline.java:418) ~[?:1.8.0_60]
	at org.apache.jorphan.reflect.ClassFinder.findClassesInOnePath(ClassFinder.java:362) ~[jorphan.jar:5.4]
	at org.apache.jorphan.reflect.ClassFinder.findClasses(ClassFinder.java:326) ~[jorphan.jar:5.4]
	at org.apache.jorphan.reflect.ClassFinder.findClassesThatExtend(ClassFinder.java:299) ~[jorphan.jar:5.4]
	at org.apache.jorphan.reflect.ClassFinder.findClassesThatExtend(ClassFinder.java:231) ~[jorphan.jar:5.4]
	at org.apache.jorphan.reflect.ClassFinder.findClassesThatExtend(ClassFinder.java:213) ~[jorphan.jar:5.4]
	at org.apache.jmeter.util.JMeterUtils.findClassesThatExtend(JMeterUtils.java:306) ~[ApacheJMeter_core.jar:5.4]
	at org.apache.jmeter.visualizers.ViewResultsFullVisualizer.createComboRender(ViewResultsFullVisualizer.java:450) ~[ApacheJMeter_components.jar:5.4]
	at org.apache.jmeter.visualizers.ViewResultsFullVisualizer.createLeftPanel(ViewResultsFullVisualizer.java:428) ~[ApacheJMeter_components.jar:5.4]
	at org.apache.jmeter.visualizers.ViewResultsFullVisualizer.init(ViewResultsFullVisualizer.java:339) ~[ApacheJMeter_components.jar:5.4]
	at org.apache.jmeter.visualizers.ViewResultsFullVisualizer.<init>(ViewResultsFullVisualizer.java:146) ~[ApacheJMeter_components.jar:5.4]
	at sun.reflect.NativeConstructorAccessorImpl.newInstance0(Native Method) ~[?:1.8.0_60]
	at sun.reflect.NativeConstructorAccessorImpl.newInstance(NativeConstructorAccessorImpl.java:62) ~[?:1.8.0_60]
	at sun.reflect.DelegatingConstructorAccessorImpl.newInstance(DelegatingConstructorAccessorImpl.java:45) ~[?:1.8.0_60]
	at java.lang.reflect.Constructor.newInstance(Constructor.java:422) ~[?:1.8.0_60]
	at org.apache.jmeter.gui.GuiPackage.getGuiFromCache(GuiPackage.java:423) ~[ApacheJMeter_core.jar:5.4]
	at org.apache.jmeter.gui.GuiPackage.getGui(GuiPackage.java:266) ~[ApacheJMeter_core.jar:5.4]
	at org.apache.jmeter.gui.GuiPackage.getGui(GuiPackage.java:237) ~[ApacheJMeter_core.jar:5.4]
	at org.apache.jmeter.gui.tree.JMeterTreeModel.addComponent(JMeterTreeModel.java:160) ~[ApacheJMeter_core.jar:5.4]
	at org.apache.jmeter.gui.tree.JMeterTreeModel.addSubTree(JMeterTreeModel.java:131) ~[ApacheJMeter_core.jar:5.4]
	at org.apache.jmeter.gui.tree.JMeterTreeModel.addSubTree(JMeterTreeModel.java:131) ~[ApacheJMeter_core.jar:5.4]
	at org.apache.jmeter.gui.tree.JMeterTreeModel.addSubTree(JMeterTreeModel.java:131) ~[ApacheJMeter_core.jar:5.4]
	at org.apache.jmeter.gui.tree.JMeterTreeModel.addSubTree(JMeterTreeModel.java:123) ~[ApacheJMeter_core.jar:5.4]
	at org.apache.jmeter.gui.GuiPackage.addSubTree(GuiPackage.java:554) ~[ApacheJMeter_core.jar:5.4]
	at org.apache.jmeter.gui.action.Load.insertLoadedTree(Load.java:199) ~[ApacheJMeter_core.jar:5.4]
	at org.apache.jmeter.gui.action.Load.loadProjectFile(Load.java:130) ~[ApacheJMeter_core.jar:5.4]
	at org.apache.jmeter.gui.action.Load.loadProjectFile(Load.java:101) ~[ApacheJMeter_core.jar:5.4]
	at org.apache.jmeter.gui.action.Load.doActionAfterCheck(Load.java:88) ~[ApacheJMeter_core.jar:5.4]
	at org.apache.jmeter.gui.action.AbstractActionWithNoRunningTest.doAction(AbstractActionWithNoRunningTest.java:44) ~[ApacheJMeter_core.jar:5.4]
	at org.apache.jmeter.gui.action.ActionRouter.performAction(ActionRouter.java:87) ~[ApacheJMeter_core.jar:5.4]
	at org.apache.jmeter.gui.action.ActionRouter.lambda$actionPerformed$0(ActionRouter.java:69) ~[ApacheJMeter_core.jar:5.4]
	at java.awt.event.InvocationEvent.dispatch(InvocationEvent.java:311) [?:1.8.0_60]
	at java.awt.EventQueue.dispatchEventImpl(EventQueue.java:756) [?:1.8.0_60]
	at java.awt.EventQueue.access$500(EventQueue.java:97) [?:1.8.0_60]
	at java.awt.EventQueue$3.run(EventQueue.java:709) [?:1.8.0_60]
	at java.awt.EventQueue$3.run(EventQueue.java:703) [?:1.8.0_60]
	at java.security.AccessController.doPrivileged(Native Method) ~[?:1.8.0_60]
	at java.security.ProtectionDomain$JavaSecurityAccessImpl.doIntersectionPrivilege(ProtectionDomain.java:76) [?:1.8.0_60]
	at java.awt.EventQueue.dispatchEvent(EventQueue.java:726) [?:1.8.0_60]
	at java.awt.EventDispatchThread.pumpOneEventForFilters(EventDispatchThread.java:201) [?:1.8.0_60]
	at java.awt.EventDispatchThread.pumpEventsForFilter(EventDispatchThread.java:116) [?:1.8.0_60]
	at java.awt.EventDispatchThread.pumpEventsForHierarchy(EventDispatchThread.java:105) [?:1.8.0_60]
	at java.awt.EventDispatchThread.pumpEvents(EventDispatchThread.java:101) [?:1.8.0_60]
	at java.awt.EventDispatchThread.pumpEvents(EventDispatchThread.java:93) [?:1.8.0_60]
	at java.awt.EventDispatchThread.run(EventDispatchThread.java:82) [?:1.8.0_60]
2021-12-05 01:10:20,385 ERROR o.a.j.r.ClassFinder: Error filtering class okhttp3.internal.tls.BasicTrustRootIndex, it will be ignored
java.lang.IncompatibleClassChangeError: Implementing class
	at java.lang.ClassLoader.defineClass1(Native Method) ~[?:1.8.0_60]
	at java.lang.ClassLoader.defineClass(ClassLoader.java:760) ~[?:1.8.0_60]
	at java.security.SecureClassLoader.defineClass(SecureClassLoader.java:142) ~[?:1.8.0_60]
	at java.net.URLClassLoader.defineClass(URLClassLoader.java:467) ~[?:1.8.0_60]
	at java.net.URLClassLoader.access$100(URLClassLoader.java:73) ~[?:1.8.0_60]
	at java.net.URLClassLoader$1.run(URLClassLoader.java:368) ~[?:1.8.0_60]
	at java.net.URLClassLoader$1.run(URLClassLoader.java:362) ~[?:1.8.0_60]
	at java.security.AccessController.doPrivileged(Native Method) ~[?:1.8.0_60]
	at java.net.URLClassLoader.findClass(URLClassLoader.java:361) ~[?:1.8.0_60]
	at java.lang.ClassLoader.loadClass(ClassLoader.java:424) ~[?:1.8.0_60]
	at java.lang.ClassLoader.loadClass(ClassLoader.java:357) ~[?:1.8.0_60]
	at java.lang.Class.forName0(Native Method) ~[?:1.8.0_60]
	at java.lang.Class.forName(Class.java:348) ~[?:1.8.0_60]
	at org.apache.jorphan.reflect.ClassFinder$ExtendsClassFilter.isChildOf(ClassFinder.java:100) ~[jorphan.jar:5.4]
	at org.apache.jorphan.reflect.ClassFinder$ExtendsClassFilter.accept(ClassFinder.java:86) ~[jorphan.jar:5.4]
	at org.apache.jorphan.reflect.ClassFinder.applyFiltering(ClassFinder.java:404) ~[jorphan.jar:5.4]
	at org.apache.jorphan.reflect.ClassFinder.lambda$findClassesInOnePath$2(ClassFinder.java:364) ~[jorphan.jar:5.4]
	at java.util.stream.ForEachOps$ForEachOp$OfRef.accept(ForEachOps.java:184) ~[?:1.8.0_60]
	at java.util.stream.ReferencePipeline$2$1.accept(ReferencePipeline.java:175) ~[?:1.8.0_60]
	at java.util.Iterator.forEachRemaining(Iterator.java:116) ~[?:1.8.0_60]
	at java.util.Spliterators$IteratorSpliterator.forEachRemaining(Spliterators.java:1801) ~[?:1.8.0_60]
	at java.util.stream.AbstractPipeline.copyInto(AbstractPipeline.java:481) ~[?:1.8.0_60]
	at java.util.stream.AbstractPipeline.wrapAndCopyInto(AbstractPipeline.java:471) ~[?:1.8.0_60]
	at java.util.stream.ForEachOps$ForEachOp.evaluateSequential(ForEachOps.java:151) ~[?:1.8.0_60]
	at java.util.stream.ForEachOps$ForEachOp$OfRef.evaluateSequential(ForEachOps.java:174) ~[?:1.8.0_60]
	at java.util.stream.AbstractPipeline.evaluate(AbstractPipeline.java:234) ~[?:1.8.0_60]
	at java.util.stream.ReferencePipeline.forEach(ReferencePipeline.java:418) ~[?:1.8.0_60]
	at org.apache.jorphan.reflect.ClassFinder.findClassesInOnePath(ClassFinder.java:362) ~[jorphan.jar:5.4]
	at org.apache.jorphan.reflect.ClassFinder.findClasses(ClassFinder.java:326) ~[jorphan.jar:5.4]
	at org.apache.jorphan.reflect.ClassFinder.findClassesThatExtend(ClassFinder.java:299) ~[jorphan.jar:5.4]
	at org.apache.jorphan.reflect.ClassFinder.findClassesThatExtend(ClassFinder.java:231) ~[jorphan.jar:5.4]
	at org.apache.jorphan.reflect.ClassFinder.findClassesThatExtend(ClassFinder.java:213) ~[jorphan.jar:5.4]
	at org.apache.jmeter.util.JMeterUtils.findClassesThatExtend(JMeterUtils.java:306) ~[ApacheJMeter_core.jar:5.4]
	at org.apache.jmeter.visualizers.RequestPanel.<init>(RequestPanel.java:57) ~[ApacheJMeter_components.jar:5.4]
	at org.apache.jmeter.visualizers.SamplerResultTab.init(SamplerResultTab.java:223) ~[ApacheJMeter_components.jar:5.4]
	at org.apache.jmeter.visualizers.ViewResultsFullVisualizer.init(ViewResultsFullVisualizer.java:357) ~[ApacheJMeter_components.jar:5.4]
	at org.apache.jmeter.visualizers.ViewResultsFullVisualizer.<init>(ViewResultsFullVisualizer.java:146) ~[ApacheJMeter_components.jar:5.4]
	at sun.reflect.NativeConstructorAccessorImpl.newInstance0(Native Method) ~[?:1.8.0_60]
	at sun.reflect.NativeConstructorAccessorImpl.newInstance(NativeConstructorAccessorImpl.java:62) ~[?:1.8.0_60]
	at sun.reflect.DelegatingConstructorAccessorImpl.newInstance(DelegatingConstructorAccessorImpl.java:45) ~[?:1.8.0_60]
	at java.lang.reflect.Constructor.newInstance(Constructor.java:422) ~[?:1.8.0_60]
	at org.apache.jmeter.gui.GuiPackage.getGuiFromCache(GuiPackage.java:423) ~[ApacheJMeter_core.jar:5.4]
	at org.apache.jmeter.gui.GuiPackage.getGui(GuiPackage.java:266) ~[ApacheJMeter_core.jar:5.4]
	at org.apache.jmeter.gui.GuiPackage.getGui(GuiPackage.java:237) ~[ApacheJMeter_core.jar:5.4]
	at org.apache.jmeter.gui.tree.JMeterTreeModel.addComponent(JMeterTreeModel.java:160) ~[ApacheJMeter_core.jar:5.4]
	at org.apache.jmeter.gui.tree.JMeterTreeModel.addSubTree(JMeterTreeModel.java:131) ~[ApacheJMeter_core.jar:5.4]
	at org.apache.jmeter.gui.tree.JMeterTreeModel.addSubTree(JMeterTreeModel.java:131) ~[ApacheJMeter_core.jar:5.4]
	at org.apache.jmeter.gui.tree.JMeterTreeModel.addSubTree(JMeterTreeModel.java:131) ~[ApacheJMeter_core.jar:5.4]
	at org.apache.jmeter.gui.tree.JMeterTreeModel.addSubTree(JMeterTreeModel.java:123) ~[ApacheJMeter_core.jar:5.4]
	at org.apache.jmeter.gui.GuiPackage.addSubTree(GuiPackage.java:554) ~[ApacheJMeter_core.jar:5.4]
	at org.apache.jmeter.gui.action.Load.insertLoadedTree(Load.java:199) ~[ApacheJMeter_core.jar:5.4]
	at org.apache.jmeter.gui.action.Load.loadProjectFile(Load.java:130) ~[ApacheJMeter_core.jar:5.4]
	at org.apache.jmeter.gui.action.Load.loadProjectFile(Load.java:101) ~[ApacheJMeter_core.jar:5.4]
	at org.apache.jmeter.gui.action.Load.doActionAfterCheck(Load.java:88) ~[ApacheJMeter_core.jar:5.4]
	at org.apache.jmeter.gui.action.AbstractActionWithNoRunningTest.doAction(AbstractActionWithNoRunningTest.java:44) ~[ApacheJMeter_core.jar:5.4]
	at org.apache.jmeter.gui.action.ActionRouter.performAction(ActionRouter.java:87) ~[ApacheJMeter_core.jar:5.4]
	at org.apache.jmeter.gui.action.ActionRouter.lambda$actionPerformed$0(ActionRouter.java:69) ~[ApacheJMeter_core.jar:5.4]
	at java.awt.event.InvocationEvent.dispatch(InvocationEvent.java:311) [?:1.8.0_60]
	at java.awt.EventQueue.dispatchEventImpl(EventQueue.java:756) [?:1.8.0_60]
	at java.awt.EventQueue.access$500(EventQueue.java:97) [?:1.8.0_60]
	at java.awt.EventQueue$3.run(EventQueue.java:709) [?:1.8.0_60]
	at java.awt.EventQueue$3.run(EventQueue.java:703) [?:1.8.0_60]
	at java.security.AccessController.doPrivileged(Native Method) ~[?:1.8.0_60]
	at java.security.ProtectionDomain$JavaSecurityAccessImpl.doIntersectionPrivilege(ProtectionDomain.java:76) [?:1.8.0_60]
	at java.awt.EventQueue.dispatchEvent(EventQueue.java:726) [?:1.8.0_60]
	at java.awt.EventDispatchThread.pumpOneEventForFilters(EventDispatchThread.java:201) [?:1.8.0_60]
	at java.awt.EventDispatchThread.pumpEventsForFilter(EventDispatchThread.java:116) [?:1.8.0_60]
	at java.awt.EventDispatchThread.pumpEventsForHierarchy(EventDispatchThread.java:105) [?:1.8.0_60]
	at java.awt.EventDispatchThread.pumpEvents(EventDispatchThread.java:101) [?:1.8.0_60]
	at java.awt.EventDispatchThread.pumpEvents(EventDispatchThread.java:93) [?:1.8.0_60]
	at java.awt.EventDispatchThread.run(EventDispatchThread.java:82) [?:1.8.0_60]
2021-12-05 01:10:20,431 WARN o.a.j.g.a.Load: Unexpected error. java.lang.NullPointerException
java.lang.NullPointerException: null
	at java.util.ArrayDeque.addLast(ArrayDeque.java:244) ~[?:1.8.0_60]
	at java.util.ArrayDeque.add(ArrayDeque.java:418) ~[?:1.8.0_60]
	at org.apache.jmeter.gui.action.LoadRecentProject.updateRecentFileMenuItems(LoadRecentProject.java:125) ~[ApacheJMeter_core.jar:5.4]
	at org.apache.jmeter.gui.util.JMeterMenuBar.setProjectFileLoaded(JMeterMenuBar.java:144) ~[ApacheJMeter_core.jar:5.4]
	at org.apache.jmeter.gui.MainFrame.setProjectFileLoaded(MainFrame.java:330) ~[ApacheJMeter_core.jar:5.4]
	at org.apache.jmeter.gui.GuiPackage.setTestPlanFile(GuiPackage.java:732) ~[ApacheJMeter_core.jar:5.4]
	at org.apache.jmeter.gui.action.Load.loadProjectFile(Load.java:136) ~[ApacheJMeter_core.jar:5.4]
	at org.apache.jmeter.gui.action.Load.loadProjectFile(Load.java:101) ~[ApacheJMeter_core.jar:5.4]
	at org.apache.jmeter.gui.action.Load.doActionAfterCheck(Load.java:88) ~[ApacheJMeter_core.jar:5.4]
	at org.apache.jmeter.gui.action.AbstractActionWithNoRunningTest.doAction(AbstractActionWithNoRunningTest.java:44) ~[ApacheJMeter_core.jar:5.4]
	at org.apache.jmeter.gui.action.ActionRouter.performAction(ActionRouter.java:87) ~[ApacheJMeter_core.jar:5.4]
	at org.apache.jmeter.gui.action.ActionRouter.lambda$actionPerformed$0(ActionRouter.java:69) ~[ApacheJMeter_core.jar:5.4]
	at java.awt.event.InvocationEvent.dispatch(InvocationEvent.java:311) [?:1.8.0_60]
	at java.awt.EventQueue.dispatchEventImpl(EventQueue.java:756) [?:1.8.0_60]
	at java.awt.EventQueue.access$500(EventQueue.java:97) [?:1.8.0_60]
	at java.awt.EventQueue$3.run(EventQueue.java:709) [?:1.8.0_60]
	at java.awt.EventQueue$3.run(EventQueue.java:703) [?:1.8.0_60]
	at java.security.AccessController.doPrivileged(Native Method) ~[?:1.8.0_60]
	at java.security.ProtectionDomain$JavaSecurityAccessImpl.doIntersectionPrivilege(ProtectionDomain.java:76) [?:1.8.0_60]
	at java.awt.EventQueue.dispatchEvent(EventQueue.java:726) [?:1.8.0_60]
	at java.awt.EventDispatchThread.pumpOneEventForFilters(EventDispatchThread.java:201) [?:1.8.0_60]
	at java.awt.EventDispatchThread.pumpEventsForFilter(EventDispatchThread.java:116) [?:1.8.0_60]
	at java.awt.EventDispatchThread.pumpEventsForHierarchy(EventDispatchThread.java:105) [?:1.8.0_60]
	at java.awt.EventDispatchThread.pumpEvents(EventDispatchThread.java:101) [?:1.8.0_60]
	at java.awt.EventDispatchThread.pumpEvents(EventDispatchThread.java:93) [?:1.8.0_60]
	at java.awt.EventDispatchThread.run(EventDispatchThread.java:82) [?:1.8.0_60]
2021-12-05 01:10:20,431 ERROR o.a.j.u.JMeterUtils: Unexpected error - see log for details
2021-12-05 01:10:23,866 INFO o.j.r.PluginManager: Plugins Status: [jpgc-casutg=2.9, jmeter.backendlistener.elasticsearch=2.7.0, jpgc-jmxmon=0.3, jmeter.pack-listener=1.7, jpgc-perfmon=2.1, jpgc-plugins-manager=1.6, jmeter-core=5.4, jmeter-ftp=5.4, jmeter-http=5.4, jmeter-jdbc=5.4, jmeter-jms=5.4, jmeter-junit=5.4, jmeter-java=5.4, jmeter-ldap=5.4, jmeter-mail=5.4, jmeter-mongodb=5.4, jmeter-native=5.4, jmeter-tcp=5.4, jmeter-components=5.4]
2021-12-05 01:10:23,872 INFO o.j.r.PluginManagerMenuItem: Plugins Manager has upgrades: [jpgc-casutg]
