2021-11-30 03:43:43,220 INFO o.a.j.u.JMeterUtils: Setting Locale to en_EN
2021-11-30 03:43:43,250 INFO o.a.j.JMeter: Loading user properties from: /opt/apache-jmeter-5.3/bin/user.properties
2021-11-30 03:43:43,253 INFO o.a.j.JMeter: Loading system properties from: /opt/apache-jmeter-5.3/bin/system.properties
2021-11-30 03:43:43,257 INFO o.a.j.JMeter: Setting JMeter property: jmeter.save.saveservice.subresults=false
2021-11-30 03:43:43,260 INFO o.a.j.JMeter: Copyright (c) 1998-2020 The Apache Software Foundation
2021-11-30 03:43:43,261 INFO o.a.j.JMeter: Version 5.3
2021-11-30 03:43:43,262 INFO o.a.j.JMeter: java.version=1.8.0_292
2021-11-30 03:43:43,263 INFO o.a.j.JMeter: java.vm.name=OpenJDK 64-Bit Server VM
2021-11-30 03:43:43,264 INFO o.a.j.JMeter: os.name=Linux
2021-11-30 03:43:43,279 INFO o.a.j.JMeter: os.arch=amd64
2021-11-30 03:43:43,280 INFO o.a.j.JMeter: os.version=5.10.25-linuxkit
2021-11-30 03:43:43,281 INFO o.a.j.JMeter: file.encoding=ANSI_X3.4-1968
2021-11-30 03:43:43,282 INFO o.a.j.JMeter: java.awt.headless=true
2021-11-30 03:43:43,283 INFO o.a.j.JMeter: Max memory     =2147483648
2021-11-30 03:43:43,284 INFO o.a.j.JMeter: Available Processors =4
2021-11-30 03:43:43,293 INFO o.a.j.JMeter: Default Locale=English (EN)
2021-11-30 03:43:43,294 INFO o.a.j.JMeter: JMeter  Locale=English (EN)
2021-11-30 03:43:43,296 INFO o.a.j.JMeter: JMeterHome=/opt/apache-jmeter-5.3
2021-11-30 03:43:43,297 INFO o.a.j.JMeter: user.dir  =/
2021-11-30 03:43:43,298 INFO o.a.j.JMeter: PWD       =/
2021-11-30 03:43:43,299 INFO o.a.j.JMeter: IP: 172.27.0.5 Name: jmeter FullName: jmeter
2021-11-30 03:43:43,306 INFO o.a.j.JMeter: Setting property 'jmeter.reportgenerator.outputdir' to:'/results/output/Tue_Nov_30_03:43:41_UTC_2021/dashboard'
2021-11-30 03:43:43,312 INFO o.a.j.s.FileServer: Default base='/'
2021-11-30 03:43:43,317 INFO o.a.j.s.FileServer: Set new base='/'
2021-11-30 03:43:43,553 INFO o.a.j.s.SaveService: Testplan (JMX) version: 2.2. Testlog (JTL) version: 2.2
2021-11-30 03:43:43,586 INFO o.a.j.s.SaveService: Using SaveService properties file encoding UTF-8
2021-11-30 03:43:43,596 INFO o.a.j.s.SaveService: Using SaveService properties version 5.0
2021-11-30 03:43:43,608 INFO o.a.j.s.SaveService: Loading file: /GoogleTest.jmx
2021-11-30 03:43:43,640 INFO o.a.j.p.h.c.CookieManager: Settings: Delete null: true Check: true Allow variable: true Save: false Prefix: COOKIE_
2021-11-30 03:43:43,645 INFO o.a.j.p.h.c.CacheManager: Will only cache the following methods: [GET]
2021-11-30 03:43:43,660 INFO o.a.j.p.h.s.HTTPSamplerBase: Parser for text/html is org.apache.jmeter.protocol.http.parser.LagartoBasedHtmlParser
2021-11-30 03:43:43,661 INFO o.a.j.p.h.s.HTTPSamplerBase: Parser for application/xhtml+xml is org.apache.jmeter.protocol.http.parser.LagartoBasedHtmlParser
2021-11-30 03:43:43,662 INFO o.a.j.p.h.s.HTTPSamplerBase: Parser for application/xml is org.apache.jmeter.protocol.http.parser.LagartoBasedHtmlParser
2021-11-30 03:43:43,662 INFO o.a.j.p.h.s.HTTPSamplerBase: Parser for text/xml is org.apache.jmeter.protocol.http.parser.LagartoBasedHtmlParser
2021-11-30 03:43:43,663 INFO o.a.j.p.h.s.HTTPSamplerBase: Parser for text/vnd.wap.wml is org.apache.jmeter.protocol.http.parser.RegexpHTMLParser
2021-11-30 03:43:43,664 INFO o.a.j.p.h.s.HTTPSamplerBase: Parser for text/css is org.apache.jmeter.protocol.http.parser.CssParser
2021-11-30 03:43:43,670 INFO o.a.j.s.SampleResult: Note: Sample TimeStamps are START times
2021-11-30 03:43:43,671 INFO o.a.j.s.SampleResult: sampleresult.default.encoding is set to ISO-8859-1
2021-11-30 03:43:43,672 INFO o.a.j.s.SampleResult: sampleresult.useNanoTime=true
2021-11-30 03:43:43,672 INFO o.a.j.s.SampleResult: sampleresult.nanoThreadSleep=5000
2021-11-30 03:43:43,702 INFO o.a.j.JMeter: Creating summariser <summary>
2021-11-30 03:43:43,709 INFO o.a.j.r.d.ReportGenerator: ReportGenerator will use for Parsing the separator: ','
2021-11-30 03:43:43,711 INFO o.a.j.r.d.ReportGenerator: Will generate report at end of test from  results file: /results/output/Tue_Nov_30_03:43:41_UTC_2021/GoogleTest.jtl
2021-11-30 03:43:43,712 INFO o.a.j.r.d.ReportGenerator: Reading report generator properties from: /opt/apache-jmeter-5.3/bin/reportgenerator.properties
2021-11-30 03:43:43,714 INFO o.a.j.r.d.ReportGenerator: Merging with JMeter properties
2021-11-30 03:43:43,723 INFO o.a.j.r.c.ReportGeneratorConfiguration: Property 'jmeter.reportgenerator.temp_dir' not found, using default value 'temp' instead.
2021-11-30 03:43:43,729 INFO o.a.j.r.c.ReportGeneratorConfiguration: Property 'jmeter.reportgenerator.apdex_per_transaction' not found, using default value 'null' instead.
2021-11-30 03:43:43,731 INFO o.a.j.r.c.ReportGeneratorConfiguration: apdex_per_transaction is empty, not APDEX per transaction customization
2021-11-30 03:43:43,733 INFO o.a.j.r.c.ReportGeneratorConfiguration: Property 'jmeter.reportgenerator.sample_filter' not found, using default value 'null' instead.
2021-11-30 03:43:43,734 INFO o.a.j.r.c.ReportGeneratorConfiguration: Property 'jmeter.reportgenerator.report_title' not found, using default value 'null' instead.
2021-11-30 03:43:43,736 INFO o.a.j.r.c.ReportGeneratorConfiguration: Property 'jmeter.reportgenerator.start_date' not found, using default value 'null' instead.
2021-11-30 03:43:43,736 INFO o.a.j.r.c.ReportGeneratorConfiguration: Property 'jmeter.reportgenerator.end_date' not found, using default value 'null' instead.
2021-11-30 03:43:43,737 INFO o.a.j.r.c.ReportGeneratorConfiguration: Property 'jmeter.reportgenerator.date_format' not found, using default value 'null' instead.
2021-11-30 03:43:43,738 INFO o.a.j.r.c.ReportGeneratorConfiguration: Will use date range start date: null, end date: null
2021-11-30 03:43:43,743 INFO o.a.j.r.c.ReportGeneratorConfiguration: Property 'jmeter.reportgenerator.graph.totalTPS.exclude_controllers' not found, using default value 'false' instead.
2021-11-30 03:43:43,745 INFO o.a.j.r.c.ReportGeneratorConfiguration: Property 'jmeter.reportgenerator.graph.activeThreadsOverTime.exclude_controllers' not found, using default value 'false' instead.
2021-11-30 03:43:43,746 INFO o.a.j.r.c.ReportGeneratorConfiguration: Property 'jmeter.reportgenerator.graph.timeVsThreads.exclude_controllers' not found, using default value 'false' instead.
2021-11-30 03:43:43,747 INFO o.a.j.r.c.ReportGeneratorConfiguration: Property 'jmeter.reportgenerator.graph.responseTimeDistribution.exclude_controllers' not found, using default value 'false' instead.
2021-11-30 03:43:43,748 INFO o.a.j.r.c.ReportGeneratorConfiguration: Property 'jmeter.reportgenerator.graph.transactionsPerSecond.exclude_controllers' not found, using default value 'false' instead.
2021-11-30 03:43:43,749 INFO o.a.j.r.c.ReportGeneratorConfiguration: Property 'jmeter.reportgenerator.graph.responseTimePercentiles.exclude_controllers' not found, using default value 'false' instead.
2021-11-30 03:43:43,750 INFO o.a.j.r.c.ReportGeneratorConfiguration: Property 'jmeter.reportgenerator.graph.responseTimePercentilesOverTime.exclude_controllers' not found, using default value 'false' instead.
2021-11-30 03:43:43,750 INFO o.a.j.r.c.ReportGeneratorConfiguration: Property 'jmeter.reportgenerator.graph.responseTimesOverTime.exclude_controllers' not found, using default value 'false' instead.
2021-11-30 03:43:43,751 INFO o.a.j.r.c.ReportGeneratorConfiguration: Property 'jmeter.reportgenerator.graph.connectTimeOverTime.exclude_controllers' not found, using default value 'false' instead.
2021-11-30 03:43:43,752 INFO o.a.j.r.c.ReportGeneratorConfiguration: Property 'jmeter.reportgenerator.graph.latenciesOverTime.exclude_controllers' not found, using default value 'false' instead.
2021-11-30 03:43:43,753 INFO o.a.j.r.c.ReportGeneratorConfiguration: Property 'jmeter.reportgenerator.exporter.json.filters_only_sample_series' not found, using default value 'true' instead.
2021-11-30 03:43:43,754 INFO o.a.j.r.c.ReportGeneratorConfiguration: Property 'jmeter.reportgenerator.exporter.json.series_filter' not found, using default value '' instead.
2021-11-30 03:43:43,754 INFO o.a.j.r.c.ReportGeneratorConfiguration: Property 'jmeter.reportgenerator.exporter.json.show_controllers_only' not found, using default value 'false' instead.
2021-11-30 03:43:43,755 INFO o.a.j.r.c.ReportGeneratorConfiguration: Property 'jmeter.reportgenerator.exporter.html.filters_only_sample_series' not found, using default value 'true' instead.
2021-11-30 03:43:43,756 INFO o.a.j.r.c.ReportGeneratorConfiguration: Property 'jmeter.reportgenerator.exporter.html.series_filter' not found, using default value '' instead.
2021-11-30 03:43:43,756 INFO o.a.j.r.c.ReportGeneratorConfiguration: Property 'jmeter.reportgenerator.exporter.html.show_controllers_only' not found, using default value 'false' instead.
2021-11-30 03:43:43,761 INFO o.a.j.e.StandardJMeterEngine: Running the test!
2021-11-30 03:43:43,763 INFO o.a.j.s.SampleEvent: List of sample_variables: []
2021-11-30 03:43:43,764 INFO o.a.j.s.SampleEvent: List of sample_variables: []
2021-11-30 03:43:43,769 INFO o.a.j.e.u.CompoundVariable: Note: Function class names must contain the string: '.functions.'
2021-11-30 03:43:43,769 INFO o.a.j.e.u.CompoundVariable: Note: Function class names must not contain the string: '.gui.'
2021-11-30 03:43:44,063 INFO o.a.j.v.b.BackendListener: SimpleReqListener: Starting worker with class: class org.apache.jmeter.visualizers.backend.influxdb.InfluxdbBackendListenerClient and queue capacity: 5000
2021-11-30 03:43:44,066 INFO o.a.j.v.b.BackendListener: SimpleReqListener: Started  worker with class: class org.apache.jmeter.visualizers.backend.influxdb.InfluxdbBackendListenerClient
2021-11-30 03:43:44,305 INFO o.a.j.JMeter: Running test (1638243824305)
2021-11-30 03:43:44,355 INFO o.a.j.e.StandardJMeterEngine: Starting ThreadGroup: 1 : Thread Group
2021-11-30 03:43:44,357 INFO o.a.j.e.StandardJMeterEngine: Starting 10 threads for group Thread Group.
2021-11-30 03:43:44,357 INFO o.a.j.e.StandardJMeterEngine: Thread will continue on error
2021-11-30 03:43:44,358 INFO o.a.j.t.ThreadGroup: Starting thread group... number=1 threads=10 ramp-up=30 delayedStart=false
2021-11-30 03:43:44,386 INFO o.a.j.t.ThreadGroup: Started thread group number 1
2021-11-30 03:43:44,389 INFO o.a.j.e.StandardJMeterEngine: All thread groups have been started
2021-11-30 03:43:44,431 INFO o.a.j.t.JMeterThread: Thread started: Thread Group 1-1
2021-11-30 03:43:44,436 INFO o.a.j.s.FileServer: Stored: /jmeter.csv
2021-11-30 03:43:44,463 INFO o.a.j.p.h.s.HTTPHCAbstractImpl: Local host = jmeter
2021-11-30 03:43:44,471 INFO o.a.j.p.h.s.HTTPHC4Impl: HTTP request retry count = 0
2021-11-30 03:43:44,539 INFO o.a.j.p.h.s.h.LazyLayeredConnectionSocketFactory: Setting up HTTPS TrustAll Socket Factory
2021-11-30 03:43:44,546 INFO o.a.j.u.JsseSSLManager: Using default SSL protocol: TLS
2021-11-30 03:43:44,547 INFO o.a.j.u.JsseSSLManager: SSL session context: per-thread
2021-11-30 03:43:44,623 INFO o.a.j.u.SSLManager: JmeterKeyStore Location:  type JKS
2021-11-30 03:43:44,625 INFO o.a.j.u.SSLManager: KeyStore created OK
2021-11-30 03:43:44,626 WARN o.a.j.u.SSLManager: Keystore file not found, loading empty keystore
2021-11-30 03:43:45,050 INFO o.a.j.t.JMeterThread: Thread is done: Thread Group 1-1
2021-11-30 03:43:45,052 INFO o.a.j.t.JMeterThread: Thread finished: Thread Group 1-1
2021-11-30 03:43:47,422 INFO o.a.j.t.JMeterThread: Thread started: Thread Group 1-2
2021-11-30 03:43:47,857 INFO o.a.j.t.JMeterThread: Thread is done: Thread Group 1-2
2021-11-30 03:43:47,858 INFO o.a.j.t.JMeterThread: Thread finished: Thread Group 1-2
2021-11-30 03:43:50,422 INFO o.a.j.t.JMeterThread: Thread started: Thread Group 1-3
2021-11-30 03:43:50,889 INFO o.a.j.t.JMeterThread: Thread is done: Thread Group 1-3
2021-11-30 03:43:50,890 INFO o.a.j.t.JMeterThread: Thread finished: Thread Group 1-3
2021-11-30 03:43:53,419 INFO o.a.j.t.JMeterThread: Thread started: Thread Group 1-4
2021-11-30 03:43:53,873 INFO o.a.j.t.JMeterThread: Thread is done: Thread Group 1-4
2021-11-30 03:43:53,874 INFO o.a.j.t.JMeterThread: Thread finished: Thread Group 1-4
2021-11-30 03:43:56,416 INFO o.a.j.t.JMeterThread: Thread started: Thread Group 1-5
2021-11-30 03:43:56,419 INFO o.a.j.t.JMeterThread: Stop Thread seen for thread Thread Group 1-5, reason: org.apache.jorphan.util.JMeterStopThreadException: End of file:/jmeter.csv detected for CSV DataSet:CSV Data Set Config configured with stopThread:true, recycle:false
2021-11-30 03:43:56,420 INFO o.a.j.t.JMeterThread: Thread finished: Thread Group 1-5
2021-11-30 03:43:59,416 INFO o.a.j.t.JMeterThread: Thread started: Thread Group 1-6
2021-11-30 03:43:59,420 INFO o.a.j.t.JMeterThread: Stop Thread seen for thread Thread Group 1-6, reason: org.apache.jorphan.util.JMeterStopThreadException: End of file:/jmeter.csv detected for CSV DataSet:CSV Data Set Config configured with stopThread:true, recycle:false
2021-11-30 03:43:59,421 INFO o.a.j.t.JMeterThread: Thread finished: Thread Group 1-6
2021-11-30 03:44:02,414 INFO o.a.j.t.JMeterThread: Thread started: Thread Group 1-7
2021-11-30 03:44:02,417 INFO o.a.j.t.JMeterThread: Stop Thread seen for thread Thread Group 1-7, reason: org.apache.jorphan.util.JMeterStopThreadException: End of file:/jmeter.csv detected for CSV DataSet:CSV Data Set Config configured with stopThread:true, recycle:false
2021-11-30 03:44:02,418 INFO o.a.j.t.JMeterThread: Thread finished: Thread Group 1-7
2021-11-30 03:44:05,413 INFO o.a.j.t.JMeterThread: Thread started: Thread Group 1-8
2021-11-30 03:44:05,415 INFO o.a.j.t.JMeterThread: Stop Thread seen for thread Thread Group 1-8, reason: org.apache.jorphan.util.JMeterStopThreadException: End of file:/jmeter.csv detected for CSV DataSet:CSV Data Set Config configured with stopThread:true, recycle:false
2021-11-30 03:44:05,416 INFO o.a.j.t.JMeterThread: Thread finished: Thread Group 1-8
2021-11-30 03:44:08,413 INFO o.a.j.t.JMeterThread: Thread started: Thread Group 1-9
2021-11-30 03:44:08,416 INFO o.a.j.t.JMeterThread: Stop Thread seen for thread Thread Group 1-9, reason: org.apache.jorphan.util.JMeterStopThreadException: End of file:/jmeter.csv detected for CSV DataSet:CSV Data Set Config configured with stopThread:true, recycle:false
2021-11-30 03:44:08,417 INFO o.a.j.t.JMeterThread: Thread finished: Thread Group 1-9
2021-11-30 03:44:11,409 INFO o.a.j.t.JMeterThread: Thread started: Thread Group 1-10
2021-11-30 03:44:11,414 INFO o.a.j.t.JMeterThread: Stop Thread seen for thread Thread Group 1-10, reason: org.apache.jorphan.util.JMeterStopThreadException: End of file:/jmeter.csv detected for CSV DataSet:CSV Data Set Config configured with stopThread:true, recycle:false
2021-11-30 03:44:11,417 INFO o.a.j.t.JMeterThread: Thread finished: Thread Group 1-10
2021-11-30 03:44:11,421 INFO o.a.j.e.StandardJMeterEngine: Notifying test listeners of end of test
2021-11-30 03:44:11,425 INFO o.a.j.s.FileServer: Close: /jmeter.csv
2021-11-30 03:44:11,428 INFO o.a.j.v.b.BackendListener: Worker ended
2021-11-30 03:44:11,431 INFO o.a.j.v.b.i.InfluxdbBackendListenerClient: Sending last metrics
2021-11-30 03:44:11,434 INFO o.a.j.v.b.i.HttpMetricsSender: Destroying 
2021-11-30 03:44:11,451 INFO o.a.j.r.Summariser: summary =      4 in 00:00:27 =    0.1/s Avg:   461 Min:   422 Max:   521 Err:     0 (0.00%)
2021-11-30 03:44:11,451 INFO o.a.j.JMeter: Generating Dashboard
2021-11-30 03:44:11,452 INFO o.a.j.r.d.ReportGenerator: Flushing result collector before report Generation
2021-11-30 03:44:11,469 INFO o.a.j.r.p.NormalizerSampleConsumer: Using format, 'ms', to parse timeStamp field
2021-11-30 03:44:11,510 INFO o.a.j.r.p.AbstractSampleConsumer: class org.apache.jmeter.report.processor.AggregateConsumer#stopProducing(): beginDate produced 0 samples
2021-11-30 03:44:11,511 INFO o.a.j.r.p.AbstractSampleConsumer: class org.apache.jmeter.report.processor.AggregateConsumer#stopProducing(): endDate produced 0 samples
2021-11-30 03:44:11,513 INFO o.a.j.r.p.AbstractSampleConsumer: class org.apache.jmeter.report.processor.ApdexSummaryConsumer#stopProducing(): apdexSummary produced 0 samples
2021-11-30 03:44:11,514 INFO o.a.j.r.p.AbstractSampleConsumer: class org.apache.jmeter.report.processor.RequestsSummaryConsumer#stopProducing(): requestsSummary produced 0 samples
2021-11-30 03:44:11,515 INFO o.a.j.r.p.AbstractSampleConsumer: class org.apache.jmeter.report.processor.StatisticsSummaryConsumer#stopProducing(): statisticsSummary produced 0 samples
2021-11-30 03:44:11,519 INFO o.a.j.r.p.AbstractSampleConsumer: class org.apache.jmeter.report.processor.Top5ErrorsBySamplerConsumer#stopProducing(): top5ErrorsBySampler produced 0 samples
2021-11-30 03:44:11,520 INFO o.a.j.r.p.AbstractSampleConsumer: class org.apache.jmeter.report.processor.ErrorsSummaryConsumer#stopProducing(): errorsSummary produced 0 samples
2021-11-30 03:44:11,520 INFO o.a.j.r.p.AbstractSampleConsumer: class org.apache.jmeter.report.processor.graph.impl.HitsPerSecondGraphConsumer#stopProducing(): hitsPerSecond produced 0 samples
2021-11-30 03:44:11,527 INFO o.a.j.r.p.AbstractSampleConsumer: class org.apache.jmeter.report.processor.graph.impl.LatencyVSRequestGraphConsumer#stopProducing(): latencyVsRequest produced 0 samples
2021-11-30 03:44:11,528 INFO o.a.j.r.p.AbstractSampleConsumer: class org.apache.jmeter.report.processor.graph.impl.SyntheticResponseTimeDistributionGraphConsumer#stopProducing(): syntheticResponseTimeDistribution produced 0 samples
2021-11-30 03:44:11,529 INFO o.a.j.r.p.AbstractSampleConsumer: class org.apache.jmeter.report.processor.graph.impl.BytesThroughputGraphConsumer#stopProducing(): bytesThroughputOverTime produced 0 samples
2021-11-30 03:44:11,530 INFO o.a.j.r.p.AbstractSampleConsumer: class org.apache.jmeter.report.processor.graph.impl.CodesPerSecondGraphConsumer#stopProducing(): codesPerSecond produced 0 samples
2021-11-30 03:44:11,532 INFO o.a.j.r.p.AbstractSampleConsumer: class org.apache.jmeter.report.processor.graph.impl.ResponseTimeVSRequestGraphConsumer#stopProducing(): responseTimeVsRequest produced 0 samples
2021-11-30 03:44:11,532 INFO o.a.j.r.p.AbstractSampleConsumer: class org.apache.jmeter.report.processor.FilterConsumer#stopProducing(): startIntervalControlerFilter produced 28 samples
2021-11-30 03:44:11,533 INFO o.a.j.r.p.AbstractSampleConsumer: class org.apache.jmeter.report.processor.graph.impl.TotalTPSGraphConsumer#stopProducing(): totalTPS produced 0 samples
2021-11-30 03:44:11,533 INFO o.a.j.r.p.AbstractSampleConsumer: class org.apache.jmeter.report.processor.graph.impl.ActiveThreadsGraphConsumer#stopProducing(): activeThreadsOverTime produced 0 samples
2021-11-30 03:44:11,534 INFO o.a.j.r.p.AbstractSampleConsumer: class org.apache.jmeter.report.processor.graph.impl.TimeVSThreadGraphConsumer#stopProducing(): timeVsThreads produced 0 samples
2021-11-30 03:44:11,535 INFO o.a.j.r.p.AbstractSampleConsumer: class org.apache.jmeter.report.processor.graph.impl.ResponseTimeDistributionGraphConsumer#stopProducing(): responseTimeDistribution produced 0 samples
2021-11-30 03:44:11,535 INFO o.a.j.r.p.AbstractSampleConsumer: class org.apache.jmeter.report.processor.graph.impl.TransactionsPerSecondGraphConsumer#stopProducing(): transactionsPerSecond produced 0 samples
2021-11-30 03:44:11,536 INFO o.a.j.r.p.AbstractSampleConsumer: class org.apache.jmeter.report.processor.graph.impl.ResponseTimePercentilesGraphConsumer#stopProducing(): responseTimePercentiles produced 0 samples
2021-11-30 03:44:11,537 INFO o.a.j.r.p.AbstractSampleConsumer: class org.apache.jmeter.report.processor.graph.impl.ResponseTimePercentilesOverTimeGraphConsumer#stopProducing(): responseTimePercentilesOverTime produced 0 samples
2021-11-30 03:44:11,538 INFO o.a.j.r.p.AbstractSampleConsumer: class org.apache.jmeter.report.processor.graph.impl.ResponseTimeOverTimeGraphConsumer#stopProducing(): responseTimesOverTime produced 0 samples
2021-11-30 03:44:11,539 INFO o.a.j.r.p.AbstractSampleConsumer: class org.apache.jmeter.report.processor.graph.impl.ConnectTimeOverTimeGraphConsumer#stopProducing(): connectTimeOverTime produced 0 samples
2021-11-30 03:44:11,539 INFO o.a.j.r.p.AbstractSampleConsumer: class org.apache.jmeter.report.processor.graph.impl.LatencyOverTimeGraphConsumer#stopProducing(): latenciesOverTime produced 0 samples
2021-11-30 03:44:11,540 INFO o.a.j.r.p.AbstractSampleConsumer: class org.apache.jmeter.report.processor.FilterConsumer#stopProducing(): nameFilter produced 60 samples
2021-11-30 03:44:11,540 INFO o.a.j.r.p.AbstractSampleConsumer: class org.apache.jmeter.report.processor.FilterConsumer#stopProducing(): dateRangeFilter produced 12 samples
2021-11-30 03:44:11,541 INFO o.a.j.r.p.AbstractSampleConsumer: class org.apache.jmeter.report.processor.NormalizerSampleConsumer#stopProducing(): normalizer produced 4 samples
2021-11-30 03:44:11,542 INFO o.a.j.r.p.CsvFileSampleSource: produce(): 4 samples produced in 48ms on channel 0
2021-11-30 03:44:11,542 INFO o.a.j.r.d.ReportGenerator: Exporting data using exporter:'json' of className:'org.apache.jmeter.report.dashboard.JsonExporter'
2021-11-30 03:44:11,544 INFO o.a.j.r.d.JsonExporter: Found data for consumer statisticsSummary?in context
2021-11-30 03:44:11,545 INFO o.a.j.r.d.JsonExporter: Creating statistics for overall
2021-11-30 03:44:11,546 INFO o.a.j.r.d.JsonExporter: Creating statistics for other transactions
2021-11-30 03:44:11,547 INFO o.a.j.r.d.JsonExporter: Checking output folder
2021-11-30 03:44:11,552 INFO o.a.j.r.d.JsonExporter: Writing statistics JSON to /results/output/Tue_Nov_30_03:43:41_UTC_2021/dashboard/statistics.json
2021-11-30 03:44:11,684 INFO o.a.j.r.d.ReportGenerator: Exporting data using exporter:'html' of className:'org.apache.jmeter.report.dashboard.HtmlTemplateExporter'
2021-11-30 03:44:11,692 INFO o.a.j.r.d.HtmlTemplateExporter: Will generate dashboard in folder: /results/output/Tue_Nov_30_03:43:41_UTC_2021/dashboard
2021-11-30 03:44:11,771 ERROR f.configuration: DefaultObjectWrapper.incompatibleImprovements was set to the object returned by Configuration.getVersion(). That defeats the purpose of incompatibleImprovements, and makes upgrading FreeMarker a potentially breaking change. Also, this probably won't be allowed starting from 2.4.0. Instead, set incompatibleImprovements to the highest concrete version that's known to be compatible with your application.
2021-11-30 03:44:11,774 ERROR f.configuration: Configuration.incompatibleImprovements was set to the object returned by Configuration.getVersion(). That defeats the purpose of incompatibleImprovements, and makes upgrading FreeMarker a potentially breaking change. Also, this probably won't be allowed starting from 2.4.0. Instead, set incompatibleImprovements to the highest concrete version that's known to be compatible with your application.
2021-11-30 03:44:11,782 INFO o.a.j.r.d.HtmlTemplateExporter: Report will be generated in: /results/output/Tue_Nov_30_03:43:41_UTC_2021/dashboard, creating folder structure
2021-11-30 03:44:11,787 INFO o.a.j.r.d.TemplateVisitor: Copying folder from '/opt/apache-jmeter-5.3/bin/report-template' to '/results/output/Tue_Nov_30_03:43:41_UTC_2021/dashboard', got message: /results/output/Tue_Nov_30_03:43:41_UTC_2021/dashboard, found non empty folder with following content [/results/output/Tue_Nov_30_03:43:41_UTC_2021/dashboard/statistics.json], will be ignored
2021-11-30 03:44:12,724 INFO o.a.j.JMeter: Dashboard generated
