2021-11-30 03:31:36,099 INFO o.a.j.u.JMeterUtils: Setting Locale to en_EN
2021-11-30 03:31:36,111 INFO o.a.j.JMeter: Loading user properties from: /opt/apache-jmeter-5.3/bin/user.properties
2021-11-30 03:31:36,112 INFO o.a.j.JMeter: Loading system properties from: /opt/apache-jmeter-5.3/bin/system.properties
2021-11-30 03:31:36,113 INFO o.a.j.JMeter: Setting JMeter property: jmeter.save.saveservice.subresults=false
2021-11-30 03:31:36,115 INFO o.a.j.JMeter: Copyright (c) 1998-2020 The Apache Software Foundation
2021-11-30 03:31:36,116 INFO o.a.j.JMeter: Version 5.3
2021-11-30 03:31:36,116 INFO o.a.j.JMeter: java.version=1.8.0_292
2021-11-30 03:31:36,117 INFO o.a.j.JMeter: java.vm.name=OpenJDK 64-Bit Server VM
2021-11-30 03:31:36,118 INFO o.a.j.JMeter: os.name=Linux
2021-11-30 03:31:36,119 INFO o.a.j.JMeter: os.arch=amd64
2021-11-30 03:31:36,119 INFO o.a.j.JMeter: os.version=5.10.25-linuxkit
2021-11-30 03:31:36,120 INFO o.a.j.JMeter: file.encoding=ANSI_X3.4-1968
2021-11-30 03:31:36,120 INFO o.a.j.JMeter: java.awt.headless=true
2021-11-30 03:31:36,121 INFO o.a.j.JMeter: Max memory     =2147483648
2021-11-30 03:31:36,121 INFO o.a.j.JMeter: Available Processors =4
2021-11-30 03:31:36,126 INFO o.a.j.JMeter: Default Locale=English (EN)
2021-11-30 03:31:36,126 INFO o.a.j.JMeter: JMeter  Locale=English (EN)
2021-11-30 03:31:36,127 INFO o.a.j.JMeter: JMeterHome=/opt/apache-jmeter-5.3
2021-11-30 03:31:36,127 INFO o.a.j.JMeter: user.dir  =/
2021-11-30 03:31:36,128 INFO o.a.j.JMeter: PWD       =/
2021-11-30 03:31:36,129 INFO o.a.j.JMeter: IP: 172.25.0.5 Name: 7ae489af887a FullName: 7ae489af887a
2021-11-30 03:31:36,132 INFO o.a.j.JMeter: Setting property 'jmeter.reportgenerator.outputdir' to:'/results/output/Tue_Nov_30_03:31:35_UTC_2021/dashboard'
2021-11-30 03:31:36,135 INFO o.a.j.s.FileServer: Default base='/'
2021-11-30 03:31:36,138 INFO o.a.j.s.FileServer: Set new base='/'
2021-11-30 03:31:36,246 INFO o.a.j.s.SaveService: Testplan (JMX) version: 2.2. Testlog (JTL) version: 2.2
2021-11-30 03:31:36,262 INFO o.a.j.s.SaveService: Using SaveService properties file encoding UTF-8
2021-11-30 03:31:36,266 INFO o.a.j.s.SaveService: Using SaveService properties version 5.0
2021-11-30 03:31:36,272 INFO o.a.j.s.SaveService: Loading file: /GoogleTest.jmx
2021-11-30 03:31:36,297 INFO o.a.j.p.h.c.CookieManager: Settings: Delete null: true Check: true Allow variable: true Save: false Prefix: COOKIE_
2021-11-30 03:31:36,301 INFO o.a.j.p.h.c.CacheManager: Will only cache the following methods: [GET]
2021-11-30 03:31:36,315 INFO o.a.j.p.h.s.HTTPSamplerBase: Parser for text/html is org.apache.jmeter.protocol.http.parser.LagartoBasedHtmlParser
2021-11-30 03:31:36,315 INFO o.a.j.p.h.s.HTTPSamplerBase: Parser for application/xhtml+xml is org.apache.jmeter.protocol.http.parser.LagartoBasedHtmlParser
2021-11-30 03:31:36,316 INFO o.a.j.p.h.s.HTTPSamplerBase: Parser for application/xml is org.apache.jmeter.protocol.http.parser.LagartoBasedHtmlParser
2021-11-30 03:31:36,317 INFO o.a.j.p.h.s.HTTPSamplerBase: Parser for text/xml is org.apache.jmeter.protocol.http.parser.LagartoBasedHtmlParser
2021-11-30 03:31:36,317 INFO o.a.j.p.h.s.HTTPSamplerBase: Parser for text/vnd.wap.wml is org.apache.jmeter.protocol.http.parser.RegexpHTMLParser
2021-11-30 03:31:36,318 INFO o.a.j.p.h.s.HTTPSamplerBase: Parser for text/css is org.apache.jmeter.protocol.http.parser.CssParser
2021-11-30 03:31:36,322 INFO o.a.j.s.SampleResult: Note: Sample TimeStamps are START times
2021-11-30 03:31:36,323 INFO o.a.j.s.SampleResult: sampleresult.default.encoding is set to ISO-8859-1
2021-11-30 03:31:36,324 INFO o.a.j.s.SampleResult: sampleresult.useNanoTime=true
2021-11-30 03:31:36,324 INFO o.a.j.s.SampleResult: sampleresult.nanoThreadSleep=5000
2021-11-30 03:31:36,348 INFO o.a.j.JMeter: Creating summariser <summary>
2021-11-30 03:31:36,356 INFO o.a.j.r.d.ReportGenerator: ReportGenerator will use for Parsing the separator: ','
2021-11-30 03:31:36,357 INFO o.a.j.r.d.ReportGenerator: Will generate report at end of test from  results file: /results/output/Tue_Nov_30_03:31:35_UTC_2021/GoogleTest.jtl
2021-11-30 03:31:36,358 INFO o.a.j.r.d.ReportGenerator: Reading report generator properties from: /opt/apache-jmeter-5.3/bin/reportgenerator.properties
2021-11-30 03:31:36,360 INFO o.a.j.r.d.ReportGenerator: Merging with JMeter properties
2021-11-30 03:31:36,367 INFO o.a.j.r.c.ReportGeneratorConfiguration: Property 'jmeter.reportgenerator.temp_dir' not found, using default value 'temp' instead.
2021-11-30 03:31:36,371 INFO o.a.j.r.c.ReportGeneratorConfiguration: Property 'jmeter.reportgenerator.apdex_per_transaction' not found, using default value 'null' instead.
2021-11-30 03:31:36,372 INFO o.a.j.r.c.ReportGeneratorConfiguration: apdex_per_transaction is empty, not APDEX per transaction customization
2021-11-30 03:31:36,374 INFO o.a.j.r.c.ReportGeneratorConfiguration: Property 'jmeter.reportgenerator.sample_filter' not found, using default value 'null' instead.
2021-11-30 03:31:36,374 INFO o.a.j.r.c.ReportGeneratorConfiguration: Property 'jmeter.reportgenerator.report_title' not found, using default value 'null' instead.
2021-11-30 03:31:36,375 INFO o.a.j.r.c.ReportGeneratorConfiguration: Property 'jmeter.reportgenerator.start_date' not found, using default value 'null' instead.
2021-11-30 03:31:36,376 INFO o.a.j.r.c.ReportGeneratorConfiguration: Property 'jmeter.reportgenerator.end_date' not found, using default value 'null' instead.
2021-11-30 03:31:36,377 INFO o.a.j.r.c.ReportGeneratorConfiguration: Property 'jmeter.reportgenerator.date_format' not found, using default value 'null' instead.
2021-11-30 03:31:36,378 INFO o.a.j.r.c.ReportGeneratorConfiguration: Will use date range start date: null, end date: null
2021-11-30 03:31:36,381 INFO o.a.j.r.c.ReportGeneratorConfiguration: Property 'jmeter.reportgenerator.graph.totalTPS.exclude_controllers' not found, using default value 'false' instead.
2021-11-30 03:31:36,382 INFO o.a.j.r.c.ReportGeneratorConfiguration: Property 'jmeter.reportgenerator.graph.activeThreadsOverTime.exclude_controllers' not found, using default value 'false' instead.
2021-11-30 03:31:36,383 INFO o.a.j.r.c.ReportGeneratorConfiguration: Property 'jmeter.reportgenerator.graph.timeVsThreads.exclude_controllers' not found, using default value 'false' instead.
2021-11-30 03:31:36,383 INFO o.a.j.r.c.ReportGeneratorConfiguration: Property 'jmeter.reportgenerator.graph.responseTimeDistribution.exclude_controllers' not found, using default value 'false' instead.
2021-11-30 03:31:36,384 INFO o.a.j.r.c.ReportGeneratorConfiguration: Property 'jmeter.reportgenerator.graph.transactionsPerSecond.exclude_controllers' not found, using default value 'false' instead.
2021-11-30 03:31:36,385 INFO o.a.j.r.c.ReportGeneratorConfiguration: Property 'jmeter.reportgenerator.graph.responseTimePercentiles.exclude_controllers' not found, using default value 'false' instead.
2021-11-30 03:31:36,386 INFO o.a.j.r.c.ReportGeneratorConfiguration: Property 'jmeter.reportgenerator.graph.responseTimePercentilesOverTime.exclude_controllers' not found, using default value 'false' instead.
2021-11-30 03:31:36,387 INFO o.a.j.r.c.ReportGeneratorConfiguration: Property 'jmeter.reportgenerator.graph.responseTimesOverTime.exclude_controllers' not found, using default value 'false' instead.
2021-11-30 03:31:36,388 INFO o.a.j.r.c.ReportGeneratorConfiguration: Property 'jmeter.reportgenerator.graph.connectTimeOverTime.exclude_controllers' not found, using default value 'false' instead.
2021-11-30 03:31:36,389 INFO o.a.j.r.c.ReportGeneratorConfiguration: Property 'jmeter.reportgenerator.graph.latenciesOverTime.exclude_controllers' not found, using default value 'false' instead.
2021-11-30 03:31:36,392 INFO o.a.j.r.c.ReportGeneratorConfiguration: Property 'jmeter.reportgenerator.exporter.json.filters_only_sample_series' not found, using default value 'true' instead.
2021-11-30 03:31:36,393 INFO o.a.j.r.c.ReportGeneratorConfiguration: Property 'jmeter.reportgenerator.exporter.json.series_filter' not found, using default value '' instead.
2021-11-30 03:31:36,393 INFO o.a.j.r.c.ReportGeneratorConfiguration: Property 'jmeter.reportgenerator.exporter.json.show_controllers_only' not found, using default value 'false' instead.
2021-11-30 03:31:36,394 INFO o.a.j.r.c.ReportGeneratorConfiguration: Property 'jmeter.reportgenerator.exporter.html.filters_only_sample_series' not found, using default value 'true' instead.
2021-11-30 03:31:36,395 INFO o.a.j.r.c.ReportGeneratorConfiguration: Property 'jmeter.reportgenerator.exporter.html.series_filter' not found, using default value '' instead.
2021-11-30 03:31:36,396 INFO o.a.j.r.c.ReportGeneratorConfiguration: Property 'jmeter.reportgenerator.exporter.html.show_controllers_only' not found, using default value 'false' instead.
2021-11-30 03:31:36,401 INFO o.a.j.e.StandardJMeterEngine: Running the test!
2021-11-30 03:31:36,404 INFO o.a.j.s.SampleEvent: List of sample_variables: []
2021-11-30 03:31:36,405 INFO o.a.j.s.SampleEvent: List of sample_variables: []
2021-11-30 03:31:36,412 INFO o.a.j.e.u.CompoundVariable: Note: Function class names must contain the string: '.functions.'
2021-11-30 03:31:36,414 INFO o.a.j.e.u.CompoundVariable: Note: Function class names must not contain the string: '.gui.'
2021-11-30 03:31:36,708 INFO o.a.j.v.b.BackendListener: SimpleReqListener: Starting worker with class: class org.apache.jmeter.visualizers.backend.influxdb.InfluxdbBackendListenerClient and queue capacity: 5000
2021-11-30 03:31:36,710 INFO o.a.j.v.b.BackendListener: SimpleReqListener: Started  worker with class: class org.apache.jmeter.visualizers.backend.influxdb.InfluxdbBackendListenerClient
2021-11-30 03:31:36,873 INFO o.a.j.JMeter: Running test (1638243096872)
2021-11-30 03:31:36,915 INFO o.a.j.e.StandardJMeterEngine: Starting ThreadGroup: 1 : Thread Group
2021-11-30 03:31:36,916 INFO o.a.j.e.StandardJMeterEngine: Starting 10 threads for group Thread Group.
2021-11-30 03:31:36,917 INFO o.a.j.e.StandardJMeterEngine: Thread will continue on error
2021-11-30 03:31:36,918 INFO o.a.j.t.ThreadGroup: Starting thread group... number=1 threads=10 ramp-up=30 delayedStart=false
2021-11-30 03:31:36,956 INFO o.a.j.t.ThreadGroup: Started thread group number 1
2021-11-30 03:31:36,957 INFO o.a.j.e.StandardJMeterEngine: All thread groups have been started
2021-11-30 03:31:36,977 INFO o.a.j.t.JMeterThread: Thread started: Thread Group 1-1
2021-11-30 03:31:36,982 INFO o.a.j.s.FileServer: Stored: /7ae489af887a.csv
2021-11-30 03:31:36,983 ERROR o.a.j.t.JMeterThread: Test failed!
java.lang.IllegalArgumentException: Could not read file header line for file /7ae489af887a.csv
	at org.apache.jmeter.services.FileServer.reserveFile(FileServer.java:283) ~[ApacheJMeter_core.jar:5.3]
	at org.apache.jmeter.config.CSVDataSet.iterationStart(CSVDataSet.java:190) ~[ApacheJMeter_components.jar:5.3]
	at org.apache.jmeter.control.GenericController.fireIterationStart(GenericController.java:398) ~[ApacheJMeter_core.jar:5.3]
	at org.apache.jmeter.control.GenericController.fireIterEvents(GenericController.java:390) ~[ApacheJMeter_core.jar:5.3]
	at org.apache.jmeter.control.GenericController.next(GenericController.java:159) ~[ApacheJMeter_core.jar:5.3]
	at org.apache.jmeter.control.LoopController.next(LoopController.java:134) ~[ApacheJMeter_core.jar:5.3]
	at org.apache.jmeter.threads.AbstractThreadGroup.next(AbstractThreadGroup.java:91) ~[ApacheJMeter_core.jar:5.3]
	at org.apache.jmeter.threads.JMeterThread.run(JMeterThread.java:254) [ApacheJMeter_core.jar:5.3]
	at java.lang.Thread.run(Thread.java:748) [?:1.8.0_292]
Caused by: java.lang.IllegalArgumentException: File 7ae489af887a.csv must exist and be readable
	at org.apache.jmeter.services.FileServer.createBufferedReader(FileServer.java:424) ~[ApacheJMeter_core.jar:5.3]
	at org.apache.jmeter.services.FileServer.readLine(FileServer.java:340) ~[ApacheJMeter_core.jar:5.3]
	at org.apache.jmeter.services.FileServer.readLine(FileServer.java:324) ~[ApacheJMeter_core.jar:5.3]
	at org.apache.jmeter.services.FileServer.reserveFile(FileServer.java:272) ~[ApacheJMeter_core.jar:5.3]
	... 8 more
2021-11-30 03:31:36,990 INFO o.a.j.t.JMeterThread: Thread finished: Thread Group 1-1
2021-11-30 03:31:39,971 INFO o.a.j.t.JMeterThread: Thread started: Thread Group 1-2
2021-11-30 03:31:39,973 ERROR o.a.j.t.JMeterThread: Test failed!
java.lang.IllegalArgumentException: Could not read file header line for file /7ae489af887a.csv
	at org.apache.jmeter.services.FileServer.reserveFile(FileServer.java:283) ~[ApacheJMeter_core.jar:5.3]
	at org.apache.jmeter.config.CSVDataSet.iterationStart(CSVDataSet.java:190) ~[ApacheJMeter_components.jar:5.3]
	at org.apache.jmeter.control.GenericController.fireIterationStart(GenericController.java:398) ~[ApacheJMeter_core.jar:5.3]
	at org.apache.jmeter.control.GenericController.fireIterEvents(GenericController.java:390) ~[ApacheJMeter_core.jar:5.3]
	at org.apache.jmeter.control.GenericController.next(GenericController.java:159) ~[ApacheJMeter_core.jar:5.3]
	at org.apache.jmeter.control.LoopController.next(LoopController.java:134) ~[ApacheJMeter_core.jar:5.3]
	at org.apache.jmeter.threads.AbstractThreadGroup.next(AbstractThreadGroup.java:91) ~[ApacheJMeter_core.jar:5.3]
	at org.apache.jmeter.threads.JMeterThread.run(JMeterThread.java:254) [ApacheJMeter_core.jar:5.3]
	at java.lang.Thread.run(Thread.java:748) [?:1.8.0_292]
Caused by: java.lang.IllegalArgumentException: File 7ae489af887a.csv must exist and be readable
	at org.apache.jmeter.services.FileServer.createBufferedReader(FileServer.java:424) ~[ApacheJMeter_core.jar:5.3]
	at org.apache.jmeter.services.FileServer.readLine(FileServer.java:340) ~[ApacheJMeter_core.jar:5.3]
	at org.apache.jmeter.services.FileServer.readLine(FileServer.java:324) ~[ApacheJMeter_core.jar:5.3]
	at org.apache.jmeter.services.FileServer.reserveFile(FileServer.java:272) ~[ApacheJMeter_core.jar:5.3]
	... 8 more
2021-11-30 03:31:39,973 INFO o.a.j.t.JMeterThread: Thread finished: Thread Group 1-2
2021-11-30 03:31:42,973 INFO o.a.j.t.JMeterThread: Thread started: Thread Group 1-3
2021-11-30 03:31:42,976 ERROR o.a.j.t.JMeterThread: Test failed!
java.lang.IllegalArgumentException: Could not read file header line for file /7ae489af887a.csv
	at org.apache.jmeter.services.FileServer.reserveFile(FileServer.java:283) ~[ApacheJMeter_core.jar:5.3]
	at org.apache.jmeter.config.CSVDataSet.iterationStart(CSVDataSet.java:190) ~[ApacheJMeter_components.jar:5.3]
	at org.apache.jmeter.control.GenericController.fireIterationStart(GenericController.java:398) ~[ApacheJMeter_core.jar:5.3]
	at org.apache.jmeter.control.GenericController.fireIterEvents(GenericController.java:390) ~[ApacheJMeter_core.jar:5.3]
	at org.apache.jmeter.control.GenericController.next(GenericController.java:159) ~[ApacheJMeter_core.jar:5.3]
	at org.apache.jmeter.control.LoopController.next(LoopController.java:134) ~[ApacheJMeter_core.jar:5.3]
	at org.apache.jmeter.threads.AbstractThreadGroup.next(AbstractThreadGroup.java:91) ~[ApacheJMeter_core.jar:5.3]
	at org.apache.jmeter.threads.JMeterThread.run(JMeterThread.java:254) [ApacheJMeter_core.jar:5.3]
	at java.lang.Thread.run(Thread.java:748) [?:1.8.0_292]
Caused by: java.lang.IllegalArgumentException: File 7ae489af887a.csv must exist and be readable
	at org.apache.jmeter.services.FileServer.createBufferedReader(FileServer.java:424) ~[ApacheJMeter_core.jar:5.3]
	at org.apache.jmeter.services.FileServer.readLine(FileServer.java:340) ~[ApacheJMeter_core.jar:5.3]
	at org.apache.jmeter.services.FileServer.readLine(FileServer.java:324) ~[ApacheJMeter_core.jar:5.3]
	at org.apache.jmeter.services.FileServer.reserveFile(FileServer.java:272) ~[ApacheJMeter_core.jar:5.3]
	... 8 more
2021-11-30 03:31:42,980 INFO o.a.j.t.JMeterThread: Thread finished: Thread Group 1-3
2021-11-30 03:31:45,971 INFO o.a.j.t.JMeterThread: Thread started: Thread Group 1-4
2021-11-30 03:31:45,975 ERROR o.a.j.t.JMeterThread: Test failed!
java.lang.IllegalArgumentException: Could not read file header line for file /7ae489af887a.csv
	at org.apache.jmeter.services.FileServer.reserveFile(FileServer.java:283) ~[ApacheJMeter_core.jar:5.3]
	at org.apache.jmeter.config.CSVDataSet.iterationStart(CSVDataSet.java:190) ~[ApacheJMeter_components.jar:5.3]
	at org.apache.jmeter.control.GenericController.fireIterationStart(GenericController.java:398) ~[ApacheJMeter_core.jar:5.3]
	at org.apache.jmeter.control.GenericController.fireIterEvents(GenericController.java:390) ~[ApacheJMeter_core.jar:5.3]
	at org.apache.jmeter.control.GenericController.next(GenericController.java:159) ~[ApacheJMeter_core.jar:5.3]
	at org.apache.jmeter.control.LoopController.next(LoopController.java:134) ~[ApacheJMeter_core.jar:5.3]
	at org.apache.jmeter.threads.AbstractThreadGroup.next(AbstractThreadGroup.java:91) ~[ApacheJMeter_core.jar:5.3]
	at org.apache.jmeter.threads.JMeterThread.run(JMeterThread.java:254) [ApacheJMeter_core.jar:5.3]
	at java.lang.Thread.run(Thread.java:748) [?:1.8.0_292]
Caused by: java.lang.IllegalArgumentException: File 7ae489af887a.csv must exist and be readable
	at org.apache.jmeter.services.FileServer.createBufferedReader(FileServer.java:424) ~[ApacheJMeter_core.jar:5.3]
	at org.apache.jmeter.services.FileServer.readLine(FileServer.java:340) ~[ApacheJMeter_core.jar:5.3]
	at org.apache.jmeter.services.FileServer.readLine(FileServer.java:324) ~[ApacheJMeter_core.jar:5.3]
	at org.apache.jmeter.services.FileServer.reserveFile(FileServer.java:272) ~[ApacheJMeter_core.jar:5.3]
	... 8 more
2021-11-30 03:31:45,978 INFO o.a.j.t.JMeterThread: Thread finished: Thread Group 1-4
2021-11-30 03:31:48,969 INFO o.a.j.t.JMeterThread: Thread started: Thread Group 1-5
2021-11-30 03:31:48,970 ERROR o.a.j.t.JMeterThread: Test failed!
java.lang.IllegalArgumentException: Could not read file header line for file /7ae489af887a.csv
	at org.apache.jmeter.services.FileServer.reserveFile(FileServer.java:283) ~[ApacheJMeter_core.jar:5.3]
	at org.apache.jmeter.config.CSVDataSet.iterationStart(CSVDataSet.java:190) ~[ApacheJMeter_components.jar:5.3]
	at org.apache.jmeter.control.GenericController.fireIterationStart(GenericController.java:398) ~[ApacheJMeter_core.jar:5.3]
	at org.apache.jmeter.control.GenericController.fireIterEvents(GenericController.java:390) ~[ApacheJMeter_core.jar:5.3]
	at org.apache.jmeter.control.GenericController.next(GenericController.java:159) ~[ApacheJMeter_core.jar:5.3]
	at org.apache.jmeter.control.LoopController.next(LoopController.java:134) ~[ApacheJMeter_core.jar:5.3]
	at org.apache.jmeter.threads.AbstractThreadGroup.next(AbstractThreadGroup.java:91) ~[ApacheJMeter_core.jar:5.3]
	at org.apache.jmeter.threads.JMeterThread.run(JMeterThread.java:254) [ApacheJMeter_core.jar:5.3]
	at java.lang.Thread.run(Thread.java:748) [?:1.8.0_292]
Caused by: java.lang.IllegalArgumentException: File 7ae489af887a.csv must exist and be readable
	at org.apache.jmeter.services.FileServer.createBufferedReader(FileServer.java:424) ~[ApacheJMeter_core.jar:5.3]
	at org.apache.jmeter.services.FileServer.readLine(FileServer.java:340) ~[ApacheJMeter_core.jar:5.3]
	at org.apache.jmeter.services.FileServer.readLine(FileServer.java:324) ~[ApacheJMeter_core.jar:5.3]
	at org.apache.jmeter.services.FileServer.reserveFile(FileServer.java:272) ~[ApacheJMeter_core.jar:5.3]
	... 8 more
2021-11-30 03:31:48,971 INFO o.a.j.t.JMeterThread: Thread finished: Thread Group 1-5
2021-11-30 03:31:51,970 INFO o.a.j.t.JMeterThread: Thread started: Thread Group 1-6
2021-11-30 03:31:51,975 ERROR o.a.j.t.JMeterThread: Test failed!
java.lang.IllegalArgumentException: Could not read file header line for file /7ae489af887a.csv
	at org.apache.jmeter.services.FileServer.reserveFile(FileServer.java:283) ~[ApacheJMeter_core.jar:5.3]
	at org.apache.jmeter.config.CSVDataSet.iterationStart(CSVDataSet.java:190) ~[ApacheJMeter_components.jar:5.3]
	at org.apache.jmeter.control.GenericController.fireIterationStart(GenericController.java:398) ~[ApacheJMeter_core.jar:5.3]
	at org.apache.jmeter.control.GenericController.fireIterEvents(GenericController.java:390) ~[ApacheJMeter_core.jar:5.3]
	at org.apache.jmeter.control.GenericController.next(GenericController.java:159) ~[ApacheJMeter_core.jar:5.3]
	at org.apache.jmeter.control.LoopController.next(LoopController.java:134) ~[ApacheJMeter_core.jar:5.3]
	at org.apache.jmeter.threads.AbstractThreadGroup.next(AbstractThreadGroup.java:91) ~[ApacheJMeter_core.jar:5.3]
	at org.apache.jmeter.threads.JMeterThread.run(JMeterThread.java:254) [ApacheJMeter_core.jar:5.3]
	at java.lang.Thread.run(Thread.java:748) [?:1.8.0_292]
Caused by: java.lang.IllegalArgumentException: File 7ae489af887a.csv must exist and be readable
	at org.apache.jmeter.services.FileServer.createBufferedReader(FileServer.java:424) ~[ApacheJMeter_core.jar:5.3]
	at org.apache.jmeter.services.FileServer.readLine(FileServer.java:340) ~[ApacheJMeter_core.jar:5.3]
	at org.apache.jmeter.services.FileServer.readLine(FileServer.java:324) ~[ApacheJMeter_core.jar:5.3]
	at org.apache.jmeter.services.FileServer.reserveFile(FileServer.java:272) ~[ApacheJMeter_core.jar:5.3]
	... 8 more
2021-11-30 03:31:51,978 INFO o.a.j.t.JMeterThread: Thread finished: Thread Group 1-6
2021-11-30 03:31:54,956 INFO o.a.j.t.JMeterThread: Thread started: Thread Group 1-7
2021-11-30 03:31:54,963 ERROR o.a.j.t.JMeterThread: Test failed!
java.lang.IllegalArgumentException: Could not read file header line for file /7ae489af887a.csv
	at org.apache.jmeter.services.FileServer.reserveFile(FileServer.java:283) ~[ApacheJMeter_core.jar:5.3]
	at org.apache.jmeter.config.CSVDataSet.iterationStart(CSVDataSet.java:190) ~[ApacheJMeter_components.jar:5.3]
	at org.apache.jmeter.control.GenericController.fireIterationStart(GenericController.java:398) ~[ApacheJMeter_core.jar:5.3]
	at org.apache.jmeter.control.GenericController.fireIterEvents(GenericController.java:390) ~[ApacheJMeter_core.jar:5.3]
	at org.apache.jmeter.control.GenericController.next(GenericController.java:159) ~[ApacheJMeter_core.jar:5.3]
	at org.apache.jmeter.control.LoopController.next(LoopController.java:134) ~[ApacheJMeter_core.jar:5.3]
	at org.apache.jmeter.threads.AbstractThreadGroup.next(AbstractThreadGroup.java:91) ~[ApacheJMeter_core.jar:5.3]
	at org.apache.jmeter.threads.JMeterThread.run(JMeterThread.java:254) [ApacheJMeter_core.jar:5.3]
	at java.lang.Thread.run(Thread.java:748) [?:1.8.0_292]
Caused by: java.lang.IllegalArgumentException: File 7ae489af887a.csv must exist and be readable
	at org.apache.jmeter.services.FileServer.createBufferedReader(FileServer.java:424) ~[ApacheJMeter_core.jar:5.3]
	at org.apache.jmeter.services.FileServer.readLine(FileServer.java:340) ~[ApacheJMeter_core.jar:5.3]
	at org.apache.jmeter.services.FileServer.readLine(FileServer.java:324) ~[ApacheJMeter_core.jar:5.3]
	at org.apache.jmeter.services.FileServer.reserveFile(FileServer.java:272) ~[ApacheJMeter_core.jar:5.3]
	... 8 more
2021-11-30 03:31:54,966 INFO o.a.j.t.JMeterThread: Thread finished: Thread Group 1-7
2021-11-30 03:31:57,958 INFO o.a.j.t.JMeterThread: Thread started: Thread Group 1-8
2021-11-30 03:31:57,964 ERROR o.a.j.t.JMeterThread: Test failed!
java.lang.IllegalArgumentException: Could not read file header line for file /7ae489af887a.csv
	at org.apache.jmeter.services.FileServer.reserveFile(FileServer.java:283) ~[ApacheJMeter_core.jar:5.3]
	at org.apache.jmeter.config.CSVDataSet.iterationStart(CSVDataSet.java:190) ~[ApacheJMeter_components.jar:5.3]
	at org.apache.jmeter.control.GenericController.fireIterationStart(GenericController.java:398) ~[ApacheJMeter_core.jar:5.3]
	at org.apache.jmeter.control.GenericController.fireIterEvents(GenericController.java:390) ~[ApacheJMeter_core.jar:5.3]
	at org.apache.jmeter.control.GenericController.next(GenericController.java:159) ~[ApacheJMeter_core.jar:5.3]
	at org.apache.jmeter.control.LoopController.next(LoopController.java:134) ~[ApacheJMeter_core.jar:5.3]
	at org.apache.jmeter.threads.AbstractThreadGroup.next(AbstractThreadGroup.java:91) ~[ApacheJMeter_core.jar:5.3]
	at org.apache.jmeter.threads.JMeterThread.run(JMeterThread.java:254) [ApacheJMeter_core.jar:5.3]
	at java.lang.Thread.run(Thread.java:748) [?:1.8.0_292]
Caused by: java.lang.IllegalArgumentException: File 7ae489af887a.csv must exist and be readable
	at org.apache.jmeter.services.FileServer.createBufferedReader(FileServer.java:424) ~[ApacheJMeter_core.jar:5.3]
	at org.apache.jmeter.services.FileServer.readLine(FileServer.java:340) ~[ApacheJMeter_core.jar:5.3]
	at org.apache.jmeter.services.FileServer.readLine(FileServer.java:324) ~[ApacheJMeter_core.jar:5.3]
	at org.apache.jmeter.services.FileServer.reserveFile(FileServer.java:272) ~[ApacheJMeter_core.jar:5.3]
	... 8 more
2021-11-30 03:31:57,967 INFO o.a.j.t.JMeterThread: Thread finished: Thread Group 1-8
2021-11-30 03:32:00,952 INFO o.a.j.t.JMeterThread: Thread started: Thread Group 1-9
2021-11-30 03:32:00,954 ERROR o.a.j.t.JMeterThread: Test failed!
java.lang.IllegalArgumentException: Could not read file header line for file /7ae489af887a.csv
	at org.apache.jmeter.services.FileServer.reserveFile(FileServer.java:283) ~[ApacheJMeter_core.jar:5.3]
	at org.apache.jmeter.config.CSVDataSet.iterationStart(CSVDataSet.java:190) ~[ApacheJMeter_components.jar:5.3]
	at org.apache.jmeter.control.GenericController.fireIterationStart(GenericController.java:398) ~[ApacheJMeter_core.jar:5.3]
	at org.apache.jmeter.control.GenericController.fireIterEvents(GenericController.java:390) ~[ApacheJMeter_core.jar:5.3]
	at org.apache.jmeter.control.GenericController.next(GenericController.java:159) ~[ApacheJMeter_core.jar:5.3]
	at org.apache.jmeter.control.LoopController.next(LoopController.java:134) ~[ApacheJMeter_core.jar:5.3]
	at org.apache.jmeter.threads.AbstractThreadGroup.next(AbstractThreadGroup.java:91) ~[ApacheJMeter_core.jar:5.3]
	at org.apache.jmeter.threads.JMeterThread.run(JMeterThread.java:254) [ApacheJMeter_core.jar:5.3]
	at java.lang.Thread.run(Thread.java:748) [?:1.8.0_292]
Caused by: java.lang.IllegalArgumentException: File 7ae489af887a.csv must exist and be readable
	at org.apache.jmeter.services.FileServer.createBufferedReader(FileServer.java:424) ~[ApacheJMeter_core.jar:5.3]
	at org.apache.jmeter.services.FileServer.readLine(FileServer.java:340) ~[ApacheJMeter_core.jar:5.3]
	at org.apache.jmeter.services.FileServer.readLine(FileServer.java:324) ~[ApacheJMeter_core.jar:5.3]
	at org.apache.jmeter.services.FileServer.reserveFile(FileServer.java:272) ~[ApacheJMeter_core.jar:5.3]
	... 8 more
2021-11-30 03:32:00,955 INFO o.a.j.t.JMeterThread: Thread finished: Thread Group 1-9
2021-11-30 03:32:03,949 INFO o.a.j.t.JMeterThread: Thread started: Thread Group 1-10
2021-11-30 03:32:03,954 ERROR o.a.j.t.JMeterThread: Test failed!
java.lang.IllegalArgumentException: Could not read file header line for file /7ae489af887a.csv
	at org.apache.jmeter.services.FileServer.reserveFile(FileServer.java:283) ~[ApacheJMeter_core.jar:5.3]
	at org.apache.jmeter.config.CSVDataSet.iterationStart(CSVDataSet.java:190) ~[ApacheJMeter_components.jar:5.3]
	at org.apache.jmeter.control.GenericController.fireIterationStart(GenericController.java:398) ~[ApacheJMeter_core.jar:5.3]
	at org.apache.jmeter.control.GenericController.fireIterEvents(GenericController.java:390) ~[ApacheJMeter_core.jar:5.3]
	at org.apache.jmeter.control.GenericController.next(GenericController.java:159) ~[ApacheJMeter_core.jar:5.3]
	at org.apache.jmeter.control.LoopController.next(LoopController.java:134) ~[ApacheJMeter_core.jar:5.3]
	at org.apache.jmeter.threads.AbstractThreadGroup.next(AbstractThreadGroup.java:91) ~[ApacheJMeter_core.jar:5.3]
	at org.apache.jmeter.threads.JMeterThread.run(JMeterThread.java:254) [ApacheJMeter_core.jar:5.3]
	at java.lang.Thread.run(Thread.java:748) [?:1.8.0_292]
Caused by: java.lang.IllegalArgumentException: File 7ae489af887a.csv must exist and be readable
	at org.apache.jmeter.services.FileServer.createBufferedReader(FileServer.java:424) ~[ApacheJMeter_core.jar:5.3]
	at org.apache.jmeter.services.FileServer.readLine(FileServer.java:340) ~[ApacheJMeter_core.jar:5.3]
	at org.apache.jmeter.services.FileServer.readLine(FileServer.java:324) ~[ApacheJMeter_core.jar:5.3]
	at org.apache.jmeter.services.FileServer.reserveFile(FileServer.java:272) ~[ApacheJMeter_core.jar:5.3]
	... 8 more
2021-11-30 03:32:03,959 INFO o.a.j.t.JMeterThread: Thread finished: Thread Group 1-10
2021-11-30 03:32:03,962 INFO o.a.j.e.StandardJMeterEngine: Notifying test listeners of end of test
2021-11-30 03:32:03,964 INFO o.a.j.v.b.BackendListener: Worker ended
2021-11-30 03:32:03,968 INFO o.a.j.v.b.i.InfluxdbBackendListenerClient: Sending last metrics
2021-11-30 03:32:03,970 INFO o.a.j.v.b.i.HttpMetricsSender: Destroying 
2021-11-30 03:32:03,995 INFO o.a.j.r.Summariser: summary =      0 in 00:00:00 = ******/s Avg:     0 Min: 9223372036854775807 Max: -9223372036854775808 Err:     0 (0.00%)
2021-11-30 03:32:03,996 INFO o.a.j.JMeter: Generating Dashboard
2021-11-30 03:32:03,997 INFO o.a.j.r.d.ReportGenerator: Flushing result collector before report Generation
2021-11-30 03:32:04,014 INFO o.a.j.r.p.NormalizerSampleConsumer: Using format, 'ms', to parse timeStamp field
2021-11-30 03:32:04,042 INFO o.a.j.r.p.AbstractSampleConsumer: class org.apache.jmeter.report.processor.AggregateConsumer#stopProducing(): beginDate produced 0 samples
2021-11-30 03:32:04,043 INFO o.a.j.r.p.AbstractSampleConsumer: class org.apache.jmeter.report.processor.AggregateConsumer#stopProducing(): endDate produced 0 samples
2021-11-30 03:32:04,045 INFO o.a.j.r.p.AbstractSampleConsumer: class org.apache.jmeter.report.processor.ApdexSummaryConsumer#stopProducing(): apdexSummary produced 0 samples
2021-11-30 03:32:04,045 INFO o.a.j.r.p.AbstractSampleConsumer: class org.apache.jmeter.report.processor.RequestsSummaryConsumer#stopProducing(): requestsSummary produced 0 samples
2021-11-30 03:32:04,046 INFO o.a.j.r.p.AbstractSampleConsumer: class org.apache.jmeter.report.processor.StatisticsSummaryConsumer#stopProducing(): statisticsSummary produced 0 samples
2021-11-30 03:32:04,047 INFO o.a.j.r.p.AbstractSampleConsumer: class org.apache.jmeter.report.processor.Top5ErrorsBySamplerConsumer#stopProducing(): top5ErrorsBySampler produced 0 samples
2021-11-30 03:32:04,048 INFO o.a.j.r.p.AbstractSampleConsumer: class org.apache.jmeter.report.processor.ErrorsSummaryConsumer#stopProducing(): errorsSummary produced 0 samples
2021-11-30 03:32:04,048 INFO o.a.j.r.p.AbstractSampleConsumer: class org.apache.jmeter.report.processor.graph.impl.HitsPerSecondGraphConsumer#stopProducing(): hitsPerSecond produced 0 samples
2021-11-30 03:32:04,055 INFO o.a.j.r.p.AbstractSampleConsumer: class org.apache.jmeter.report.processor.graph.impl.LatencyVSRequestGraphConsumer#stopProducing(): latencyVsRequest produced 0 samples
2021-11-30 03:32:04,055 INFO o.a.j.r.p.AbstractSampleConsumer: class org.apache.jmeter.report.processor.graph.impl.SyntheticResponseTimeDistributionGraphConsumer#stopProducing(): syntheticResponseTimeDistribution produced 0 samples
2021-11-30 03:32:04,057 INFO o.a.j.r.p.AbstractSampleConsumer: class org.apache.jmeter.report.processor.graph.impl.BytesThroughputGraphConsumer#stopProducing(): bytesThroughputOverTime produced 0 samples
2021-11-30 03:32:04,057 INFO o.a.j.r.p.AbstractSampleConsumer: class org.apache.jmeter.report.processor.graph.impl.CodesPerSecondGraphConsumer#stopProducing(): codesPerSecond produced 0 samples
2021-11-30 03:32:04,059 INFO o.a.j.r.p.AbstractSampleConsumer: class org.apache.jmeter.report.processor.graph.impl.ResponseTimeVSRequestGraphConsumer#stopProducing(): responseTimeVsRequest produced 0 samples
2021-11-30 03:32:04,059 INFO o.a.j.r.p.AbstractSampleConsumer: class org.apache.jmeter.report.processor.FilterConsumer#stopProducing(): startIntervalControlerFilter produced 0 samples
2021-11-30 03:32:04,060 INFO o.a.j.r.p.AbstractSampleConsumer: class org.apache.jmeter.report.processor.graph.impl.TotalTPSGraphConsumer#stopProducing(): totalTPS produced 0 samples
2021-11-30 03:32:04,060 INFO o.a.j.r.p.AbstractSampleConsumer: class org.apache.jmeter.report.processor.graph.impl.ActiveThreadsGraphConsumer#stopProducing(): activeThreadsOverTime produced 0 samples
2021-11-30 03:32:04,061 INFO o.a.j.r.p.AbstractSampleConsumer: class org.apache.jmeter.report.processor.graph.impl.TimeVSThreadGraphConsumer#stopProducing(): timeVsThreads produced 0 samples
2021-11-30 03:32:04,061 INFO o.a.j.r.p.AbstractSampleConsumer: class org.apache.jmeter.report.processor.graph.impl.ResponseTimeDistributionGraphConsumer#stopProducing(): responseTimeDistribution produced 0 samples
2021-11-30 03:32:04,062 INFO o.a.j.r.p.AbstractSampleConsumer: class org.apache.jmeter.report.processor.graph.impl.TransactionsPerSecondGraphConsumer#stopProducing(): transactionsPerSecond produced 0 samples
2021-11-30 03:32:04,062 INFO o.a.j.r.p.AbstractSampleConsumer: class org.apache.jmeter.report.processor.graph.impl.ResponseTimePercentilesGraphConsumer#stopProducing(): responseTimePercentiles produced 0 samples
2021-11-30 03:32:04,063 INFO o.a.j.r.p.AbstractSampleConsumer: class org.apache.jmeter.report.processor.graph.impl.ResponseTimePercentilesOverTimeGraphConsumer#stopProducing(): responseTimePercentilesOverTime produced 0 samples
2021-11-30 03:32:04,063 INFO o.a.j.r.p.AbstractSampleConsumer: class org.apache.jmeter.report.processor.graph.impl.ResponseTimeOverTimeGraphConsumer#stopProducing(): responseTimesOverTime produced 0 samples
2021-11-30 03:32:04,064 INFO o.a.j.r.p.AbstractSampleConsumer: class org.apache.jmeter.report.processor.graph.impl.ConnectTimeOverTimeGraphConsumer#stopProducing(): connectTimeOverTime produced 0 samples
2021-11-30 03:32:04,064 INFO o.a.j.r.p.AbstractSampleConsumer: class org.apache.jmeter.report.processor.graph.impl.LatencyOverTimeGraphConsumer#stopProducing(): latenciesOverTime produced 0 samples
2021-11-30 03:32:04,065 INFO o.a.j.r.p.AbstractSampleConsumer: class org.apache.jmeter.report.processor.FilterConsumer#stopProducing(): nameFilter produced 0 samples
2021-11-30 03:32:04,065 INFO o.a.j.r.p.AbstractSampleConsumer: class org.apache.jmeter.report.processor.FilterConsumer#stopProducing(): dateRangeFilter produced 0 samples
2021-11-30 03:32:04,066 INFO o.a.j.r.p.AbstractSampleConsumer: class org.apache.jmeter.report.processor.NormalizerSampleConsumer#stopProducing(): normalizer produced 0 samples
2021-11-30 03:32:04,067 INFO o.a.j.r.p.CsvFileSampleSource: produce(): 0 samples produced in 28ms on channel 0
2021-11-30 03:32:04,067 INFO o.a.j.r.d.ReportGenerator: Exporting data using exporter:'json' of className:'org.apache.jmeter.report.dashboard.JsonExporter'
2021-11-30 03:32:04,069 INFO o.a.j.r.d.JsonExporter: Found data for consumer statisticsSummary?in context
2021-11-30 03:32:04,070 INFO o.a.j.r.d.JsonExporter: Creating statistics for overall
2021-11-30 03:32:04,071 ERROR o.a.j.JMeter: Error generating the report: null
java.lang.NullPointerException: null
	at org.apache.jmeter.report.dashboard.JsonExporter.createStatistic(JsonExporter.java:120) ~[ApacheJMeter_core.jar:5.3]
	at org.apache.jmeter.report.dashboard.JsonExporter.export(JsonExporter.java:70) ~[ApacheJMeter_core.jar:5.3]
	at org.apache.jmeter.report.dashboard.ReportGenerator.exportData(ReportGenerator.java:379) ~[ApacheJMeter_core.jar:5.3]
	at org.apache.jmeter.report.dashboard.ReportGenerator.generate(ReportGenerator.java:258) ~[ApacheJMeter_core.jar:5.3]
	at org.apache.jmeter.JMeter$ListenToTest.endTest(JMeter.java:1332) [ApacheJMeter_core.jar:5.3]
	at org.apache.jmeter.JMeter$ListenToTest.testEnded(JMeter.java:1288) [ApacheJMeter_core.jar:5.3]
	at org.apache.jmeter.engine.StandardJMeterEngine.notifyTestListenersOfEnd(StandardJMeterEngine.java:217) [ApacheJMeter_core.jar:5.3]
	at org.apache.jmeter.engine.StandardJMeterEngine.run(StandardJMeterEngine.java:491) [ApacheJMeter_core.jar:5.3]
	at java.lang.Thread.run(Thread.java:748) [?:1.8.0_292]
