2021-11-30 03:37:57,471 INFO o.a.j.u.JMeterUtils: Setting Locale to en_EN
2021-11-30 03:37:57,485 INFO o.a.j.JMeter: Loading user properties from: /opt/apache-jmeter-5.3/bin/user.properties
2021-11-30 03:37:57,486 INFO o.a.j.JMeter: Loading system properties from: /opt/apache-jmeter-5.3/bin/system.properties
2021-11-30 03:37:57,487 INFO o.a.j.JMeter: Setting JMeter property: client.rmi.localport=7000
2021-11-30 03:37:57,488 INFO o.a.j.JMeter: Setting JMeter property: server.rmi.ssl.disable=true
2021-11-30 03:37:57,488 INFO o.a.j.JMeter: Setting JMeter property: jmeter.save.saveservice.subresults=false
2021-11-30 03:37:57,490 INFO o.a.j.JMeter: Copyright (c) 1998-2020 The Apache Software Foundation
2021-11-30 03:37:57,490 INFO o.a.j.JMeter: Version 5.3
2021-11-30 03:37:57,507 INFO o.a.j.JMeter: java.version=1.8.0_292
2021-11-30 03:37:57,510 INFO o.a.j.JMeter: java.vm.name=OpenJDK 64-Bit Server VM
2021-11-30 03:37:57,513 INFO o.a.j.JMeter: os.name=Linux
2021-11-30 03:37:57,515 INFO o.a.j.JMeter: os.arch=amd64
2021-11-30 03:37:57,517 INFO o.a.j.JMeter: os.version=5.10.25-linuxkit
2021-11-30 03:37:57,518 INFO o.a.j.JMeter: file.encoding=ANSI_X3.4-1968
2021-11-30 03:37:57,520 INFO o.a.j.JMeter: java.awt.headless=true
2021-11-30 03:37:57,521 INFO o.a.j.JMeter: Max memory     =2147483648
2021-11-30 03:37:57,522 INFO o.a.j.JMeter: Available Processors =4
2021-11-30 03:37:57,530 INFO o.a.j.JMeter: Default Locale=English (EN)
2021-11-30 03:37:57,531 INFO o.a.j.JMeter: JMeter  Locale=English (EN)
2021-11-30 03:37:57,532 INFO o.a.j.JMeter: JMeterHome=/opt/apache-jmeter-5.3
2021-11-30 03:37:57,533 INFO o.a.j.JMeter: user.dir  =/
2021-11-30 03:37:57,534 INFO o.a.j.JMeter: PWD       =/
2021-11-30 03:37:57,535 INFO o.a.j.JMeter: IP: 172.25.0.5 Name: jmeter FullName: jmeter
2021-11-30 03:37:57,540 INFO o.a.j.JMeter: Setting property 'jmeter.reportgenerator.outputdir' to:'/results/output/Tue_Nov_30_03:37:56_UTC_2021/dashboard'
2021-11-30 03:37:57,543 INFO o.a.j.s.FileServer: Default base='/'
2021-11-30 03:37:57,545 INFO o.a.j.s.FileServer: Set new base='/'
2021-11-30 03:37:57,650 INFO o.a.j.s.SaveService: Testplan (JMX) version: 2.2. Testlog (JTL) version: 2.2
2021-11-30 03:37:57,666 INFO o.a.j.s.SaveService: Using SaveService properties file encoding UTF-8
2021-11-30 03:37:57,670 INFO o.a.j.s.SaveService: Using SaveService properties version 5.0
2021-11-30 03:37:57,676 INFO o.a.j.s.SaveService: Loading file: /GoogleTest.jmx
2021-11-30 03:37:57,700 INFO o.a.j.p.h.c.CookieManager: Settings: Delete null: true Check: true Allow variable: true Save: false Prefix: COOKIE_
2021-11-30 03:37:57,704 INFO o.a.j.p.h.c.CacheManager: Will only cache the following methods: [GET]
2021-11-30 03:37:57,717 INFO o.a.j.p.h.s.HTTPSamplerBase: Parser for text/html is org.apache.jmeter.protocol.http.parser.LagartoBasedHtmlParser
2021-11-30 03:37:57,717 INFO o.a.j.p.h.s.HTTPSamplerBase: Parser for application/xhtml+xml is org.apache.jmeter.protocol.http.parser.LagartoBasedHtmlParser
2021-11-30 03:37:57,718 INFO o.a.j.p.h.s.HTTPSamplerBase: Parser for application/xml is org.apache.jmeter.protocol.http.parser.LagartoBasedHtmlParser
2021-11-30 03:37:57,719 INFO o.a.j.p.h.s.HTTPSamplerBase: Parser for text/xml is org.apache.jmeter.protocol.http.parser.LagartoBasedHtmlParser
2021-11-30 03:37:57,719 INFO o.a.j.p.h.s.HTTPSamplerBase: Parser for text/vnd.wap.wml is org.apache.jmeter.protocol.http.parser.RegexpHTMLParser
2021-11-30 03:37:57,720 INFO o.a.j.p.h.s.HTTPSamplerBase: Parser for text/css is org.apache.jmeter.protocol.http.parser.CssParser
2021-11-30 03:37:57,724 INFO o.a.j.s.SampleResult: Note: Sample TimeStamps are START times
2021-11-30 03:37:57,725 INFO o.a.j.s.SampleResult: sampleresult.default.encoding is set to ISO-8859-1
2021-11-30 03:37:57,726 INFO o.a.j.s.SampleResult: sampleresult.useNanoTime=true
2021-11-30 03:37:57,726 INFO o.a.j.s.SampleResult: sampleresult.nanoThreadSleep=5000
2021-11-30 03:37:57,751 INFO o.a.j.JMeter: Creating summariser <summary>
2021-11-30 03:37:57,761 INFO o.a.j.r.d.ReportGenerator: ReportGenerator will use for Parsing the separator: ','
2021-11-30 03:37:57,763 INFO o.a.j.r.d.ReportGenerator: Will generate report at end of test from  results file: /results/output/Tue_Nov_30_03:37:56_UTC_2021/GoogleTest.jtl
2021-11-30 03:37:57,764 INFO o.a.j.r.d.ReportGenerator: Reading report generator properties from: /opt/apache-jmeter-5.3/bin/reportgenerator.properties
2021-11-30 03:37:57,766 INFO o.a.j.r.d.ReportGenerator: Merging with JMeter properties
2021-11-30 03:37:57,777 INFO o.a.j.r.c.ReportGeneratorConfiguration: Property 'jmeter.reportgenerator.temp_dir' not found, using default value 'temp' instead.
2021-11-30 03:37:57,781 INFO o.a.j.r.c.ReportGeneratorConfiguration: Property 'jmeter.reportgenerator.apdex_per_transaction' not found, using default value 'null' instead.
2021-11-30 03:37:57,782 INFO o.a.j.r.c.ReportGeneratorConfiguration: apdex_per_transaction is empty, not APDEX per transaction customization
2021-11-30 03:37:57,782 INFO o.a.j.r.c.ReportGeneratorConfiguration: Property 'jmeter.reportgenerator.sample_filter' not found, using default value 'null' instead.
2021-11-30 03:37:57,783 INFO o.a.j.r.c.ReportGeneratorConfiguration: Property 'jmeter.reportgenerator.report_title' not found, using default value 'null' instead.
2021-11-30 03:37:57,784 INFO o.a.j.r.c.ReportGeneratorConfiguration: Property 'jmeter.reportgenerator.start_date' not found, using default value 'null' instead.
2021-11-30 03:37:57,784 INFO o.a.j.r.c.ReportGeneratorConfiguration: Property 'jmeter.reportgenerator.end_date' not found, using default value 'null' instead.
2021-11-30 03:37:57,785 INFO o.a.j.r.c.ReportGeneratorConfiguration: Property 'jmeter.reportgenerator.date_format' not found, using default value 'null' instead.
2021-11-30 03:37:57,786 INFO o.a.j.r.c.ReportGeneratorConfiguration: Will use date range start date: null, end date: null
2021-11-30 03:37:57,792 INFO o.a.j.r.c.ReportGeneratorConfiguration: Property 'jmeter.reportgenerator.graph.totalTPS.exclude_controllers' not found, using default value 'false' instead.
2021-11-30 03:37:57,793 INFO o.a.j.r.c.ReportGeneratorConfiguration: Property 'jmeter.reportgenerator.graph.activeThreadsOverTime.exclude_controllers' not found, using default value 'false' instead.
2021-11-30 03:37:57,794 INFO o.a.j.r.c.ReportGeneratorConfiguration: Property 'jmeter.reportgenerator.graph.timeVsThreads.exclude_controllers' not found, using default value 'false' instead.
2021-11-30 03:37:57,795 INFO o.a.j.r.c.ReportGeneratorConfiguration: Property 'jmeter.reportgenerator.graph.responseTimeDistribution.exclude_controllers' not found, using default value 'false' instead.
2021-11-30 03:37:57,795 INFO o.a.j.r.c.ReportGeneratorConfiguration: Property 'jmeter.reportgenerator.graph.transactionsPerSecond.exclude_controllers' not found, using default value 'false' instead.
2021-11-30 03:37:57,796 INFO o.a.j.r.c.ReportGeneratorConfiguration: Property 'jmeter.reportgenerator.graph.responseTimePercentiles.exclude_controllers' not found, using default value 'false' instead.
2021-11-30 03:37:57,796 INFO o.a.j.r.c.ReportGeneratorConfiguration: Property 'jmeter.reportgenerator.graph.responseTimePercentilesOverTime.exclude_controllers' not found, using default value 'false' instead.
2021-11-30 03:37:57,797 INFO o.a.j.r.c.ReportGeneratorConfiguration: Property 'jmeter.reportgenerator.graph.responseTimesOverTime.exclude_controllers' not found, using default value 'false' instead.
2021-11-30 03:37:57,798 INFO o.a.j.r.c.ReportGeneratorConfiguration: Property 'jmeter.reportgenerator.graph.connectTimeOverTime.exclude_controllers' not found, using default value 'false' instead.
2021-11-30 03:37:57,798 INFO o.a.j.r.c.ReportGeneratorConfiguration: Property 'jmeter.reportgenerator.graph.latenciesOverTime.exclude_controllers' not found, using default value 'false' instead.
2021-11-30 03:37:57,800 INFO o.a.j.r.c.ReportGeneratorConfiguration: Property 'jmeter.reportgenerator.exporter.json.filters_only_sample_series' not found, using default value 'true' instead.
2021-11-30 03:37:57,800 INFO o.a.j.r.c.ReportGeneratorConfiguration: Property 'jmeter.reportgenerator.exporter.json.series_filter' not found, using default value '' instead.
2021-11-30 03:37:57,801 INFO o.a.j.r.c.ReportGeneratorConfiguration: Property 'jmeter.reportgenerator.exporter.json.show_controllers_only' not found, using default value 'false' instead.
2021-11-30 03:37:57,802 INFO o.a.j.r.c.ReportGeneratorConfiguration: Property 'jmeter.reportgenerator.exporter.html.filters_only_sample_series' not found, using default value 'true' instead.
2021-11-30 03:37:57,803 INFO o.a.j.r.c.ReportGeneratorConfiguration: Property 'jmeter.reportgenerator.exporter.html.series_filter' not found, using default value '' instead.
2021-11-30 03:37:57,804 INFO o.a.j.r.c.ReportGeneratorConfiguration: Property 'jmeter.reportgenerator.exporter.html.show_controllers_only' not found, using default value 'false' instead.
2021-11-30 03:37:57,808 INFO o.a.j.e.DistributedRunner: Configuring remote engine: slave-1
2021-11-30 03:37:57,811 INFO o.a.j.r.RmiUtils: Disabling SSL for RMI as server.rmi.ssl.disable is set to 'true'
2021-11-30 03:37:57,871 INFO o.a.j.e.DistributedRunner: Configuring remote engine: slave-2
2021-11-30 03:37:57,872 INFO o.a.j.r.RmiUtils: Disabling SSL for RMI as server.rmi.ssl.disable is set to 'true'
2021-11-30 03:37:57,900 INFO o.a.j.e.DistributedRunner: Starting distributed test with remote engines: [slave-2, slave-1] @ Tue Nov 30 03:37:57 UTC 2021 (1638243477899)
2021-11-30 03:37:57,901 INFO o.a.j.e.ClientJMeterEngine: running clientengine run method
2021-11-30 03:37:57,908 INFO o.a.j.e.u.CompoundVariable: Note: Function class names must contain the string: '.functions.'
2021-11-30 03:37:57,909 INFO o.a.j.e.u.CompoundVariable: Note: Function class names must not contain the string: '.gui.'
2021-11-30 03:37:58,142 INFO o.a.j.r.RmiUtils: Disabling SSL for RMI as server.rmi.ssl.disable is set to 'true'
2021-11-30 03:37:58,143 INFO o.a.j.r.RmiUtils: Disabling SSL for RMI as server.rmi.ssl.disable is set to 'true'
2021-11-30 03:37:58,145 INFO o.a.j.s.SampleEvent: List of sample_variables: []
2021-11-30 03:37:58,150 INFO o.a.j.s.BatchSampleSender: Using batching (client settings) for this run. Thresholds: num=100, time=60000
2021-11-30 03:37:58,151 INFO o.a.j.s.DataStrippingSampleSender: Using DataStrippingSampleSender for this run
2021-11-30 03:37:58,152 INFO o.a.j.r.RmiUtils: Disabling SSL for RMI as server.rmi.ssl.disable is set to 'true'
2021-11-30 03:37:58,153 INFO o.a.j.r.RmiUtils: Disabling SSL for RMI as server.rmi.ssl.disable is set to 'true'
2021-11-30 03:37:58,578 INFO o.a.j.r.RmiUtils: Disabling SSL for RMI as server.rmi.ssl.disable is set to 'true'
2021-11-30 03:37:58,579 INFO o.a.j.r.RmiUtils: Disabling SSL for RMI as server.rmi.ssl.disable is set to 'true'
2021-11-30 03:37:58,580 INFO o.a.j.r.RmiUtils: Disabling SSL for RMI as server.rmi.ssl.disable is set to 'true'
2021-11-30 03:37:58,581 INFO o.a.j.r.RmiUtils: Disabling SSL for RMI as server.rmi.ssl.disable is set to 'true'
2021-11-30 03:37:58,582 INFO o.a.j.s.BatchSampleSender: Using batching (client settings) for this run. Thresholds: num=100, time=60000
2021-11-30 03:37:58,582 INFO o.a.j.s.DataStrippingSampleSender: Using DataStrippingSampleSender for this run
2021-11-30 03:37:58,787 INFO o.a.j.e.ClientJMeterEngine: sent test to slave-2 basedir='.'
2021-11-30 03:37:58,788 INFO o.a.j.e.ClientJMeterEngine: Sending properties {}
2021-11-30 03:37:58,800 INFO o.a.j.e.ClientJMeterEngine: sent run command to slave-2
2021-11-30 03:37:58,803 INFO o.a.j.e.ClientJMeterEngine: running clientengine run method
2021-11-30 03:37:58,804 INFO o.a.j.r.RmiUtils: Disabling SSL for RMI as server.rmi.ssl.disable is set to 'true'
2021-11-30 03:37:58,806 INFO o.a.j.r.RmiUtils: Disabling SSL for RMI as server.rmi.ssl.disable is set to 'true'
2021-11-30 03:37:58,807 INFO o.a.j.s.BatchSampleSender: Using batching (client settings) for this run. Thresholds: num=100, time=60000
2021-11-30 03:37:58,808 INFO o.a.j.s.DataStrippingSampleSender: Using DataStrippingSampleSender for this run
2021-11-30 03:37:58,809 INFO o.a.j.r.RmiUtils: Disabling SSL for RMI as server.rmi.ssl.disable is set to 'true'
2021-11-30 03:37:58,809 INFO o.a.j.r.RmiUtils: Disabling SSL for RMI as server.rmi.ssl.disable is set to 'true'
2021-11-30 03:37:58,836 INFO o.a.j.r.RmiUtils: Disabling SSL for RMI as server.rmi.ssl.disable is set to 'true'
2021-11-30 03:37:58,846 INFO o.a.j.r.RmiUtils: Disabling SSL for RMI as server.rmi.ssl.disable is set to 'true'
2021-11-30 03:37:58,848 INFO o.a.j.r.RmiUtils: Disabling SSL for RMI as server.rmi.ssl.disable is set to 'true'
2021-11-30 03:37:58,848 INFO o.a.j.r.RmiUtils: Disabling SSL for RMI as server.rmi.ssl.disable is set to 'true'
2021-11-30 03:37:58,849 INFO o.a.j.s.BatchSampleSender: Using batching (client settings) for this run. Thresholds: num=100, time=60000
2021-11-30 03:37:58,850 INFO o.a.j.s.DataStrippingSampleSender: Using DataStrippingSampleSender for this run
2021-11-30 03:37:59,067 INFO o.a.j.e.ClientJMeterEngine: sent test to slave-1 basedir='.'
2021-11-30 03:37:59,068 INFO o.a.j.e.ClientJMeterEngine: Sending properties {}
2021-11-30 03:37:59,076 INFO o.a.j.e.ClientJMeterEngine: sent run command to slave-1
2021-11-30 03:37:59,078 INFO o.a.j.e.DistributedRunner: Remote engines have been started:[slave-2, slave-1]
2021-11-30 03:37:59,356 INFO o.a.j.v.b.BackendListener: SimpleReqListener: Starting worker with class: class org.apache.jmeter.visualizers.backend.influxdb.InfluxdbBackendListenerClient and queue capacity: 5000
2021-11-30 03:37:59,359 INFO o.a.j.v.b.BackendListener: SimpleReqListener: Started  worker with class: class org.apache.jmeter.visualizers.backend.influxdb.InfluxdbBackendListenerClient
2021-11-30 03:37:59,640 INFO o.a.j.JMeter: Started remote host:  slave-2 (1638243479640)
2021-11-30 03:37:59,640 INFO o.a.j.JMeter: Started remote host:  slave-1 (1638243479640)
2021-11-30 03:38:01,005 INFO o.a.j.r.Summariser: summary +      1 in 00:00:01 =    0.7/s Avg:  1069 Min:  1069 Max:  1069 Err:     0 (0.00%) Active: 2 Started: 2 Finished: 0
2021-11-30 03:38:26,802 INFO o.a.j.JMeter: Finished remote host: slave-2 (1638243506802)
2021-11-30 03:38:26,841 INFO o.a.j.v.b.BackendListener: Worker ended
2021-11-30 03:38:26,843 INFO o.a.j.v.b.i.InfluxdbBackendListenerClient: Sending last metrics
2021-11-30 03:38:26,848 INFO o.a.j.v.b.i.HttpMetricsSender: Destroying 
2021-11-30 03:38:26,862 INFO o.a.j.r.Summariser: summary +      7 in 00:00:26 =    0.3/s Avg:   530 Min:   399 Max:  1122 Err:     0 (0.00%) Active: 0 Started: 20 Finished: 20
2021-11-30 03:38:26,863 INFO o.a.j.r.Summariser: summary =      8 in 00:00:27 =    0.3/s Avg:   597 Min:   399 Max:  1122 Err:     0 (0.00%)
2021-11-30 03:38:26,865 INFO o.a.j.JMeter: Finished remote host: slave-1 (1638243506865)
2021-11-30 03:38:26,866 INFO o.a.j.JMeter: All remote engines have ended test, starting RemoteTestStopper thread
2021-11-30 03:38:26,868 INFO o.a.j.e.ClientJMeterEngine: about to exit remote server on slave-2
2021-11-30 03:38:26,922 INFO o.a.j.e.ClientJMeterEngine: about to exit remote server on slave-1
2021-11-30 03:38:31,977 INFO o.a.j.JMeter: Interrupting RMI Reaper
2021-11-30 03:38:31,978 INFO o.a.j.JMeter: Generating Dashboard
2021-11-30 03:38:31,980 INFO o.a.j.r.d.ReportGenerator: Flushing result collector before report Generation
2021-11-30 03:38:31,999 INFO o.a.j.r.p.NormalizerSampleConsumer: Using format, 'ms', to parse timeStamp field
2021-11-30 03:38:32,029 INFO o.a.j.r.p.AbstractSampleConsumer: class org.apache.jmeter.report.processor.AggregateConsumer#stopProducing(): beginDate produced 0 samples
2021-11-30 03:38:32,030 INFO o.a.j.r.p.AbstractSampleConsumer: class org.apache.jmeter.report.processor.AggregateConsumer#stopProducing(): endDate produced 0 samples
2021-11-30 03:38:32,033 INFO o.a.j.r.p.AbstractSampleConsumer: class org.apache.jmeter.report.processor.ApdexSummaryConsumer#stopProducing(): apdexSummary produced 0 samples
2021-11-30 03:38:32,033 INFO o.a.j.r.p.AbstractSampleConsumer: class org.apache.jmeter.report.processor.RequestsSummaryConsumer#stopProducing(): requestsSummary produced 0 samples
2021-11-30 03:38:32,036 INFO o.a.j.r.p.AbstractSampleConsumer: class org.apache.jmeter.report.processor.StatisticsSummaryConsumer#stopProducing(): statisticsSummary produced 0 samples
2021-11-30 03:38:32,041 INFO o.a.j.r.p.AbstractSampleConsumer: class org.apache.jmeter.report.processor.Top5ErrorsBySamplerConsumer#stopProducing(): top5ErrorsBySampler produced 0 samples
2021-11-30 03:38:32,042 INFO o.a.j.r.p.AbstractSampleConsumer: class org.apache.jmeter.report.processor.ErrorsSummaryConsumer#stopProducing(): errorsSummary produced 0 samples
2021-11-30 03:38:32,042 INFO o.a.j.r.p.AbstractSampleConsumer: class org.apache.jmeter.report.processor.graph.impl.HitsPerSecondGraphConsumer#stopProducing(): hitsPerSecond produced 0 samples
2021-11-30 03:38:32,058 INFO o.a.j.r.p.AbstractSampleConsumer: class org.apache.jmeter.report.processor.graph.impl.LatencyVSRequestGraphConsumer#stopProducing(): latencyVsRequest produced 0 samples
2021-11-30 03:38:32,059 INFO o.a.j.r.p.AbstractSampleConsumer: class org.apache.jmeter.report.processor.graph.impl.SyntheticResponseTimeDistributionGraphConsumer#stopProducing(): syntheticResponseTimeDistribution produced 0 samples
2021-11-30 03:38:32,060 INFO o.a.j.r.p.AbstractSampleConsumer: class org.apache.jmeter.report.processor.graph.impl.BytesThroughputGraphConsumer#stopProducing(): bytesThroughputOverTime produced 0 samples
2021-11-30 03:38:32,061 INFO o.a.j.r.p.AbstractSampleConsumer: class org.apache.jmeter.report.processor.graph.impl.CodesPerSecondGraphConsumer#stopProducing(): codesPerSecond produced 0 samples
2021-11-30 03:38:32,063 INFO o.a.j.r.p.AbstractSampleConsumer: class org.apache.jmeter.report.processor.graph.impl.ResponseTimeVSRequestGraphConsumer#stopProducing(): responseTimeVsRequest produced 0 samples
2021-11-30 03:38:32,064 INFO o.a.j.r.p.AbstractSampleConsumer: class org.apache.jmeter.report.processor.FilterConsumer#stopProducing(): startIntervalControlerFilter produced 56 samples
2021-11-30 03:38:32,065 INFO o.a.j.r.p.AbstractSampleConsumer: class org.apache.jmeter.report.processor.graph.impl.TotalTPSGraphConsumer#stopProducing(): totalTPS produced 0 samples
2021-11-30 03:38:32,066 INFO o.a.j.r.p.AbstractSampleConsumer: class org.apache.jmeter.report.processor.graph.impl.ActiveThreadsGraphConsumer#stopProducing(): activeThreadsOverTime produced 0 samples
2021-11-30 03:38:32,070 INFO o.a.j.r.p.AbstractSampleConsumer: class org.apache.jmeter.report.processor.graph.impl.TimeVSThreadGraphConsumer#stopProducing(): timeVsThreads produced 0 samples
2021-11-30 03:38:32,072 INFO o.a.j.r.p.AbstractSampleConsumer: class org.apache.jmeter.report.processor.graph.impl.ResponseTimeDistributionGraphConsumer#stopProducing(): responseTimeDistribution produced 0 samples
2021-11-30 03:38:32,075 INFO o.a.j.r.p.AbstractSampleConsumer: class org.apache.jmeter.report.processor.graph.impl.TransactionsPerSecondGraphConsumer#stopProducing(): transactionsPerSecond produced 0 samples
2021-11-30 03:38:32,078 INFO o.a.j.r.p.AbstractSampleConsumer: class org.apache.jmeter.report.processor.graph.impl.ResponseTimePercentilesGraphConsumer#stopProducing(): responseTimePercentiles produced 0 samples
2021-11-30 03:38:32,084 INFO o.a.j.r.p.AbstractSampleConsumer: class org.apache.jmeter.report.processor.graph.impl.ResponseTimePercentilesOverTimeGraphConsumer#stopProducing(): responseTimePercentilesOverTime produced 0 samples
2021-11-30 03:38:32,085 INFO o.a.j.r.p.AbstractSampleConsumer: class org.apache.jmeter.report.processor.graph.impl.ResponseTimeOverTimeGraphConsumer#stopProducing(): responseTimesOverTime produced 0 samples
2021-11-30 03:38:32,086 INFO o.a.j.r.p.AbstractSampleConsumer: class org.apache.jmeter.report.processor.graph.impl.ConnectTimeOverTimeGraphConsumer#stopProducing(): connectTimeOverTime produced 0 samples
2021-11-30 03:38:32,087 INFO o.a.j.r.p.AbstractSampleConsumer: class org.apache.jmeter.report.processor.graph.impl.LatencyOverTimeGraphConsumer#stopProducing(): latenciesOverTime produced 0 samples
2021-11-30 03:38:32,088 INFO o.a.j.r.p.AbstractSampleConsumer: class org.apache.jmeter.report.processor.FilterConsumer#stopProducing(): nameFilter produced 120 samples
2021-11-30 03:38:32,089 INFO o.a.j.r.p.AbstractSampleConsumer: class org.apache.jmeter.report.processor.FilterConsumer#stopProducing(): dateRangeFilter produced 24 samples
2021-11-30 03:38:32,093 INFO o.a.j.r.p.AbstractSampleConsumer: class org.apache.jmeter.report.processor.NormalizerSampleConsumer#stopProducing(): normalizer produced 8 samples
2021-11-30 03:38:32,096 INFO o.a.j.r.p.CsvFileSampleSource: produce(): 8 samples produced in 82ms on channel 0
2021-11-30 03:38:32,097 INFO o.a.j.r.d.ReportGenerator: Exporting data using exporter:'json' of className:'org.apache.jmeter.report.dashboard.JsonExporter'
2021-11-30 03:38:32,099 INFO o.a.j.r.d.JsonExporter: Found data for consumer statisticsSummary?in context
2021-11-30 03:38:32,102 INFO o.a.j.r.d.JsonExporter: Creating statistics for overall
2021-11-30 03:38:32,103 INFO o.a.j.r.d.JsonExporter: Creating statistics for other transactions
2021-11-30 03:38:32,104 INFO o.a.j.r.d.JsonExporter: Checking output folder
2021-11-30 03:38:32,110 INFO o.a.j.r.d.JsonExporter: Writing statistics JSON to /results/output/Tue_Nov_30_03:37:56_UTC_2021/dashboard/statistics.json
2021-11-30 03:38:32,244 INFO o.a.j.r.d.ReportGenerator: Exporting data using exporter:'html' of className:'org.apache.jmeter.report.dashboard.HtmlTemplateExporter'
2021-11-30 03:38:32,249 INFO o.a.j.r.d.HtmlTemplateExporter: Will generate dashboard in folder: /results/output/Tue_Nov_30_03:37:56_UTC_2021/dashboard
2021-11-30 03:38:32,369 ERROR f.configuration: DefaultObjectWrapper.incompatibleImprovements was set to the object returned by Configuration.getVersion(). That defeats the purpose of incompatibleImprovements, and makes upgrading FreeMarker a potentially breaking change. Also, this probably won't be allowed starting from 2.4.0. Instead, set incompatibleImprovements to the highest concrete version that's known to be compatible with your application.
2021-11-30 03:38:32,372 ERROR f.configuration: Configuration.incompatibleImprovements was set to the object returned by Configuration.getVersion(). That defeats the purpose of incompatibleImprovements, and makes upgrading FreeMarker a potentially breaking change. Also, this probably won't be allowed starting from 2.4.0. Instead, set incompatibleImprovements to the highest concrete version that's known to be compatible with your application.
2021-11-30 03:38:32,383 INFO o.a.j.r.d.HtmlTemplateExporter: Report will be generated in: /results/output/Tue_Nov_30_03:37:56_UTC_2021/dashboard, creating folder structure
2021-11-30 03:38:32,388 INFO o.a.j.r.d.TemplateVisitor: Copying folder from '/opt/apache-jmeter-5.3/bin/report-template' to '/results/output/Tue_Nov_30_03:37:56_UTC_2021/dashboard', got message: /results/output/Tue_Nov_30_03:37:56_UTC_2021/dashboard, found non empty folder with following content [/results/output/Tue_Nov_30_03:37:56_UTC_2021/dashboard/statistics.json], will be ignored
2021-11-30 03:38:33,482 INFO o.a.j.JMeter: Dashboard generated
