2021-12-29 23:00:54,657 INFO o.a.j.u.JMeterUtils: Setting Locale to en_EN
2021-12-29 23:00:54,678 INFO o.a.j.JMeter: Loading user properties from: /opt/apache-jmeter-5.3/bin/user.properties
2021-12-29 23:00:54,680 INFO o.a.j.JMeter: Loading system properties from: /opt/apache-jmeter-5.3/bin/system.properties
2021-12-29 23:00:54,681 INFO o.a.j.JMeter: Setting JMeter property: client.rmi.localport=7000
2021-12-29 23:00:54,682 INFO o.a.j.JMeter: Setting JMeter property: server.rmi.ssl.disable=true
2021-12-29 23:00:54,682 INFO o.a.j.JMeter: Setting JMeter property: jmeter.save.saveservice.subresults=false
2021-12-29 23:00:54,684 INFO o.a.j.JMeter: Copyright (c) 1998-2020 The Apache Software Foundation
2021-12-29 23:00:54,685 INFO o.a.j.JMeter: Version 5.3
2021-12-29 23:00:54,687 INFO o.a.j.JMeter: java.version=1.8.0_292
2021-12-29 23:00:54,688 INFO o.a.j.JMeter: java.vm.name=OpenJDK 64-Bit Server VM
2021-12-29 23:00:54,688 INFO o.a.j.JMeter: os.name=Linux
2021-12-29 23:00:54,689 INFO o.a.j.JMeter: os.arch=amd64
2021-12-29 23:00:54,689 INFO o.a.j.JMeter: os.version=5.10.76-linuxkit
2021-12-29 23:00:54,690 INFO o.a.j.JMeter: file.encoding=ANSI_X3.4-1968
2021-12-29 23:00:54,690 INFO o.a.j.JMeter: java.awt.headless=true
2021-12-29 23:00:54,691 INFO o.a.j.JMeter: Max memory     =2147483648
2021-12-29 23:00:54,691 INFO o.a.j.JMeter: Available Processors =4
2021-12-29 23:00:54,697 INFO o.a.j.JMeter: Default Locale=English (EN)
2021-12-29 23:00:54,697 INFO o.a.j.JMeter: JMeter  Locale=English (EN)
2021-12-29 23:00:54,698 INFO o.a.j.JMeter: JMeterHome=/opt/apache-jmeter-5.3
2021-12-29 23:00:54,698 INFO o.a.j.JMeter: user.dir  =/Scripts
2021-12-29 23:00:54,699 INFO o.a.j.JMeter: PWD       =/Scripts
2021-12-29 23:00:54,700 INFO o.a.j.JMeter: IP: 172.29.0.5 Name: jmeter FullName: jmeter
2021-12-29 23:00:54,703 INFO o.a.j.JMeter: Setting property 'jmeter.reportgenerator.outputdir' to:'/results/output/Wed_Dec_29_23:00:53_UTC_2021/dashboard'
2021-12-29 23:00:54,709 INFO o.a.j.s.FileServer: Default base='/Scripts'
2021-12-29 23:00:54,713 INFO o.a.j.s.FileServer: Set new base='/JMX'
2021-12-29 23:00:54,863 INFO o.a.j.s.SaveService: Testplan (JMX) version: 2.2. Testlog (JTL) version: 2.2
2021-12-29 23:00:54,889 INFO o.a.j.s.SaveService: Using SaveService properties file encoding UTF-8
2021-12-29 23:00:54,896 INFO o.a.j.s.SaveService: Using SaveService properties version 5.0
2021-12-29 23:00:54,903 INFO o.a.j.s.SaveService: Loading file: /JMX/GoogleTest.jmx
2021-12-29 23:00:54,936 INFO o.a.j.p.h.c.CookieManager: Settings: Delete null: true Check: true Allow variable: true Save: false Prefix: COOKIE_
2021-12-29 23:00:54,942 INFO o.a.j.p.h.c.CacheManager: Will only cache the following methods: [GET]
2021-12-29 23:00:54,958 INFO o.a.j.p.h.s.HTTPSamplerBase: Parser for text/html is org.apache.jmeter.protocol.http.parser.LagartoBasedHtmlParser
2021-12-29 23:00:54,959 INFO o.a.j.p.h.s.HTTPSamplerBase: Parser for application/xhtml+xml is org.apache.jmeter.protocol.http.parser.LagartoBasedHtmlParser
2021-12-29 23:00:54,959 INFO o.a.j.p.h.s.HTTPSamplerBase: Parser for application/xml is org.apache.jmeter.protocol.http.parser.LagartoBasedHtmlParser
2021-12-29 23:00:54,960 INFO o.a.j.p.h.s.HTTPSamplerBase: Parser for text/xml is org.apache.jmeter.protocol.http.parser.LagartoBasedHtmlParser
2021-12-29 23:00:54,960 INFO o.a.j.p.h.s.HTTPSamplerBase: Parser for text/vnd.wap.wml is org.apache.jmeter.protocol.http.parser.RegexpHTMLParser
2021-12-29 23:00:54,960 INFO o.a.j.p.h.s.HTTPSamplerBase: Parser for text/css is org.apache.jmeter.protocol.http.parser.CssParser
2021-12-29 23:00:54,966 INFO o.a.j.s.SampleResult: Note: Sample TimeStamps are START times
2021-12-29 23:00:54,967 INFO o.a.j.s.SampleResult: sampleresult.default.encoding is set to ISO-8859-1
2021-12-29 23:00:54,967 INFO o.a.j.s.SampleResult: sampleresult.useNanoTime=true
2021-12-29 23:00:54,967 INFO o.a.j.s.SampleResult: sampleresult.nanoThreadSleep=5000
2021-12-29 23:00:55,017 INFO o.a.j.JMeter: Creating summariser <summary>
2021-12-29 23:00:55,031 INFO o.a.j.r.d.ReportGenerator: ReportGenerator will use for Parsing the separator: ','
2021-12-29 23:00:55,033 INFO o.a.j.r.d.ReportGenerator: Will generate report at end of test from  results file: /results/output/Wed_Dec_29_23:00:53_UTC_2021/GoogleTest.jtl
2021-12-29 23:00:55,034 INFO o.a.j.r.d.ReportGenerator: Reading report generator properties from: /opt/apache-jmeter-5.3/bin/reportgenerator.properties
2021-12-29 23:00:55,036 INFO o.a.j.r.d.ReportGenerator: Merging with JMeter properties
2021-12-29 23:00:55,054 INFO o.a.j.r.c.ReportGeneratorConfiguration: Property 'jmeter.reportgenerator.temp_dir' not found, using default value 'temp' instead.
2021-12-29 23:00:55,058 INFO o.a.j.r.c.ReportGeneratorConfiguration: Property 'jmeter.reportgenerator.apdex_per_transaction' not found, using default value 'null' instead.
2021-12-29 23:00:55,059 INFO o.a.j.r.c.ReportGeneratorConfiguration: apdex_per_transaction is empty, not APDEX per transaction customization
2021-12-29 23:00:55,060 INFO o.a.j.r.c.ReportGeneratorConfiguration: Property 'jmeter.reportgenerator.sample_filter' not found, using default value 'null' instead.
2021-12-29 23:00:55,061 INFO o.a.j.r.c.ReportGeneratorConfiguration: Property 'jmeter.reportgenerator.report_title' not found, using default value 'null' instead.
2021-12-29 23:00:55,061 INFO o.a.j.r.c.ReportGeneratorConfiguration: Property 'jmeter.reportgenerator.start_date' not found, using default value 'null' instead.
2021-12-29 23:00:55,062 INFO o.a.j.r.c.ReportGeneratorConfiguration: Property 'jmeter.reportgenerator.end_date' not found, using default value 'null' instead.
2021-12-29 23:00:55,062 INFO o.a.j.r.c.ReportGeneratorConfiguration: Property 'jmeter.reportgenerator.date_format' not found, using default value 'null' instead.
2021-12-29 23:00:55,063 INFO o.a.j.r.c.ReportGeneratorConfiguration: Will use date range start date: null, end date: null
2021-12-29 23:00:55,075 INFO o.a.j.r.c.ReportGeneratorConfiguration: Property 'jmeter.reportgenerator.graph.totalTPS.exclude_controllers' not found, using default value 'false' instead.
2021-12-29 23:00:55,076 INFO o.a.j.r.c.ReportGeneratorConfiguration: Property 'jmeter.reportgenerator.graph.activeThreadsOverTime.exclude_controllers' not found, using default value 'false' instead.
2021-12-29 23:00:55,077 INFO o.a.j.r.c.ReportGeneratorConfiguration: Property 'jmeter.reportgenerator.graph.timeVsThreads.exclude_controllers' not found, using default value 'false' instead.
2021-12-29 23:00:55,078 INFO o.a.j.r.c.ReportGeneratorConfiguration: Property 'jmeter.reportgenerator.graph.responseTimeDistribution.exclude_controllers' not found, using default value 'false' instead.
2021-12-29 23:00:55,079 INFO o.a.j.r.c.ReportGeneratorConfiguration: Property 'jmeter.reportgenerator.graph.transactionsPerSecond.exclude_controllers' not found, using default value 'false' instead.
2021-12-29 23:00:55,080 INFO o.a.j.r.c.ReportGeneratorConfiguration: Property 'jmeter.reportgenerator.graph.responseTimePercentiles.exclude_controllers' not found, using default value 'false' instead.
2021-12-29 23:00:55,081 INFO o.a.j.r.c.ReportGeneratorConfiguration: Property 'jmeter.reportgenerator.graph.responseTimePercentilesOverTime.exclude_controllers' not found, using default value 'false' instead.
2021-12-29 23:00:55,082 INFO o.a.j.r.c.ReportGeneratorConfiguration: Property 'jmeter.reportgenerator.graph.responseTimesOverTime.exclude_controllers' not found, using default value 'false' instead.
2021-12-29 23:00:55,083 INFO o.a.j.r.c.ReportGeneratorConfiguration: Property 'jmeter.reportgenerator.graph.connectTimeOverTime.exclude_controllers' not found, using default value 'false' instead.
2021-12-29 23:00:55,084 INFO o.a.j.r.c.ReportGeneratorConfiguration: Property 'jmeter.reportgenerator.graph.latenciesOverTime.exclude_controllers' not found, using default value 'false' instead.
2021-12-29 23:00:55,087 INFO o.a.j.r.c.ReportGeneratorConfiguration: Property 'jmeter.reportgenerator.exporter.json.filters_only_sample_series' not found, using default value 'true' instead.
2021-12-29 23:00:55,087 INFO o.a.j.r.c.ReportGeneratorConfiguration: Property 'jmeter.reportgenerator.exporter.json.series_filter' not found, using default value '' instead.
2021-12-29 23:00:55,089 INFO o.a.j.r.c.ReportGeneratorConfiguration: Property 'jmeter.reportgenerator.exporter.json.show_controllers_only' not found, using default value 'false' instead.
2021-12-29 23:00:55,090 INFO o.a.j.r.c.ReportGeneratorConfiguration: Property 'jmeter.reportgenerator.exporter.html.filters_only_sample_series' not found, using default value 'true' instead.
2021-12-29 23:00:55,091 INFO o.a.j.r.c.ReportGeneratorConfiguration: Property 'jmeter.reportgenerator.exporter.html.series_filter' not found, using default value '' instead.
2021-12-29 23:00:55,091 INFO o.a.j.r.c.ReportGeneratorConfiguration: Property 'jmeter.reportgenerator.exporter.html.show_controllers_only' not found, using default value 'false' instead.
2021-12-29 23:00:55,096 INFO o.a.j.e.DistributedRunner: Configuring remote engine: slave-1
2021-12-29 23:00:55,102 INFO o.a.j.r.RmiUtils: Disabling SSL for RMI as server.rmi.ssl.disable is set to 'true'
2021-12-29 23:00:55,177 INFO o.a.j.e.DistributedRunner: Configuring remote engine: slave-2
2021-12-29 23:00:55,178 INFO o.a.j.r.RmiUtils: Disabling SSL for RMI as server.rmi.ssl.disable is set to 'true'
2021-12-29 23:00:55,214 INFO o.a.j.e.DistributedRunner: Starting distributed test with remote engines: [slave-2, slave-1] @ Wed Dec 29 23:00:55 UTC 2021 (1640818855213)
2021-12-29 23:00:55,215 INFO o.a.j.e.ClientJMeterEngine: running clientengine run method
2021-12-29 23:00:55,226 INFO o.a.j.e.u.CompoundVariable: Note: Function class names must contain the string: '.functions.'
2021-12-29 23:00:55,227 INFO o.a.j.e.u.CompoundVariable: Note: Function class names must not contain the string: '.gui.'
2021-12-29 23:00:55,517 INFO o.a.j.r.RmiUtils: Disabling SSL for RMI as server.rmi.ssl.disable is set to 'true'
2021-12-29 23:00:55,518 INFO o.a.j.r.RmiUtils: Disabling SSL for RMI as server.rmi.ssl.disable is set to 'true'
2021-12-29 23:00:55,520 INFO o.a.j.s.SampleEvent: List of sample_variables: []
2021-12-29 23:00:55,524 INFO o.a.j.s.BatchSampleSender: Using batching (client settings) for this run. Thresholds: num=100, time=60000
2021-12-29 23:00:55,525 INFO o.a.j.s.DataStrippingSampleSender: Using DataStrippingSampleSender for this run
2021-12-29 23:00:55,526 INFO o.a.j.r.RmiUtils: Disabling SSL for RMI as server.rmi.ssl.disable is set to 'true'
2021-12-29 23:00:55,527 INFO o.a.j.r.RmiUtils: Disabling SSL for RMI as server.rmi.ssl.disable is set to 'true'
2021-12-29 23:00:55,984 INFO o.a.j.r.RmiUtils: Disabling SSL for RMI as server.rmi.ssl.disable is set to 'true'
2021-12-29 23:00:55,985 INFO o.a.j.r.RmiUtils: Disabling SSL for RMI as server.rmi.ssl.disable is set to 'true'
2021-12-29 23:00:55,986 INFO o.a.j.r.RmiUtils: Disabling SSL for RMI as server.rmi.ssl.disable is set to 'true'
2021-12-29 23:00:55,987 INFO o.a.j.r.RmiUtils: Disabling SSL for RMI as server.rmi.ssl.disable is set to 'true'
2021-12-29 23:00:55,988 INFO o.a.j.s.BatchSampleSender: Using batching (client settings) for this run. Thresholds: num=100, time=60000
2021-12-29 23:00:55,988 INFO o.a.j.s.DataStrippingSampleSender: Using DataStrippingSampleSender for this run
2021-12-29 23:00:56,129 INFO o.a.j.e.ClientJMeterEngine: sent test to slave-2 basedir='.'
2021-12-29 23:00:56,130 INFO o.a.j.e.ClientJMeterEngine: Sending properties {}
2021-12-29 23:00:56,140 INFO o.a.j.e.ClientJMeterEngine: sent run command to slave-2
2021-12-29 23:00:56,143 INFO o.a.j.e.ClientJMeterEngine: running clientengine run method
2021-12-29 23:00:56,145 INFO o.a.j.r.RmiUtils: Disabling SSL for RMI as server.rmi.ssl.disable is set to 'true'
2021-12-29 23:00:56,146 INFO o.a.j.r.RmiUtils: Disabling SSL for RMI as server.rmi.ssl.disable is set to 'true'
2021-12-29 23:00:56,147 INFO o.a.j.s.BatchSampleSender: Using batching (client settings) for this run. Thresholds: num=100, time=60000
2021-12-29 23:00:56,154 INFO o.a.j.s.DataStrippingSampleSender: Using DataStrippingSampleSender for this run
2021-12-29 23:00:56,155 INFO o.a.j.r.RmiUtils: Disabling SSL for RMI as server.rmi.ssl.disable is set to 'true'
2021-12-29 23:00:56,157 INFO o.a.j.r.RmiUtils: Disabling SSL for RMI as server.rmi.ssl.disable is set to 'true'
2021-12-29 23:00:56,171 INFO o.a.j.r.RmiUtils: Disabling SSL for RMI as server.rmi.ssl.disable is set to 'true'
2021-12-29 23:00:56,172 INFO o.a.j.r.RmiUtils: Disabling SSL for RMI as server.rmi.ssl.disable is set to 'true'
2021-12-29 23:00:56,173 INFO o.a.j.r.RmiUtils: Disabling SSL for RMI as server.rmi.ssl.disable is set to 'true'
2021-12-29 23:00:56,174 INFO o.a.j.r.RmiUtils: Disabling SSL for RMI as server.rmi.ssl.disable is set to 'true'
2021-12-29 23:00:56,175 INFO o.a.j.s.BatchSampleSender: Using batching (client settings) for this run. Thresholds: num=100, time=60000
2021-12-29 23:00:56,176 INFO o.a.j.s.DataStrippingSampleSender: Using DataStrippingSampleSender for this run
2021-12-29 23:00:56,356 INFO o.a.j.e.ClientJMeterEngine: sent test to slave-1 basedir='.'
2021-12-29 23:00:56,356 INFO o.a.j.e.ClientJMeterEngine: Sending properties {}
2021-12-29 23:00:56,371 INFO o.a.j.e.ClientJMeterEngine: sent run command to slave-1
2021-12-29 23:00:56,373 INFO o.a.j.e.DistributedRunner: Remote engines have been started:[slave-2, slave-1]
2021-12-29 23:00:57,128 INFO o.a.j.v.b.BackendListener: SimpleReqListener: Starting worker with class: class org.apache.jmeter.visualizers.backend.influxdb.InfluxdbBackendListenerClient and queue capacity: 5000
2021-12-29 23:00:57,133 INFO o.a.j.v.b.BackendListener: SimpleReqListener: Started  worker with class: class org.apache.jmeter.visualizers.backend.influxdb.InfluxdbBackendListenerClient
2021-12-29 23:00:58,027 INFO o.a.j.JMeter: Started remote host:  slave-2 (1640818858027)
2021-12-29 23:00:58,027 INFO o.a.j.JMeter: Started remote host:  slave-1 (1640818858027)
2021-12-29 23:01:00,122 INFO o.a.j.r.Summariser: summary +      1 in 00:00:02 =    0.5/s Avg:  1330 Min:  1330 Max:  1330 Err:     0 (0.00%) Active: 2 Started: 2 Finished: 0
2021-12-29 23:01:25,285 INFO o.a.j.JMeter: Finished remote host: slave-1 (1640818885285)
2021-12-29 23:01:25,338 INFO o.a.j.v.b.BackendListener: Worker ended
2021-12-29 23:01:25,342 INFO o.a.j.v.b.i.InfluxdbBackendListenerClient: Sending last metrics
2021-12-29 23:01:25,350 INFO o.a.j.v.b.i.HttpMetricsSender: Destroying 
2021-12-29 23:01:25,402 INFO o.a.j.r.Summariser: summary +      7 in 00:00:25 =    0.3/s Avg:   511 Min:   326 Max:  1336 Err:     0 (0.00%) Active: 0 Started: 20 Finished: 20
2021-12-29 23:01:25,404 INFO o.a.j.r.Summariser: summary =      8 in 00:00:27 =    0.3/s Avg:   613 Min:   326 Max:  1336 Err:     0 (0.00%)
2021-12-29 23:01:25,406 INFO o.a.j.JMeter: Finished remote host: slave-2 (1640818885406)
2021-12-29 23:01:25,411 INFO o.a.j.JMeter: All remote engines have ended test, starting RemoteTestStopper thread
2021-12-29 23:01:25,427 INFO o.a.j.e.ClientJMeterEngine: about to exit remote server on slave-2
2021-12-29 23:01:25,513 INFO o.a.j.e.ClientJMeterEngine: about to exit remote server on slave-1
2021-12-29 23:01:30,589 INFO o.a.j.JMeter: Interrupting RMI Reaper
2021-12-29 23:01:30,590 INFO o.a.j.JMeter: Generating Dashboard
2021-12-29 23:01:30,590 INFO o.a.j.r.d.ReportGenerator: Flushing result collector before report Generation
2021-12-29 23:01:30,618 INFO o.a.j.r.p.NormalizerSampleConsumer: Using format, 'ms', to parse timeStamp field
2021-12-29 23:01:30,693 INFO o.a.j.r.p.AbstractSampleConsumer: class org.apache.jmeter.report.processor.AggregateConsumer#stopProducing(): beginDate produced 0 samples
2021-12-29 23:01:30,693 INFO o.a.j.r.p.AbstractSampleConsumer: class org.apache.jmeter.report.processor.AggregateConsumer#stopProducing(): endDate produced 0 samples
2021-12-29 23:01:30,697 INFO o.a.j.r.p.AbstractSampleConsumer: class org.apache.jmeter.report.processor.ApdexSummaryConsumer#stopProducing(): apdexSummary produced 0 samples
2021-12-29 23:01:30,698 INFO o.a.j.r.p.AbstractSampleConsumer: class org.apache.jmeter.report.processor.RequestsSummaryConsumer#stopProducing(): requestsSummary produced 0 samples
2021-12-29 23:01:30,699 INFO o.a.j.r.p.AbstractSampleConsumer: class org.apache.jmeter.report.processor.StatisticsSummaryConsumer#stopProducing(): statisticsSummary produced 0 samples
2021-12-29 23:01:30,706 INFO o.a.j.r.p.AbstractSampleConsumer: class org.apache.jmeter.report.processor.Top5ErrorsBySamplerConsumer#stopProducing(): top5ErrorsBySampler produced 0 samples
2021-12-29 23:01:30,706 INFO o.a.j.r.p.AbstractSampleConsumer: class org.apache.jmeter.report.processor.ErrorsSummaryConsumer#stopProducing(): errorsSummary produced 0 samples
2021-12-29 23:01:30,707 INFO o.a.j.r.p.AbstractSampleConsumer: class org.apache.jmeter.report.processor.graph.impl.HitsPerSecondGraphConsumer#stopProducing(): hitsPerSecond produced 0 samples
2021-12-29 23:01:30,734 INFO o.a.j.r.p.AbstractSampleConsumer: class org.apache.jmeter.report.processor.graph.impl.LatencyVSRequestGraphConsumer#stopProducing(): latencyVsRequest produced 0 samples
2021-12-29 23:01:30,734 INFO o.a.j.r.p.AbstractSampleConsumer: class org.apache.jmeter.report.processor.graph.impl.SyntheticResponseTimeDistributionGraphConsumer#stopProducing(): syntheticResponseTimeDistribution produced 0 samples
2021-12-29 23:01:30,735 INFO o.a.j.r.p.AbstractSampleConsumer: class org.apache.jmeter.report.processor.graph.impl.BytesThroughputGraphConsumer#stopProducing(): bytesThroughputOverTime produced 0 samples
2021-12-29 23:01:30,736 INFO o.a.j.r.p.AbstractSampleConsumer: class org.apache.jmeter.report.processor.graph.impl.CodesPerSecondGraphConsumer#stopProducing(): codesPerSecond produced 0 samples
2021-12-29 23:01:30,752 INFO o.a.j.r.p.AbstractSampleConsumer: class org.apache.jmeter.report.processor.graph.impl.ResponseTimeVSRequestGraphConsumer#stopProducing(): responseTimeVsRequest produced 0 samples
2021-12-29 23:01:30,752 INFO o.a.j.r.p.AbstractSampleConsumer: class org.apache.jmeter.report.processor.FilterConsumer#stopProducing(): startIntervalControlerFilter produced 56 samples
2021-12-29 23:01:30,753 INFO o.a.j.r.p.AbstractSampleConsumer: class org.apache.jmeter.report.processor.graph.impl.TotalTPSGraphConsumer#stopProducing(): totalTPS produced 0 samples
2021-12-29 23:01:30,754 INFO o.a.j.r.p.AbstractSampleConsumer: class org.apache.jmeter.report.processor.graph.impl.ActiveThreadsGraphConsumer#stopProducing(): activeThreadsOverTime produced 0 samples
2021-12-29 23:01:30,754 INFO o.a.j.r.p.AbstractSampleConsumer: class org.apache.jmeter.report.processor.graph.impl.TimeVSThreadGraphConsumer#stopProducing(): timeVsThreads produced 0 samples
2021-12-29 23:01:30,755 INFO o.a.j.r.p.AbstractSampleConsumer: class org.apache.jmeter.report.processor.graph.impl.ResponseTimeDistributionGraphConsumer#stopProducing(): responseTimeDistribution produced 0 samples
2021-12-29 23:01:30,756 INFO o.a.j.r.p.AbstractSampleConsumer: class org.apache.jmeter.report.processor.graph.impl.TransactionsPerSecondGraphConsumer#stopProducing(): transactionsPerSecond produced 0 samples
2021-12-29 23:01:30,757 INFO o.a.j.r.p.AbstractSampleConsumer: class org.apache.jmeter.report.processor.graph.impl.ResponseTimePercentilesGraphConsumer#stopProducing(): responseTimePercentiles produced 0 samples
2021-12-29 23:01:30,760 INFO o.a.j.r.p.AbstractSampleConsumer: class org.apache.jmeter.report.processor.graph.impl.ResponseTimePercentilesOverTimeGraphConsumer#stopProducing(): responseTimePercentilesOverTime produced 0 samples
2021-12-29 23:01:30,761 INFO o.a.j.r.p.AbstractSampleConsumer: class org.apache.jmeter.report.processor.graph.impl.ResponseTimeOverTimeGraphConsumer#stopProducing(): responseTimesOverTime produced 0 samples
2021-12-29 23:01:30,761 INFO o.a.j.r.p.AbstractSampleConsumer: class org.apache.jmeter.report.processor.graph.impl.ConnectTimeOverTimeGraphConsumer#stopProducing(): connectTimeOverTime produced 0 samples
2021-12-29 23:01:30,762 INFO o.a.j.r.p.AbstractSampleConsumer: class org.apache.jmeter.report.processor.graph.impl.LatencyOverTimeGraphConsumer#stopProducing(): latenciesOverTime produced 0 samples
2021-12-29 23:01:30,763 INFO o.a.j.r.p.AbstractSampleConsumer: class org.apache.jmeter.report.processor.FilterConsumer#stopProducing(): nameFilter produced 120 samples
2021-12-29 23:01:30,765 INFO o.a.j.r.p.AbstractSampleConsumer: class org.apache.jmeter.report.processor.FilterConsumer#stopProducing(): dateRangeFilter produced 24 samples
2021-12-29 23:01:30,766 INFO o.a.j.r.p.AbstractSampleConsumer: class org.apache.jmeter.report.processor.NormalizerSampleConsumer#stopProducing(): normalizer produced 8 samples
2021-12-29 23:01:30,767 INFO o.a.j.r.p.CsvFileSampleSource: produce(): 8 samples produced in 136ms on channel 0
2021-12-29 23:01:30,768 INFO o.a.j.r.d.ReportGenerator: Exporting data using exporter:'json' of className:'org.apache.jmeter.report.dashboard.JsonExporter'
2021-12-29 23:01:30,770 INFO o.a.j.r.d.JsonExporter: Found data for consumer statisticsSummary?in context
2021-12-29 23:01:30,770 INFO o.a.j.r.d.JsonExporter: Creating statistics for overall
2021-12-29 23:01:30,771 INFO o.a.j.r.d.JsonExporter: Creating statistics for other transactions
2021-12-29 23:01:30,772 INFO o.a.j.r.d.JsonExporter: Checking output folder
2021-12-29 23:01:30,783 INFO o.a.j.r.d.JsonExporter: Writing statistics JSON to /results/output/Wed_Dec_29_23:00:53_UTC_2021/dashboard/statistics.json
2021-12-29 23:01:30,956 INFO o.a.j.r.d.ReportGenerator: Exporting data using exporter:'html' of className:'org.apache.jmeter.report.dashboard.HtmlTemplateExporter'
2021-12-29 23:01:30,965 INFO o.a.j.r.d.HtmlTemplateExporter: Will generate dashboard in folder: /results/output/Wed_Dec_29_23:00:53_UTC_2021/dashboard
2021-12-29 23:01:31,107 ERROR f.configuration: DefaultObjectWrapper.incompatibleImprovements was set to the object returned by Configuration.getVersion(). That defeats the purpose of incompatibleImprovements, and makes upgrading FreeMarker a potentially breaking change. Also, this probably won't be allowed starting from 2.4.0. Instead, set incompatibleImprovements to the highest concrete version that's known to be compatible with your application.
2021-12-29 23:01:31,109 ERROR f.configuration: Configuration.incompatibleImprovements was set to the object returned by Configuration.getVersion(). That defeats the purpose of incompatibleImprovements, and makes upgrading FreeMarker a potentially breaking change. Also, this probably won't be allowed starting from 2.4.0. Instead, set incompatibleImprovements to the highest concrete version that's known to be compatible with your application.
2021-12-29 23:01:31,123 INFO o.a.j.r.d.HtmlTemplateExporter: Report will be generated in: /results/output/Wed_Dec_29_23:00:53_UTC_2021/dashboard, creating folder structure
2021-12-29 23:01:31,130 INFO o.a.j.r.d.TemplateVisitor: Copying folder from '/opt/apache-jmeter-5.3/bin/report-template' to '/results/output/Wed_Dec_29_23:00:53_UTC_2021/dashboard', got message: /results/output/Wed_Dec_29_23:00:53_UTC_2021/dashboard, found non empty folder with following content [/results/output/Wed_Dec_29_23:00:53_UTC_2021/dashboard/statistics.json], will be ignored
2021-12-29 23:01:34,242 INFO o.a.j.JMeter: Dashboard generated
