2021-11-30 03:47:03,831 INFO o.a.j.u.JMeterUtils: Setting Locale to en_EN
2021-11-30 03:47:03,843 INFO o.a.j.JMeter: Loading user properties from: /opt/apache-jmeter-5.3/bin/user.properties
2021-11-30 03:47:03,844 INFO o.a.j.JMeter: Loading system properties from: /opt/apache-jmeter-5.3/bin/system.properties
2021-11-30 03:47:03,845 INFO o.a.j.JMeter: Setting JMeter property: client.rmi.localport=7000
2021-11-30 03:47:03,846 INFO o.a.j.JMeter: Setting JMeter property: server.rmi.ssl.disable=true
2021-11-30 03:47:03,847 INFO o.a.j.JMeter: Setting JMeter property: jmeter.save.saveservice.subresults=false
2021-11-30 03:47:03,848 INFO o.a.j.JMeter: Copyright (c) 1998-2020 The Apache Software Foundation
2021-11-30 03:47:03,849 INFO o.a.j.JMeter: Version 5.3
2021-11-30 03:47:03,864 INFO o.a.j.JMeter: java.version=1.8.0_292
2021-11-30 03:47:03,865 INFO o.a.j.JMeter: java.vm.name=OpenJDK 64-Bit Server VM
2021-11-30 03:47:03,865 INFO o.a.j.JMeter: os.name=Linux
2021-11-30 03:47:03,866 INFO o.a.j.JMeter: os.arch=amd64
2021-11-30 03:47:03,867 INFO o.a.j.JMeter: os.version=5.10.25-linuxkit
2021-11-30 03:47:03,867 INFO o.a.j.JMeter: file.encoding=ANSI_X3.4-1968
2021-11-30 03:47:03,868 INFO o.a.j.JMeter: java.awt.headless=true
2021-11-30 03:47:03,868 INFO o.a.j.JMeter: Max memory     =2147483648
2021-11-30 03:47:03,869 INFO o.a.j.JMeter: Available Processors =4
2021-11-30 03:47:03,873 INFO o.a.j.JMeter: Default Locale=English (EN)
2021-11-30 03:47:03,874 INFO o.a.j.JMeter: JMeter  Locale=English (EN)
2021-11-30 03:47:03,875 INFO o.a.j.JMeter: JMeterHome=/opt/apache-jmeter-5.3
2021-11-30 03:47:03,875 INFO o.a.j.JMeter: user.dir  =/
2021-11-30 03:47:03,876 INFO o.a.j.JMeter: PWD       =/
2021-11-30 03:47:03,876 INFO o.a.j.JMeter: IP: 172.27.0.5 Name: jmeter FullName: jmeter
2021-11-30 03:47:03,880 INFO o.a.j.JMeter: Setting property 'jmeter.reportgenerator.outputdir' to:'/results/output/Tue_Nov_30_03:47:03_UTC_2021/dashboard'
2021-11-30 03:47:03,882 INFO o.a.j.s.FileServer: Default base='/'
2021-11-30 03:47:03,885 INFO o.a.j.s.FileServer: Set new base='/'
2021-11-30 03:47:04,081 INFO o.a.j.s.SaveService: Testplan (JMX) version: 2.2. Testlog (JTL) version: 2.2
2021-11-30 03:47:04,107 INFO o.a.j.s.SaveService: Using SaveService properties file encoding UTF-8
2021-11-30 03:47:04,116 INFO o.a.j.s.SaveService: Using SaveService properties version 5.0
2021-11-30 03:47:04,125 INFO o.a.j.s.SaveService: Loading file: /GoogleTest.jmx
2021-11-30 03:47:04,158 INFO o.a.j.p.h.c.CookieManager: Settings: Delete null: true Check: true Allow variable: true Save: false Prefix: COOKIE_
2021-11-30 03:47:04,162 INFO o.a.j.p.h.c.CacheManager: Will only cache the following methods: [GET]
2021-11-30 03:47:04,180 INFO o.a.j.p.h.s.HTTPSamplerBase: Parser for text/html is org.apache.jmeter.protocol.http.parser.LagartoBasedHtmlParser
2021-11-30 03:47:04,181 INFO o.a.j.p.h.s.HTTPSamplerBase: Parser for application/xhtml+xml is org.apache.jmeter.protocol.http.parser.LagartoBasedHtmlParser
2021-11-30 03:47:04,182 INFO o.a.j.p.h.s.HTTPSamplerBase: Parser for application/xml is org.apache.jmeter.protocol.http.parser.LagartoBasedHtmlParser
2021-11-30 03:47:04,182 INFO o.a.j.p.h.s.HTTPSamplerBase: Parser for text/xml is org.apache.jmeter.protocol.http.parser.LagartoBasedHtmlParser
2021-11-30 03:47:04,183 INFO o.a.j.p.h.s.HTTPSamplerBase: Parser for text/vnd.wap.wml is org.apache.jmeter.protocol.http.parser.RegexpHTMLParser
2021-11-30 03:47:04,183 INFO o.a.j.p.h.s.HTTPSamplerBase: Parser for text/css is org.apache.jmeter.protocol.http.parser.CssParser
2021-11-30 03:47:04,190 INFO o.a.j.s.SampleResult: Note: Sample TimeStamps are START times
2021-11-30 03:47:04,191 INFO o.a.j.s.SampleResult: sampleresult.default.encoding is set to ISO-8859-1
2021-11-30 03:47:04,191 INFO o.a.j.s.SampleResult: sampleresult.useNanoTime=true
2021-11-30 03:47:04,192 INFO o.a.j.s.SampleResult: sampleresult.nanoThreadSleep=5000
2021-11-30 03:47:04,220 INFO o.a.j.JMeter: Creating summariser <summary>
2021-11-30 03:47:04,228 INFO o.a.j.r.d.ReportGenerator: ReportGenerator will use for Parsing the separator: ','
2021-11-30 03:47:04,230 INFO o.a.j.r.d.ReportGenerator: Will generate report at end of test from  results file: /results/output/Tue_Nov_30_03:47:03_UTC_2021/GoogleTest.jtl
2021-11-30 03:47:04,230 INFO o.a.j.r.d.ReportGenerator: Reading report generator properties from: /opt/apache-jmeter-5.3/bin/reportgenerator.properties
2021-11-30 03:47:04,231 INFO o.a.j.r.d.ReportGenerator: Merging with JMeter properties
2021-11-30 03:47:04,237 INFO o.a.j.r.c.ReportGeneratorConfiguration: Property 'jmeter.reportgenerator.temp_dir' not found, using default value 'temp' instead.
2021-11-30 03:47:04,245 INFO o.a.j.r.c.ReportGeneratorConfiguration: Property 'jmeter.reportgenerator.apdex_per_transaction' not found, using default value 'null' instead.
2021-11-30 03:47:04,245 INFO o.a.j.r.c.ReportGeneratorConfiguration: apdex_per_transaction is empty, not APDEX per transaction customization
2021-11-30 03:47:04,246 INFO o.a.j.r.c.ReportGeneratorConfiguration: Property 'jmeter.reportgenerator.sample_filter' not found, using default value 'null' instead.
2021-11-30 03:47:04,247 INFO o.a.j.r.c.ReportGeneratorConfiguration: Property 'jmeter.reportgenerator.report_title' not found, using default value 'null' instead.
2021-11-30 03:47:04,247 INFO o.a.j.r.c.ReportGeneratorConfiguration: Property 'jmeter.reportgenerator.start_date' not found, using default value 'null' instead.
2021-11-30 03:47:04,248 INFO o.a.j.r.c.ReportGeneratorConfiguration: Property 'jmeter.reportgenerator.end_date' not found, using default value 'null' instead.
2021-11-30 03:47:04,249 INFO o.a.j.r.c.ReportGeneratorConfiguration: Property 'jmeter.reportgenerator.date_format' not found, using default value 'null' instead.
2021-11-30 03:47:04,250 INFO o.a.j.r.c.ReportGeneratorConfiguration: Will use date range start date: null, end date: null
2021-11-30 03:47:04,257 INFO o.a.j.r.c.ReportGeneratorConfiguration: Property 'jmeter.reportgenerator.graph.totalTPS.exclude_controllers' not found, using default value 'false' instead.
2021-11-30 03:47:04,258 INFO o.a.j.r.c.ReportGeneratorConfiguration: Property 'jmeter.reportgenerator.graph.activeThreadsOverTime.exclude_controllers' not found, using default value 'false' instead.
2021-11-30 03:47:04,259 INFO o.a.j.r.c.ReportGeneratorConfiguration: Property 'jmeter.reportgenerator.graph.timeVsThreads.exclude_controllers' not found, using default value 'false' instead.
2021-11-30 03:47:04,260 INFO o.a.j.r.c.ReportGeneratorConfiguration: Property 'jmeter.reportgenerator.graph.responseTimeDistribution.exclude_controllers' not found, using default value 'false' instead.
2021-11-30 03:47:04,261 INFO o.a.j.r.c.ReportGeneratorConfiguration: Property 'jmeter.reportgenerator.graph.transactionsPerSecond.exclude_controllers' not found, using default value 'false' instead.
2021-11-30 03:47:04,261 INFO o.a.j.r.c.ReportGeneratorConfiguration: Property 'jmeter.reportgenerator.graph.responseTimePercentiles.exclude_controllers' not found, using default value 'false' instead.
2021-11-30 03:47:04,262 INFO o.a.j.r.c.ReportGeneratorConfiguration: Property 'jmeter.reportgenerator.graph.responseTimePercentilesOverTime.exclude_controllers' not found, using default value 'false' instead.
2021-11-30 03:47:04,263 INFO o.a.j.r.c.ReportGeneratorConfiguration: Property 'jmeter.reportgenerator.graph.responseTimesOverTime.exclude_controllers' not found, using default value 'false' instead.
2021-11-30 03:47:04,264 INFO o.a.j.r.c.ReportGeneratorConfiguration: Property 'jmeter.reportgenerator.graph.connectTimeOverTime.exclude_controllers' not found, using default value 'false' instead.
2021-11-30 03:47:04,265 INFO o.a.j.r.c.ReportGeneratorConfiguration: Property 'jmeter.reportgenerator.graph.latenciesOverTime.exclude_controllers' not found, using default value 'false' instead.
2021-11-30 03:47:04,267 INFO o.a.j.r.c.ReportGeneratorConfiguration: Property 'jmeter.reportgenerator.exporter.json.filters_only_sample_series' not found, using default value 'true' instead.
2021-11-30 03:47:04,269 INFO o.a.j.r.c.ReportGeneratorConfiguration: Property 'jmeter.reportgenerator.exporter.json.series_filter' not found, using default value '' instead.
2021-11-30 03:47:04,286 INFO o.a.j.r.c.ReportGeneratorConfiguration: Property 'jmeter.reportgenerator.exporter.json.show_controllers_only' not found, using default value 'false' instead.
2021-11-30 03:47:04,288 INFO o.a.j.r.c.ReportGeneratorConfiguration: Property 'jmeter.reportgenerator.exporter.html.filters_only_sample_series' not found, using default value 'true' instead.
2021-11-30 03:47:04,288 INFO o.a.j.r.c.ReportGeneratorConfiguration: Property 'jmeter.reportgenerator.exporter.html.series_filter' not found, using default value '' instead.
2021-11-30 03:47:04,289 INFO o.a.j.r.c.ReportGeneratorConfiguration: Property 'jmeter.reportgenerator.exporter.html.show_controllers_only' not found, using default value 'false' instead.
2021-11-30 03:47:04,293 INFO o.a.j.e.DistributedRunner: Configuring remote engine: slave-1
2021-11-30 03:47:04,296 INFO o.a.j.r.RmiUtils: Disabling SSL for RMI as server.rmi.ssl.disable is set to 'true'
2021-11-30 03:47:04,347 INFO o.a.j.e.DistributedRunner: Configuring remote engine: slave-2
2021-11-30 03:47:04,348 INFO o.a.j.r.RmiUtils: Disabling SSL for RMI as server.rmi.ssl.disable is set to 'true'
2021-11-30 03:47:04,376 INFO o.a.j.e.DistributedRunner: Starting distributed test with remote engines: [slave-2, slave-1] @ Tue Nov 30 03:47:04 UTC 2021 (1638244024375)
2021-11-30 03:47:04,377 INFO o.a.j.e.ClientJMeterEngine: running clientengine run method
2021-11-30 03:47:04,382 INFO o.a.j.e.u.CompoundVariable: Note: Function class names must contain the string: '.functions.'
2021-11-30 03:47:04,382 INFO o.a.j.e.u.CompoundVariable: Note: Function class names must not contain the string: '.gui.'
2021-11-30 03:47:04,638 INFO o.a.j.r.RmiUtils: Disabling SSL for RMI as server.rmi.ssl.disable is set to 'true'
2021-11-30 03:47:04,639 INFO o.a.j.r.RmiUtils: Disabling SSL for RMI as server.rmi.ssl.disable is set to 'true'
2021-11-30 03:47:04,642 INFO o.a.j.s.SampleEvent: List of sample_variables: []
2021-11-30 03:47:04,647 INFO o.a.j.s.BatchSampleSender: Using batching (client settings) for this run. Thresholds: num=100, time=60000
2021-11-30 03:47:04,648 INFO o.a.j.s.DataStrippingSampleSender: Using DataStrippingSampleSender for this run
2021-11-30 03:47:04,649 INFO o.a.j.r.RmiUtils: Disabling SSL for RMI as server.rmi.ssl.disable is set to 'true'
2021-11-30 03:47:04,650 INFO o.a.j.r.RmiUtils: Disabling SSL for RMI as server.rmi.ssl.disable is set to 'true'
2021-11-30 03:47:05,261 INFO o.a.j.r.RmiUtils: Disabling SSL for RMI as server.rmi.ssl.disable is set to 'true'
2021-11-30 03:47:05,262 INFO o.a.j.r.RmiUtils: Disabling SSL for RMI as server.rmi.ssl.disable is set to 'true'
2021-11-30 03:47:05,263 INFO o.a.j.r.RmiUtils: Disabling SSL for RMI as server.rmi.ssl.disable is set to 'true'
2021-11-30 03:47:05,264 INFO o.a.j.r.RmiUtils: Disabling SSL for RMI as server.rmi.ssl.disable is set to 'true'
2021-11-30 03:47:05,265 INFO o.a.j.s.BatchSampleSender: Using batching (client settings) for this run. Thresholds: num=100, time=60000
2021-11-30 03:47:05,265 INFO o.a.j.s.DataStrippingSampleSender: Using DataStrippingSampleSender for this run
2021-11-30 03:47:05,428 INFO o.a.j.e.ClientJMeterEngine: sent test to slave-2 basedir='.'
2021-11-30 03:47:05,429 INFO o.a.j.e.ClientJMeterEngine: Sending properties {}
2021-11-30 03:47:05,438 INFO o.a.j.e.ClientJMeterEngine: sent run command to slave-2
2021-11-30 03:47:05,439 INFO o.a.j.e.ClientJMeterEngine: running clientengine run method
2021-11-30 03:47:05,445 INFO o.a.j.r.RmiUtils: Disabling SSL for RMI as server.rmi.ssl.disable is set to 'true'
2021-11-30 03:47:05,446 INFO o.a.j.r.RmiUtils: Disabling SSL for RMI as server.rmi.ssl.disable is set to 'true'
2021-11-30 03:47:05,447 INFO o.a.j.s.BatchSampleSender: Using batching (client settings) for this run. Thresholds: num=100, time=60000
2021-11-30 03:47:05,447 INFO o.a.j.s.DataStrippingSampleSender: Using DataStrippingSampleSender for this run
2021-11-30 03:47:05,448 INFO o.a.j.r.RmiUtils: Disabling SSL for RMI as server.rmi.ssl.disable is set to 'true'
2021-11-30 03:47:05,448 INFO o.a.j.r.RmiUtils: Disabling SSL for RMI as server.rmi.ssl.disable is set to 'true'
2021-11-30 03:47:05,457 INFO o.a.j.r.RmiUtils: Disabling SSL for RMI as server.rmi.ssl.disable is set to 'true'
2021-11-30 03:47:05,458 INFO o.a.j.r.RmiUtils: Disabling SSL for RMI as server.rmi.ssl.disable is set to 'true'
2021-11-30 03:47:05,458 INFO o.a.j.r.RmiUtils: Disabling SSL for RMI as server.rmi.ssl.disable is set to 'true'
2021-11-30 03:47:05,459 INFO o.a.j.r.RmiUtils: Disabling SSL for RMI as server.rmi.ssl.disable is set to 'true'
2021-11-30 03:47:05,460 INFO o.a.j.s.BatchSampleSender: Using batching (client settings) for this run. Thresholds: num=100, time=60000
2021-11-30 03:47:05,461 INFO o.a.j.s.DataStrippingSampleSender: Using DataStrippingSampleSender for this run
2021-11-30 03:47:05,846 INFO o.a.j.e.ClientJMeterEngine: sent test to slave-1 basedir='.'
2021-11-30 03:47:05,847 INFO o.a.j.e.ClientJMeterEngine: Sending properties {}
2021-11-30 03:47:05,861 INFO o.a.j.e.ClientJMeterEngine: sent run command to slave-1
2021-11-30 03:47:05,863 INFO o.a.j.e.DistributedRunner: Remote engines have been started:[slave-2, slave-1]
2021-11-30 03:47:06,632 INFO o.a.j.v.b.BackendListener: SimpleReqListener: Starting worker with class: class org.apache.jmeter.visualizers.backend.influxdb.InfluxdbBackendListenerClient and queue capacity: 5000
2021-11-30 03:47:06,640 INFO o.a.j.v.b.BackendListener: SimpleReqListener: Started  worker with class: class org.apache.jmeter.visualizers.backend.influxdb.InfluxdbBackendListenerClient
2021-11-30 03:47:07,180 INFO o.a.j.JMeter: Started remote host:  slave-2 (1638244027180)
2021-11-30 03:47:07,180 INFO o.a.j.JMeter: Started remote host:  slave-1 (1638244027180)
2021-11-30 03:47:34,373 INFO o.a.j.r.Summariser: summary +      3 in 00:00:27 =    0.1/s Avg:   758 Min:   420 Max:   974 Err:     0 (0.00%) Active: 0 Started: 19 Finished: 19
2021-11-30 03:47:34,376 INFO o.a.j.JMeter: Finished remote host: slave-1 (1638244054376)
2021-11-30 03:47:34,388 INFO o.a.j.v.b.BackendListener: Worker ended
2021-11-30 03:47:34,390 INFO o.a.j.v.b.i.InfluxdbBackendListenerClient: Sending last metrics
2021-11-30 03:47:34,395 INFO o.a.j.v.b.i.HttpMetricsSender: Destroying 
2021-11-30 03:47:34,426 INFO o.a.j.r.Summariser: summary +      5 in 00:00:00 =   94.3/s Avg:   438 Min:   413 Max:   471 Err:     0 (0.00%) Active: 0 Started: 20 Finished: 20
2021-11-30 03:47:34,428 INFO o.a.j.r.Summariser: summary =      8 in 00:00:27 =    0.3/s Avg:   558 Min:   413 Max:   974 Err:     0 (0.00%)
2021-11-30 03:47:34,430 INFO o.a.j.JMeter: Finished remote host: slave-2 (1638244054430)
2021-11-30 03:47:34,431 INFO o.a.j.JMeter: All remote engines have ended test, starting RemoteTestStopper thread
2021-11-30 03:47:34,435 INFO o.a.j.e.ClientJMeterEngine: about to exit remote server on slave-2
2021-11-30 03:47:34,519 INFO o.a.j.e.ClientJMeterEngine: about to exit remote server on slave-1
2021-11-30 03:47:39,612 INFO o.a.j.JMeter: Interrupting RMI Reaper
2021-11-30 03:47:39,613 INFO o.a.j.JMeter: Generating Dashboard
2021-11-30 03:47:39,613 INFO o.a.j.r.d.ReportGenerator: Flushing result collector before report Generation
2021-11-30 03:47:39,627 INFO o.a.j.r.p.NormalizerSampleConsumer: Using format, 'ms', to parse timeStamp field
2021-11-30 03:47:39,659 INFO o.a.j.r.p.AbstractSampleConsumer: class org.apache.jmeter.report.processor.AggregateConsumer#stopProducing(): beginDate produced 0 samples
2021-11-30 03:47:39,660 INFO o.a.j.r.p.AbstractSampleConsumer: class org.apache.jmeter.report.processor.AggregateConsumer#stopProducing(): endDate produced 0 samples
2021-11-30 03:47:39,663 INFO o.a.j.r.p.AbstractSampleConsumer: class org.apache.jmeter.report.processor.ApdexSummaryConsumer#stopProducing(): apdexSummary produced 0 samples
2021-11-30 03:47:39,665 INFO o.a.j.r.p.AbstractSampleConsumer: class org.apache.jmeter.report.processor.RequestsSummaryConsumer#stopProducing(): requestsSummary produced 0 samples
2021-11-30 03:47:39,666 INFO o.a.j.r.p.AbstractSampleConsumer: class org.apache.jmeter.report.processor.StatisticsSummaryConsumer#stopProducing(): statisticsSummary produced 0 samples
2021-11-30 03:47:39,672 INFO o.a.j.r.p.AbstractSampleConsumer: class org.apache.jmeter.report.processor.Top5ErrorsBySamplerConsumer#stopProducing(): top5ErrorsBySampler produced 0 samples
2021-11-30 03:47:39,673 INFO o.a.j.r.p.AbstractSampleConsumer: class org.apache.jmeter.report.processor.ErrorsSummaryConsumer#stopProducing(): errorsSummary produced 0 samples
2021-11-30 03:47:39,674 INFO o.a.j.r.p.AbstractSampleConsumer: class org.apache.jmeter.report.processor.graph.impl.HitsPerSecondGraphConsumer#stopProducing(): hitsPerSecond produced 0 samples
2021-11-30 03:47:39,696 INFO o.a.j.r.p.AbstractSampleConsumer: class org.apache.jmeter.report.processor.graph.impl.LatencyVSRequestGraphConsumer#stopProducing(): latencyVsRequest produced 0 samples
2021-11-30 03:47:39,697 INFO o.a.j.r.p.AbstractSampleConsumer: class org.apache.jmeter.report.processor.graph.impl.SyntheticResponseTimeDistributionGraphConsumer#stopProducing(): syntheticResponseTimeDistribution produced 0 samples
2021-11-30 03:47:39,698 INFO o.a.j.r.p.AbstractSampleConsumer: class org.apache.jmeter.report.processor.graph.impl.BytesThroughputGraphConsumer#stopProducing(): bytesThroughputOverTime produced 0 samples
2021-11-30 03:47:39,699 INFO o.a.j.r.p.AbstractSampleConsumer: class org.apache.jmeter.report.processor.graph.impl.CodesPerSecondGraphConsumer#stopProducing(): codesPerSecond produced 0 samples
2021-11-30 03:47:39,702 INFO o.a.j.r.p.AbstractSampleConsumer: class org.apache.jmeter.report.processor.graph.impl.ResponseTimeVSRequestGraphConsumer#stopProducing(): responseTimeVsRequest produced 0 samples
2021-11-30 03:47:39,703 INFO o.a.j.r.p.AbstractSampleConsumer: class org.apache.jmeter.report.processor.FilterConsumer#stopProducing(): startIntervalControlerFilter produced 56 samples
2021-11-30 03:47:39,703 INFO o.a.j.r.p.AbstractSampleConsumer: class org.apache.jmeter.report.processor.graph.impl.TotalTPSGraphConsumer#stopProducing(): totalTPS produced 0 samples
2021-11-30 03:47:39,704 INFO o.a.j.r.p.AbstractSampleConsumer: class org.apache.jmeter.report.processor.graph.impl.ActiveThreadsGraphConsumer#stopProducing(): activeThreadsOverTime produced 0 samples
2021-11-30 03:47:39,705 INFO o.a.j.r.p.AbstractSampleConsumer: class org.apache.jmeter.report.processor.graph.impl.TimeVSThreadGraphConsumer#stopProducing(): timeVsThreads produced 0 samples
2021-11-30 03:47:39,707 INFO o.a.j.r.p.AbstractSampleConsumer: class org.apache.jmeter.report.processor.graph.impl.ResponseTimeDistributionGraphConsumer#stopProducing(): responseTimeDistribution produced 0 samples
2021-11-30 03:47:39,708 INFO o.a.j.r.p.AbstractSampleConsumer: class org.apache.jmeter.report.processor.graph.impl.TransactionsPerSecondGraphConsumer#stopProducing(): transactionsPerSecond produced 0 samples
2021-11-30 03:47:39,709 INFO o.a.j.r.p.AbstractSampleConsumer: class org.apache.jmeter.report.processor.graph.impl.ResponseTimePercentilesGraphConsumer#stopProducing(): responseTimePercentiles produced 0 samples
2021-11-30 03:47:39,712 INFO o.a.j.r.p.AbstractSampleConsumer: class org.apache.jmeter.report.processor.graph.impl.ResponseTimePercentilesOverTimeGraphConsumer#stopProducing(): responseTimePercentilesOverTime produced 0 samples
2021-11-30 03:47:39,713 INFO o.a.j.r.p.AbstractSampleConsumer: class org.apache.jmeter.report.processor.graph.impl.ResponseTimeOverTimeGraphConsumer#stopProducing(): responseTimesOverTime produced 0 samples
2021-11-30 03:47:39,714 INFO o.a.j.r.p.AbstractSampleConsumer: class org.apache.jmeter.report.processor.graph.impl.ConnectTimeOverTimeGraphConsumer#stopProducing(): connectTimeOverTime produced 0 samples
2021-11-30 03:47:39,715 INFO o.a.j.r.p.AbstractSampleConsumer: class org.apache.jmeter.report.processor.graph.impl.LatencyOverTimeGraphConsumer#stopProducing(): latenciesOverTime produced 0 samples
2021-11-30 03:47:39,716 INFO o.a.j.r.p.AbstractSampleConsumer: class org.apache.jmeter.report.processor.FilterConsumer#stopProducing(): nameFilter produced 120 samples
2021-11-30 03:47:39,716 INFO o.a.j.r.p.AbstractSampleConsumer: class org.apache.jmeter.report.processor.FilterConsumer#stopProducing(): dateRangeFilter produced 24 samples
2021-11-30 03:47:39,717 INFO o.a.j.r.p.AbstractSampleConsumer: class org.apache.jmeter.report.processor.NormalizerSampleConsumer#stopProducing(): normalizer produced 8 samples
2021-11-30 03:47:39,718 INFO o.a.j.r.p.CsvFileSampleSource: produce(): 8 samples produced in 78ms on channel 0
2021-11-30 03:47:39,718 INFO o.a.j.r.d.ReportGenerator: Exporting data using exporter:'json' of className:'org.apache.jmeter.report.dashboard.JsonExporter'
2021-11-30 03:47:39,719 INFO o.a.j.r.d.JsonExporter: Found data for consumer statisticsSummary?in context
2021-11-30 03:47:39,720 INFO o.a.j.r.d.JsonExporter: Creating statistics for overall
2021-11-30 03:47:39,721 INFO o.a.j.r.d.JsonExporter: Creating statistics for other transactions
2021-11-30 03:47:39,722 INFO o.a.j.r.d.JsonExporter: Checking output folder
2021-11-30 03:47:39,728 INFO o.a.j.r.d.JsonExporter: Writing statistics JSON to /results/output/Tue_Nov_30_03:47:03_UTC_2021/dashboard/statistics.json
2021-11-30 03:47:39,890 INFO o.a.j.r.d.ReportGenerator: Exporting data using exporter:'html' of className:'org.apache.jmeter.report.dashboard.HtmlTemplateExporter'
2021-11-30 03:47:39,897 INFO o.a.j.r.d.HtmlTemplateExporter: Will generate dashboard in folder: /results/output/Tue_Nov_30_03:47:03_UTC_2021/dashboard
2021-11-30 03:47:40,022 ERROR f.configuration: DefaultObjectWrapper.incompatibleImprovements was set to the object returned by Configuration.getVersion(). That defeats the purpose of incompatibleImprovements, and makes upgrading FreeMarker a potentially breaking change. Also, this probably won't be allowed starting from 2.4.0. Instead, set incompatibleImprovements to the highest concrete version that's known to be compatible with your application.
2021-11-30 03:47:40,029 ERROR f.configuration: Configuration.incompatibleImprovements was set to the object returned by Configuration.getVersion(). That defeats the purpose of incompatibleImprovements, and makes upgrading FreeMarker a potentially breaking change. Also, this probably won't be allowed starting from 2.4.0. Instead, set incompatibleImprovements to the highest concrete version that's known to be compatible with your application.
2021-11-30 03:47:40,059 INFO o.a.j.r.d.HtmlTemplateExporter: Report will be generated in: /results/output/Tue_Nov_30_03:47:03_UTC_2021/dashboard, creating folder structure
2021-11-30 03:47:40,069 INFO o.a.j.r.d.TemplateVisitor: Copying folder from '/opt/apache-jmeter-5.3/bin/report-template' to '/results/output/Tue_Nov_30_03:47:03_UTC_2021/dashboard', got message: /results/output/Tue_Nov_30_03:47:03_UTC_2021/dashboard, found non empty folder with following content [/results/output/Tue_Nov_30_03:47:03_UTC_2021/dashboard/statistics.json], will be ignored
2021-11-30 03:47:41,429 INFO o.a.j.JMeter: Dashboard generated
