2021-11-30 03:33:51,741 INFO o.a.j.u.JMeterUtils: Setting Locale to en_EN
2021-11-30 03:33:51,753 INFO o.a.j.JMeter: Loading user properties from: /opt/apache-jmeter-5.3/bin/user.properties
2021-11-30 03:33:51,754 INFO o.a.j.JMeter: Loading system properties from: /opt/apache-jmeter-5.3/bin/system.properties
2021-11-30 03:33:51,755 INFO o.a.j.JMeter: Setting JMeter property: jmeter.save.saveservice.subresults=false
2021-11-30 03:33:51,756 INFO o.a.j.JMeter: Copyright (c) 1998-2020 The Apache Software Foundation
2021-11-30 03:33:51,757 INFO o.a.j.JMeter: Version 5.3
2021-11-30 03:33:51,758 INFO o.a.j.JMeter: java.version=1.8.0_292
2021-11-30 03:33:51,758 INFO o.a.j.JMeter: java.vm.name=OpenJDK 64-Bit Server VM
2021-11-30 03:33:51,759 INFO o.a.j.JMeter: os.name=Linux
2021-11-30 03:33:51,774 INFO o.a.j.JMeter: os.arch=amd64
2021-11-30 03:33:51,775 INFO o.a.j.JMeter: os.version=5.10.25-linuxkit
2021-11-30 03:33:51,777 INFO o.a.j.JMeter: file.encoding=ANSI_X3.4-1968
2021-11-30 03:33:51,778 INFO o.a.j.JMeter: java.awt.headless=true
2021-11-30 03:33:51,779 INFO o.a.j.JMeter: Max memory     =2147483648
2021-11-30 03:33:51,780 INFO o.a.j.JMeter: Available Processors =4
2021-11-30 03:33:51,786 INFO o.a.j.JMeter: Default Locale=English (EN)
2021-11-30 03:33:51,787 INFO o.a.j.JMeter: JMeter  Locale=English (EN)
2021-11-30 03:33:51,788 INFO o.a.j.JMeter: JMeterHome=/opt/apache-jmeter-5.3
2021-11-30 03:33:51,789 INFO o.a.j.JMeter: user.dir  =/
2021-11-30 03:33:51,790 INFO o.a.j.JMeter: PWD       =/
2021-11-30 03:33:51,790 INFO o.a.j.JMeter: IP: 172.25.0.5 Name: jmeter FullName: jmeter
2021-11-30 03:33:51,795 INFO o.a.j.JMeter: Setting property 'jmeter.reportgenerator.outputdir' to:'/results/output/Tue_Nov_30_03:33:51_UTC_2021/dashboard'
2021-11-30 03:33:51,797 INFO o.a.j.s.FileServer: Default base='/'
2021-11-30 03:33:51,800 INFO o.a.j.s.FileServer: Set new base='/'
2021-11-30 03:33:51,902 INFO o.a.j.s.SaveService: Testplan (JMX) version: 2.2. Testlog (JTL) version: 2.2
2021-11-30 03:33:51,918 INFO o.a.j.s.SaveService: Using SaveService properties file encoding UTF-8
2021-11-30 03:33:51,922 INFO o.a.j.s.SaveService: Using SaveService properties version 5.0
2021-11-30 03:33:51,928 INFO o.a.j.s.SaveService: Loading file: /GoogleTest.jmx
2021-11-30 03:33:51,952 INFO o.a.j.p.h.c.CookieManager: Settings: Delete null: true Check: true Allow variable: true Save: false Prefix: COOKIE_
2021-11-30 03:33:51,956 INFO o.a.j.p.h.c.CacheManager: Will only cache the following methods: [GET]
2021-11-30 03:33:51,969 INFO o.a.j.p.h.s.HTTPSamplerBase: Parser for text/html is org.apache.jmeter.protocol.http.parser.LagartoBasedHtmlParser
2021-11-30 03:33:51,970 INFO o.a.j.p.h.s.HTTPSamplerBase: Parser for application/xhtml+xml is org.apache.jmeter.protocol.http.parser.LagartoBasedHtmlParser
2021-11-30 03:33:51,971 INFO o.a.j.p.h.s.HTTPSamplerBase: Parser for application/xml is org.apache.jmeter.protocol.http.parser.LagartoBasedHtmlParser
2021-11-30 03:33:51,971 INFO o.a.j.p.h.s.HTTPSamplerBase: Parser for text/xml is org.apache.jmeter.protocol.http.parser.LagartoBasedHtmlParser
2021-11-30 03:33:51,972 INFO o.a.j.p.h.s.HTTPSamplerBase: Parser for text/vnd.wap.wml is org.apache.jmeter.protocol.http.parser.RegexpHTMLParser
2021-11-30 03:33:51,972 INFO o.a.j.p.h.s.HTTPSamplerBase: Parser for text/css is org.apache.jmeter.protocol.http.parser.CssParser
2021-11-30 03:33:51,977 INFO o.a.j.s.SampleResult: Note: Sample TimeStamps are START times
2021-11-30 03:33:51,978 INFO o.a.j.s.SampleResult: sampleresult.default.encoding is set to ISO-8859-1
2021-11-30 03:33:51,979 INFO o.a.j.s.SampleResult: sampleresult.useNanoTime=true
2021-11-30 03:33:51,979 INFO o.a.j.s.SampleResult: sampleresult.nanoThreadSleep=5000
2021-11-30 03:33:52,004 INFO o.a.j.JMeter: Creating summariser <summary>
2021-11-30 03:33:52,012 INFO o.a.j.r.d.ReportGenerator: ReportGenerator will use for Parsing the separator: ','
2021-11-30 03:33:52,014 INFO o.a.j.r.d.ReportGenerator: Will generate report at end of test from  results file: /results/output/Tue_Nov_30_03:33:51_UTC_2021/GoogleTest.jtl
2021-11-30 03:33:52,014 INFO o.a.j.r.d.ReportGenerator: Reading report generator properties from: /opt/apache-jmeter-5.3/bin/reportgenerator.properties
2021-11-30 03:33:52,016 INFO o.a.j.r.d.ReportGenerator: Merging with JMeter properties
2021-11-30 03:33:52,024 INFO o.a.j.r.c.ReportGeneratorConfiguration: Property 'jmeter.reportgenerator.temp_dir' not found, using default value 'temp' instead.
2021-11-30 03:33:52,028 INFO o.a.j.r.c.ReportGeneratorConfiguration: Property 'jmeter.reportgenerator.apdex_per_transaction' not found, using default value 'null' instead.
2021-11-30 03:33:52,029 INFO o.a.j.r.c.ReportGeneratorConfiguration: apdex_per_transaction is empty, not APDEX per transaction customization
2021-11-30 03:33:52,029 INFO o.a.j.r.c.ReportGeneratorConfiguration: Property 'jmeter.reportgenerator.sample_filter' not found, using default value 'null' instead.
2021-11-30 03:33:52,030 INFO o.a.j.r.c.ReportGeneratorConfiguration: Property 'jmeter.reportgenerator.report_title' not found, using default value 'null' instead.
2021-11-30 03:33:52,030 INFO o.a.j.r.c.ReportGeneratorConfiguration: Property 'jmeter.reportgenerator.start_date' not found, using default value 'null' instead.
2021-11-30 03:33:52,031 INFO o.a.j.r.c.ReportGeneratorConfiguration: Property 'jmeter.reportgenerator.end_date' not found, using default value 'null' instead.
2021-11-30 03:33:52,031 INFO o.a.j.r.c.ReportGeneratorConfiguration: Property 'jmeter.reportgenerator.date_format' not found, using default value 'null' instead.
2021-11-30 03:33:52,032 INFO o.a.j.r.c.ReportGeneratorConfiguration: Will use date range start date: null, end date: null
2021-11-30 03:33:52,038 INFO o.a.j.r.c.ReportGeneratorConfiguration: Property 'jmeter.reportgenerator.graph.totalTPS.exclude_controllers' not found, using default value 'false' instead.
2021-11-30 03:33:52,039 INFO o.a.j.r.c.ReportGeneratorConfiguration: Property 'jmeter.reportgenerator.graph.activeThreadsOverTime.exclude_controllers' not found, using default value 'false' instead.
2021-11-30 03:33:52,040 INFO o.a.j.r.c.ReportGeneratorConfiguration: Property 'jmeter.reportgenerator.graph.timeVsThreads.exclude_controllers' not found, using default value 'false' instead.
2021-11-30 03:33:52,041 INFO o.a.j.r.c.ReportGeneratorConfiguration: Property 'jmeter.reportgenerator.graph.responseTimeDistribution.exclude_controllers' not found, using default value 'false' instead.
2021-11-30 03:33:52,041 INFO o.a.j.r.c.ReportGeneratorConfiguration: Property 'jmeter.reportgenerator.graph.transactionsPerSecond.exclude_controllers' not found, using default value 'false' instead.
2021-11-30 03:33:52,042 INFO o.a.j.r.c.ReportGeneratorConfiguration: Property 'jmeter.reportgenerator.graph.responseTimePercentiles.exclude_controllers' not found, using default value 'false' instead.
2021-11-30 03:33:52,042 INFO o.a.j.r.c.ReportGeneratorConfiguration: Property 'jmeter.reportgenerator.graph.responseTimePercentilesOverTime.exclude_controllers' not found, using default value 'false' instead.
2021-11-30 03:33:52,043 INFO o.a.j.r.c.ReportGeneratorConfiguration: Property 'jmeter.reportgenerator.graph.responseTimesOverTime.exclude_controllers' not found, using default value 'false' instead.
2021-11-30 03:33:52,044 INFO o.a.j.r.c.ReportGeneratorConfiguration: Property 'jmeter.reportgenerator.graph.connectTimeOverTime.exclude_controllers' not found, using default value 'false' instead.
2021-11-30 03:33:52,045 INFO o.a.j.r.c.ReportGeneratorConfiguration: Property 'jmeter.reportgenerator.graph.latenciesOverTime.exclude_controllers' not found, using default value 'false' instead.
2021-11-30 03:33:52,046 INFO o.a.j.r.c.ReportGeneratorConfiguration: Property 'jmeter.reportgenerator.exporter.json.filters_only_sample_series' not found, using default value 'true' instead.
2021-11-30 03:33:52,047 INFO o.a.j.r.c.ReportGeneratorConfiguration: Property 'jmeter.reportgenerator.exporter.json.series_filter' not found, using default value '' instead.
2021-11-30 03:33:52,047 INFO o.a.j.r.c.ReportGeneratorConfiguration: Property 'jmeter.reportgenerator.exporter.json.show_controllers_only' not found, using default value 'false' instead.
2021-11-30 03:33:52,048 INFO o.a.j.r.c.ReportGeneratorConfiguration: Property 'jmeter.reportgenerator.exporter.html.filters_only_sample_series' not found, using default value 'true' instead.
2021-11-30 03:33:52,049 INFO o.a.j.r.c.ReportGeneratorConfiguration: Property 'jmeter.reportgenerator.exporter.html.series_filter' not found, using default value '' instead.
2021-11-30 03:33:52,049 INFO o.a.j.r.c.ReportGeneratorConfiguration: Property 'jmeter.reportgenerator.exporter.html.show_controllers_only' not found, using default value 'false' instead.
2021-11-30 03:33:52,056 INFO o.a.j.e.StandardJMeterEngine: Running the test!
2021-11-30 03:33:52,058 INFO o.a.j.s.SampleEvent: List of sample_variables: []
2021-11-30 03:33:52,059 INFO o.a.j.s.SampleEvent: List of sample_variables: []
2021-11-30 03:33:52,066 INFO o.a.j.e.u.CompoundVariable: Note: Function class names must contain the string: '.functions.'
2021-11-30 03:33:52,067 INFO o.a.j.e.u.CompoundVariable: Note: Function class names must not contain the string: '.gui.'
2021-11-30 03:33:52,370 INFO o.a.j.v.b.BackendListener: SimpleReqListener: Starting worker with class: class org.apache.jmeter.visualizers.backend.influxdb.InfluxdbBackendListenerClient and queue capacity: 5000
2021-11-30 03:33:52,373 INFO o.a.j.v.b.BackendListener: SimpleReqListener: Started  worker with class: class org.apache.jmeter.visualizers.backend.influxdb.InfluxdbBackendListenerClient
2021-11-30 03:33:52,529 INFO o.a.j.JMeter: Running test (1638243232529)
2021-11-30 03:33:52,571 INFO o.a.j.e.StandardJMeterEngine: Starting ThreadGroup: 1 : Thread Group
2021-11-30 03:33:52,572 INFO o.a.j.e.StandardJMeterEngine: Starting 10 threads for group Thread Group.
2021-11-30 03:33:52,573 INFO o.a.j.e.StandardJMeterEngine: Thread will continue on error
2021-11-30 03:33:52,574 INFO o.a.j.t.ThreadGroup: Starting thread group... number=1 threads=10 ramp-up=30 delayedStart=false
2021-11-30 03:33:52,601 INFO o.a.j.t.ThreadGroup: Started thread group number 1
2021-11-30 03:33:52,602 INFO o.a.j.e.StandardJMeterEngine: All thread groups have been started
2021-11-30 03:33:52,621 INFO o.a.j.t.JMeterThread: Thread started: Thread Group 1-1
2021-11-30 03:33:52,624 INFO o.a.j.s.FileServer: Stored: /jmeter.csv
2021-11-30 03:33:52,637 INFO o.a.j.p.h.s.HTTPHCAbstractImpl: Local host = jmeter
2021-11-30 03:33:52,642 INFO o.a.j.p.h.s.HTTPHC4Impl: HTTP request retry count = 0
2021-11-30 03:33:52,677 INFO o.a.j.p.h.s.h.LazyLayeredConnectionSocketFactory: Setting up HTTPS TrustAll Socket Factory
2021-11-30 03:33:52,682 INFO o.a.j.u.JsseSSLManager: Using default SSL protocol: TLS
2021-11-30 03:33:52,683 INFO o.a.j.u.JsseSSLManager: SSL session context: per-thread
2021-11-30 03:33:52,759 INFO o.a.j.u.SSLManager: JmeterKeyStore Location:  type JKS
2021-11-30 03:33:52,761 INFO o.a.j.u.SSLManager: KeyStore created OK
2021-11-30 03:33:52,762 WARN o.a.j.u.SSLManager: Keystore file not found, loading empty keystore
2021-11-30 03:33:53,176 INFO o.a.j.t.JMeterThread: Thread is done: Thread Group 1-1
2021-11-30 03:33:53,177 INFO o.a.j.t.JMeterThread: Thread finished: Thread Group 1-1
2021-11-30 03:33:55,617 INFO o.a.j.t.JMeterThread: Thread started: Thread Group 1-2
2021-11-30 03:33:56,065 INFO o.a.j.t.JMeterThread: Thread is done: Thread Group 1-2
2021-11-30 03:33:56,067 INFO o.a.j.t.JMeterThread: Thread finished: Thread Group 1-2
2021-11-30 03:33:58,614 INFO o.a.j.t.JMeterThread: Thread started: Thread Group 1-3
2021-11-30 03:33:59,078 INFO o.a.j.t.JMeterThread: Thread is done: Thread Group 1-3
2021-11-30 03:33:59,079 INFO o.a.j.t.JMeterThread: Thread finished: Thread Group 1-3
2021-11-30 03:34:01,615 INFO o.a.j.t.JMeterThread: Thread started: Thread Group 1-4
2021-11-30 03:34:02,051 INFO o.a.j.r.Summariser: summary +      4 in 00:00:10 =    0.4/s Avg:   455 Min:   426 Max:   506 Err:     0 (0.00%) Active: 1 Started: 4 Finished: 3
2021-11-30 03:34:02,052 INFO o.a.j.t.JMeterThread: Thread is done: Thread Group 1-4
2021-11-30 03:34:02,052 INFO o.a.j.t.JMeterThread: Thread finished: Thread Group 1-4
2021-11-30 03:34:04,613 INFO o.a.j.t.JMeterThread: Thread started: Thread Group 1-5
2021-11-30 03:34:04,618 INFO o.a.j.t.JMeterThread: Stop Thread seen for thread Thread Group 1-5, reason: org.apache.jorphan.util.JMeterStopThreadException: End of file:/jmeter.csv detected for CSV DataSet:CSV Data Set Config configured with stopThread:true, recycle:false
2021-11-30 03:34:04,622 INFO o.a.j.t.JMeterThread: Thread finished: Thread Group 1-5
2021-11-30 03:34:07,611 INFO o.a.j.t.JMeterThread: Thread started: Thread Group 1-6
2021-11-30 03:34:07,612 INFO o.a.j.t.JMeterThread: Stop Thread seen for thread Thread Group 1-6, reason: org.apache.jorphan.util.JMeterStopThreadException: End of file:/jmeter.csv detected for CSV DataSet:CSV Data Set Config configured with stopThread:true, recycle:false
2021-11-30 03:34:07,613 INFO o.a.j.t.JMeterThread: Thread finished: Thread Group 1-6
2021-11-30 03:34:10,610 INFO o.a.j.t.JMeterThread: Thread started: Thread Group 1-7
2021-11-30 03:34:10,611 INFO o.a.j.t.JMeterThread: Stop Thread seen for thread Thread Group 1-7, reason: org.apache.jorphan.util.JMeterStopThreadException: End of file:/jmeter.csv detected for CSV DataSet:CSV Data Set Config configured with stopThread:true, recycle:false
2021-11-30 03:34:10,612 INFO o.a.j.t.JMeterThread: Thread finished: Thread Group 1-7
2021-11-30 03:34:13,608 INFO o.a.j.t.JMeterThread: Thread started: Thread Group 1-8
2021-11-30 03:34:13,612 INFO o.a.j.t.JMeterThread: Stop Thread seen for thread Thread Group 1-8, reason: org.apache.jorphan.util.JMeterStopThreadException: End of file:/jmeter.csv detected for CSV DataSet:CSV Data Set Config configured with stopThread:true, recycle:false
2021-11-30 03:34:13,617 INFO o.a.j.t.JMeterThread: Thread finished: Thread Group 1-8
2021-11-30 03:34:16,606 INFO o.a.j.t.JMeterThread: Thread started: Thread Group 1-9
2021-11-30 03:34:16,612 INFO o.a.j.t.JMeterThread: Stop Thread seen for thread Thread Group 1-9, reason: org.apache.jorphan.util.JMeterStopThreadException: End of file:/jmeter.csv detected for CSV DataSet:CSV Data Set Config configured with stopThread:true, recycle:false
2021-11-30 03:34:16,615 INFO o.a.j.t.JMeterThread: Thread finished: Thread Group 1-9
2021-11-30 03:34:19,600 INFO o.a.j.t.JMeterThread: Thread started: Thread Group 1-10
2021-11-30 03:34:19,602 INFO o.a.j.t.JMeterThread: Stop Thread seen for thread Thread Group 1-10, reason: org.apache.jorphan.util.JMeterStopThreadException: End of file:/jmeter.csv detected for CSV DataSet:CSV Data Set Config configured with stopThread:true, recycle:false
2021-11-30 03:34:19,602 INFO o.a.j.t.JMeterThread: Thread finished: Thread Group 1-10
2021-11-30 03:34:19,603 INFO o.a.j.e.StandardJMeterEngine: Notifying test listeners of end of test
2021-11-30 03:34:19,604 INFO o.a.j.s.FileServer: Close: /jmeter.csv
2021-11-30 03:34:19,605 INFO o.a.j.v.b.BackendListener: Worker ended
2021-11-30 03:34:19,606 INFO o.a.j.v.b.i.InfluxdbBackendListenerClient: Sending last metrics
2021-11-30 03:34:19,608 INFO o.a.j.v.b.i.HttpMetricsSender: Destroying 
2021-11-30 03:34:19,633 INFO o.a.j.r.Summariser: summary =      4 in 00:00:27 =    0.1/s Avg:   455 Min:   426 Max:   506 Err:     0 (0.00%)
2021-11-30 03:34:19,635 INFO o.a.j.JMeter: Generating Dashboard
2021-11-30 03:34:19,635 INFO o.a.j.r.d.ReportGenerator: Flushing result collector before report Generation
2021-11-30 03:34:19,656 INFO o.a.j.r.p.NormalizerSampleConsumer: Using format, 'ms', to parse timeStamp field
2021-11-30 03:34:19,698 INFO o.a.j.r.p.AbstractSampleConsumer: class org.apache.jmeter.report.processor.AggregateConsumer#stopProducing(): beginDate produced 0 samples
2021-11-30 03:34:19,700 INFO o.a.j.r.p.AbstractSampleConsumer: class org.apache.jmeter.report.processor.AggregateConsumer#stopProducing(): endDate produced 0 samples
2021-11-30 03:34:19,703 INFO o.a.j.r.p.AbstractSampleConsumer: class org.apache.jmeter.report.processor.ApdexSummaryConsumer#stopProducing(): apdexSummary produced 0 samples
2021-11-30 03:34:19,704 INFO o.a.j.r.p.AbstractSampleConsumer: class org.apache.jmeter.report.processor.RequestsSummaryConsumer#stopProducing(): requestsSummary produced 0 samples
2021-11-30 03:34:19,705 INFO o.a.j.r.p.AbstractSampleConsumer: class org.apache.jmeter.report.processor.StatisticsSummaryConsumer#stopProducing(): statisticsSummary produced 0 samples
2021-11-30 03:34:19,709 INFO o.a.j.r.p.AbstractSampleConsumer: class org.apache.jmeter.report.processor.Top5ErrorsBySamplerConsumer#stopProducing(): top5ErrorsBySampler produced 0 samples
2021-11-30 03:34:19,710 INFO o.a.j.r.p.AbstractSampleConsumer: class org.apache.jmeter.report.processor.ErrorsSummaryConsumer#stopProducing(): errorsSummary produced 0 samples
2021-11-30 03:34:19,711 INFO o.a.j.r.p.AbstractSampleConsumer: class org.apache.jmeter.report.processor.graph.impl.HitsPerSecondGraphConsumer#stopProducing(): hitsPerSecond produced 0 samples
2021-11-30 03:34:19,719 INFO o.a.j.r.p.AbstractSampleConsumer: class org.apache.jmeter.report.processor.graph.impl.LatencyVSRequestGraphConsumer#stopProducing(): latencyVsRequest produced 0 samples
2021-11-30 03:34:19,720 INFO o.a.j.r.p.AbstractSampleConsumer: class org.apache.jmeter.report.processor.graph.impl.SyntheticResponseTimeDistributionGraphConsumer#stopProducing(): syntheticResponseTimeDistribution produced 0 samples
2021-11-30 03:34:19,721 INFO o.a.j.r.p.AbstractSampleConsumer: class org.apache.jmeter.report.processor.graph.impl.BytesThroughputGraphConsumer#stopProducing(): bytesThroughputOverTime produced 0 samples
2021-11-30 03:34:19,722 INFO o.a.j.r.p.AbstractSampleConsumer: class org.apache.jmeter.report.processor.graph.impl.CodesPerSecondGraphConsumer#stopProducing(): codesPerSecond produced 0 samples
2021-11-30 03:34:19,725 INFO o.a.j.r.p.AbstractSampleConsumer: class org.apache.jmeter.report.processor.graph.impl.ResponseTimeVSRequestGraphConsumer#stopProducing(): responseTimeVsRequest produced 0 samples
2021-11-30 03:34:19,726 INFO o.a.j.r.p.AbstractSampleConsumer: class org.apache.jmeter.report.processor.FilterConsumer#stopProducing(): startIntervalControlerFilter produced 28 samples
2021-11-30 03:34:19,727 INFO o.a.j.r.p.AbstractSampleConsumer: class org.apache.jmeter.report.processor.graph.impl.TotalTPSGraphConsumer#stopProducing(): totalTPS produced 0 samples
2021-11-30 03:34:19,728 INFO o.a.j.r.p.AbstractSampleConsumer: class org.apache.jmeter.report.processor.graph.impl.ActiveThreadsGraphConsumer#stopProducing(): activeThreadsOverTime produced 0 samples
2021-11-30 03:34:19,728 INFO o.a.j.r.p.AbstractSampleConsumer: class org.apache.jmeter.report.processor.graph.impl.TimeVSThreadGraphConsumer#stopProducing(): timeVsThreads produced 0 samples
2021-11-30 03:34:19,729 INFO o.a.j.r.p.AbstractSampleConsumer: class org.apache.jmeter.report.processor.graph.impl.ResponseTimeDistributionGraphConsumer#stopProducing(): responseTimeDistribution produced 0 samples
2021-11-30 03:34:19,730 INFO o.a.j.r.p.AbstractSampleConsumer: class org.apache.jmeter.report.processor.graph.impl.TransactionsPerSecondGraphConsumer#stopProducing(): transactionsPerSecond produced 0 samples
2021-11-30 03:34:19,731 INFO o.a.j.r.p.AbstractSampleConsumer: class org.apache.jmeter.report.processor.graph.impl.ResponseTimePercentilesGraphConsumer#stopProducing(): responseTimePercentiles produced 0 samples
2021-11-30 03:34:19,734 INFO o.a.j.r.p.AbstractSampleConsumer: class org.apache.jmeter.report.processor.graph.impl.ResponseTimePercentilesOverTimeGraphConsumer#stopProducing(): responseTimePercentilesOverTime produced 0 samples
2021-11-30 03:34:19,735 INFO o.a.j.r.p.AbstractSampleConsumer: class org.apache.jmeter.report.processor.graph.impl.ResponseTimeOverTimeGraphConsumer#stopProducing(): responseTimesOverTime produced 0 samples
2021-11-30 03:34:19,736 INFO o.a.j.r.p.AbstractSampleConsumer: class org.apache.jmeter.report.processor.graph.impl.ConnectTimeOverTimeGraphConsumer#stopProducing(): connectTimeOverTime produced 0 samples
2021-11-30 03:34:19,737 INFO o.a.j.r.p.AbstractSampleConsumer: class org.apache.jmeter.report.processor.graph.impl.LatencyOverTimeGraphConsumer#stopProducing(): latenciesOverTime produced 0 samples
2021-11-30 03:34:19,737 INFO o.a.j.r.p.AbstractSampleConsumer: class org.apache.jmeter.report.processor.FilterConsumer#stopProducing(): nameFilter produced 60 samples
2021-11-30 03:34:19,738 INFO o.a.j.r.p.AbstractSampleConsumer: class org.apache.jmeter.report.processor.FilterConsumer#stopProducing(): dateRangeFilter produced 12 samples
2021-11-30 03:34:19,738 INFO o.a.j.r.p.AbstractSampleConsumer: class org.apache.jmeter.report.processor.NormalizerSampleConsumer#stopProducing(): normalizer produced 4 samples
2021-11-30 03:34:19,740 INFO o.a.j.r.p.CsvFileSampleSource: produce(): 4 samples produced in 58ms on channel 0
2021-11-30 03:34:19,740 INFO o.a.j.r.d.ReportGenerator: Exporting data using exporter:'json' of className:'org.apache.jmeter.report.dashboard.JsonExporter'
2021-11-30 03:34:19,742 INFO o.a.j.r.d.JsonExporter: Found data for consumer statisticsSummary?in context
2021-11-30 03:34:19,742 INFO o.a.j.r.d.JsonExporter: Creating statistics for overall
2021-11-30 03:34:19,743 INFO o.a.j.r.d.JsonExporter: Creating statistics for other transactions
2021-11-30 03:34:19,744 INFO o.a.j.r.d.JsonExporter: Checking output folder
2021-11-30 03:34:19,752 INFO o.a.j.r.d.JsonExporter: Writing statistics JSON to /results/output/Tue_Nov_30_03:33:51_UTC_2021/dashboard/statistics.json
2021-11-30 03:34:19,965 INFO o.a.j.r.d.ReportGenerator: Exporting data using exporter:'html' of className:'org.apache.jmeter.report.dashboard.HtmlTemplateExporter'
2021-11-30 03:34:19,980 INFO o.a.j.r.d.HtmlTemplateExporter: Will generate dashboard in folder: /results/output/Tue_Nov_30_03:33:51_UTC_2021/dashboard
2021-11-30 03:34:20,168 ERROR f.configuration: DefaultObjectWrapper.incompatibleImprovements was set to the object returned by Configuration.getVersion(). That defeats the purpose of incompatibleImprovements, and makes upgrading FreeMarker a potentially breaking change. Also, this probably won't be allowed starting from 2.4.0. Instead, set incompatibleImprovements to the highest concrete version that's known to be compatible with your application.
2021-11-30 03:34:20,171 ERROR f.configuration: Configuration.incompatibleImprovements was set to the object returned by Configuration.getVersion(). That defeats the purpose of incompatibleImprovements, and makes upgrading FreeMarker a potentially breaking change. Also, this probably won't be allowed starting from 2.4.0. Instead, set incompatibleImprovements to the highest concrete version that's known to be compatible with your application.
2021-11-30 03:34:20,181 INFO o.a.j.r.d.HtmlTemplateExporter: Report will be generated in: /results/output/Tue_Nov_30_03:33:51_UTC_2021/dashboard, creating folder structure
2021-11-30 03:34:20,187 INFO o.a.j.r.d.TemplateVisitor: Copying folder from '/opt/apache-jmeter-5.3/bin/report-template' to '/results/output/Tue_Nov_30_03:33:51_UTC_2021/dashboard', got message: /results/output/Tue_Nov_30_03:33:51_UTC_2021/dashboard, found non empty folder with following content [/results/output/Tue_Nov_30_03:33:51_UTC_2021/dashboard/statistics.json], will be ignored
2021-11-30 03:34:21,282 INFO o.a.j.JMeter: Dashboard generated
