2021-12-13 05:33:06,311 INFO o.a.j.u.JMeterUtils: Setting Locale to en_EN
2021-12-13 05:33:06,331 INFO o.a.j.JMeter: Loading user properties from: /opt/apache-jmeter-5.3/bin/user.properties
2021-12-13 05:33:06,335 INFO o.a.j.JMeter: Loading system properties from: /opt/apache-jmeter-5.3/bin/system.properties
2021-12-13 05:33:06,336 INFO o.a.j.JMeter: Setting JMeter property: client.rmi.localport=7000
2021-12-13 05:33:06,337 INFO o.a.j.JMeter: Setting JMeter property: server.rmi.ssl.disable=true
2021-12-13 05:33:06,337 INFO o.a.j.JMeter: Setting JMeter property: jmeter.save.saveservice.subresults=false
2021-12-13 05:33:06,340 INFO o.a.j.JMeter: Copyright (c) 1998-2020 The Apache Software Foundation
2021-12-13 05:33:06,343 INFO o.a.j.JMeter: Version 5.3
2021-12-13 05:33:06,344 INFO o.a.j.JMeter: java.version=1.8.0_292
2021-12-13 05:33:06,345 INFO o.a.j.JMeter: java.vm.name=OpenJDK 64-Bit Server VM
2021-12-13 05:33:06,346 INFO o.a.j.JMeter: os.name=Linux
2021-12-13 05:33:06,346 INFO o.a.j.JMeter: os.arch=amd64
2021-12-13 05:33:06,348 INFO o.a.j.JMeter: os.version=5.10.25-linuxkit
2021-12-13 05:33:06,349 INFO o.a.j.JMeter: file.encoding=ANSI_X3.4-1968
2021-12-13 05:33:06,349 INFO o.a.j.JMeter: java.awt.headless=true
2021-12-13 05:33:06,350 INFO o.a.j.JMeter: Max memory     =2147483648
2021-12-13 05:33:06,351 INFO o.a.j.JMeter: Available Processors =4
2021-12-13 05:33:06,358 INFO o.a.j.JMeter: Default Locale=English (EN)
2021-12-13 05:33:06,360 INFO o.a.j.JMeter: JMeter  Locale=English (EN)
2021-12-13 05:33:06,361 INFO o.a.j.JMeter: JMeterHome=/opt/apache-jmeter-5.3
2021-12-13 05:33:06,361 INFO o.a.j.JMeter: user.dir  =/Scripts
2021-12-13 05:33:06,362 INFO o.a.j.JMeter: PWD       =/Scripts
2021-12-13 05:33:06,363 INFO o.a.j.JMeter: IP: 172.18.0.5 Name: jmeter FullName: jmeter
2021-12-13 05:33:06,367 INFO o.a.j.JMeter: Setting property 'jmeter.reportgenerator.outputdir' to:'/results/output/Mon_Dec_13_05:33:04_UTC_2021/dashboard'
2021-12-13 05:33:06,384 INFO o.a.j.s.FileServer: Default base='/Scripts'
2021-12-13 05:33:06,390 INFO o.a.j.s.FileServer: Set new base='/JMX'
2021-12-13 05:33:06,568 INFO o.a.j.s.SaveService: Testplan (JMX) version: 2.2. Testlog (JTL) version: 2.2
2021-12-13 05:33:06,606 INFO o.a.j.s.SaveService: Using SaveService properties file encoding UTF-8
2021-12-13 05:33:06,617 INFO o.a.j.s.SaveService: Using SaveService properties version 5.0
2021-12-13 05:33:06,628 INFO o.a.j.s.SaveService: Loading file: /JMX/GoogleTest.jmx
2021-12-13 05:33:06,680 INFO o.a.j.p.h.c.CookieManager: Settings: Delete null: true Check: true Allow variable: true Save: false Prefix: COOKIE_
2021-12-13 05:33:06,687 INFO o.a.j.p.h.c.CacheManager: Will only cache the following methods: [GET]
2021-12-13 05:33:06,705 INFO o.a.j.p.h.s.HTTPSamplerBase: Parser for text/html is org.apache.jmeter.protocol.http.parser.LagartoBasedHtmlParser
2021-12-13 05:33:06,706 INFO o.a.j.p.h.s.HTTPSamplerBase: Parser for application/xhtml+xml is org.apache.jmeter.protocol.http.parser.LagartoBasedHtmlParser
2021-12-13 05:33:06,706 INFO o.a.j.p.h.s.HTTPSamplerBase: Parser for application/xml is org.apache.jmeter.protocol.http.parser.LagartoBasedHtmlParser
2021-12-13 05:33:06,707 INFO o.a.j.p.h.s.HTTPSamplerBase: Parser for text/xml is org.apache.jmeter.protocol.http.parser.LagartoBasedHtmlParser
2021-12-13 05:33:06,708 INFO o.a.j.p.h.s.HTTPSamplerBase: Parser for text/vnd.wap.wml is org.apache.jmeter.protocol.http.parser.RegexpHTMLParser
2021-12-13 05:33:06,708 INFO o.a.j.p.h.s.HTTPSamplerBase: Parser for text/css is org.apache.jmeter.protocol.http.parser.CssParser
2021-12-13 05:33:06,714 INFO o.a.j.s.SampleResult: Note: Sample TimeStamps are START times
2021-12-13 05:33:06,714 INFO o.a.j.s.SampleResult: sampleresult.default.encoding is set to ISO-8859-1
2021-12-13 05:33:06,715 INFO o.a.j.s.SampleResult: sampleresult.useNanoTime=true
2021-12-13 05:33:06,716 INFO o.a.j.s.SampleResult: sampleresult.nanoThreadSleep=5000
2021-12-13 05:33:06,775 INFO o.a.j.JMeter: Creating summariser <summary>
2021-12-13 05:33:06,791 INFO o.a.j.r.d.ReportGenerator: ReportGenerator will use for Parsing the separator: ','
2021-12-13 05:33:06,796 INFO o.a.j.r.d.ReportGenerator: Will generate report at end of test from  results file: /results/output/Mon_Dec_13_05:33:04_UTC_2021/GoogleTest.jtl
2021-12-13 05:33:06,797 INFO o.a.j.r.d.ReportGenerator: Reading report generator properties from: /opt/apache-jmeter-5.3/bin/reportgenerator.properties
2021-12-13 05:33:06,798 INFO o.a.j.r.d.ReportGenerator: Merging with JMeter properties
2021-12-13 05:33:06,811 INFO o.a.j.r.c.ReportGeneratorConfiguration: Property 'jmeter.reportgenerator.temp_dir' not found, using default value 'temp' instead.
2021-12-13 05:33:06,817 INFO o.a.j.r.c.ReportGeneratorConfiguration: Property 'jmeter.reportgenerator.apdex_per_transaction' not found, using default value 'null' instead.
2021-12-13 05:33:06,818 INFO o.a.j.r.c.ReportGeneratorConfiguration: apdex_per_transaction is empty, not APDEX per transaction customization
2021-12-13 05:33:06,818 INFO o.a.j.r.c.ReportGeneratorConfiguration: Property 'jmeter.reportgenerator.sample_filter' not found, using default value 'null' instead.
2021-12-13 05:33:06,819 INFO o.a.j.r.c.ReportGeneratorConfiguration: Property 'jmeter.reportgenerator.report_title' not found, using default value 'null' instead.
2021-12-13 05:33:06,820 INFO o.a.j.r.c.ReportGeneratorConfiguration: Property 'jmeter.reportgenerator.start_date' not found, using default value 'null' instead.
2021-12-13 05:33:06,820 INFO o.a.j.r.c.ReportGeneratorConfiguration: Property 'jmeter.reportgenerator.end_date' not found, using default value 'null' instead.
2021-12-13 05:33:06,821 INFO o.a.j.r.c.ReportGeneratorConfiguration: Property 'jmeter.reportgenerator.date_format' not found, using default value 'null' instead.
2021-12-13 05:33:06,822 INFO o.a.j.r.c.ReportGeneratorConfiguration: Will use date range start date: null, end date: null
2021-12-13 05:33:06,836 INFO o.a.j.r.c.ReportGeneratorConfiguration: Property 'jmeter.reportgenerator.graph.totalTPS.exclude_controllers' not found, using default value 'false' instead.
2021-12-13 05:33:06,837 INFO o.a.j.r.c.ReportGeneratorConfiguration: Property 'jmeter.reportgenerator.graph.activeThreadsOverTime.exclude_controllers' not found, using default value 'false' instead.
2021-12-13 05:33:06,838 INFO o.a.j.r.c.ReportGeneratorConfiguration: Property 'jmeter.reportgenerator.graph.timeVsThreads.exclude_controllers' not found, using default value 'false' instead.
2021-12-13 05:33:06,839 INFO o.a.j.r.c.ReportGeneratorConfiguration: Property 'jmeter.reportgenerator.graph.responseTimeDistribution.exclude_controllers' not found, using default value 'false' instead.
2021-12-13 05:33:06,840 INFO o.a.j.r.c.ReportGeneratorConfiguration: Property 'jmeter.reportgenerator.graph.transactionsPerSecond.exclude_controllers' not found, using default value 'false' instead.
2021-12-13 05:33:06,841 INFO o.a.j.r.c.ReportGeneratorConfiguration: Property 'jmeter.reportgenerator.graph.responseTimePercentiles.exclude_controllers' not found, using default value 'false' instead.
2021-12-13 05:33:06,842 INFO o.a.j.r.c.ReportGeneratorConfiguration: Property 'jmeter.reportgenerator.graph.responseTimePercentilesOverTime.exclude_controllers' not found, using default value 'false' instead.
2021-12-13 05:33:06,843 INFO o.a.j.r.c.ReportGeneratorConfiguration: Property 'jmeter.reportgenerator.graph.responseTimesOverTime.exclude_controllers' not found, using default value 'false' instead.
2021-12-13 05:33:06,844 INFO o.a.j.r.c.ReportGeneratorConfiguration: Property 'jmeter.reportgenerator.graph.connectTimeOverTime.exclude_controllers' not found, using default value 'false' instead.
2021-12-13 05:33:06,844 INFO o.a.j.r.c.ReportGeneratorConfiguration: Property 'jmeter.reportgenerator.graph.latenciesOverTime.exclude_controllers' not found, using default value 'false' instead.
2021-12-13 05:33:06,846 INFO o.a.j.r.c.ReportGeneratorConfiguration: Property 'jmeter.reportgenerator.exporter.json.filters_only_sample_series' not found, using default value 'true' instead.
2021-12-13 05:33:06,847 INFO o.a.j.r.c.ReportGeneratorConfiguration: Property 'jmeter.reportgenerator.exporter.json.series_filter' not found, using default value '' instead.
2021-12-13 05:33:06,847 INFO o.a.j.r.c.ReportGeneratorConfiguration: Property 'jmeter.reportgenerator.exporter.json.show_controllers_only' not found, using default value 'false' instead.
2021-12-13 05:33:06,848 INFO o.a.j.r.c.ReportGeneratorConfiguration: Property 'jmeter.reportgenerator.exporter.html.filters_only_sample_series' not found, using default value 'true' instead.
2021-12-13 05:33:06,849 INFO o.a.j.r.c.ReportGeneratorConfiguration: Property 'jmeter.reportgenerator.exporter.html.series_filter' not found, using default value '' instead.
2021-12-13 05:33:06,850 INFO o.a.j.r.c.ReportGeneratorConfiguration: Property 'jmeter.reportgenerator.exporter.html.show_controllers_only' not found, using default value 'false' instead.
2021-12-13 05:33:06,853 INFO o.a.j.e.DistributedRunner: Configuring remote engine: slave-1
2021-12-13 05:33:06,860 INFO o.a.j.r.RmiUtils: Disabling SSL for RMI as server.rmi.ssl.disable is set to 'true'
2021-12-13 05:33:06,937 INFO o.a.j.e.DistributedRunner: Configuring remote engine: slave-2
2021-12-13 05:33:06,938 INFO o.a.j.r.RmiUtils: Disabling SSL for RMI as server.rmi.ssl.disable is set to 'true'
2021-12-13 05:33:06,970 INFO o.a.j.e.DistributedRunner: Starting distributed test with remote engines: [slave-2, slave-1] @ Mon Dec 13 05:33:06 UTC 2021 (1639373586969)
2021-12-13 05:33:06,971 INFO o.a.j.e.ClientJMeterEngine: running clientengine run method
2021-12-13 05:33:06,984 INFO o.a.j.e.u.CompoundVariable: Note: Function class names must contain the string: '.functions.'
2021-12-13 05:33:06,985 INFO o.a.j.e.u.CompoundVariable: Note: Function class names must not contain the string: '.gui.'
2021-12-13 05:33:07,422 INFO o.a.j.r.RmiUtils: Disabling SSL for RMI as server.rmi.ssl.disable is set to 'true'
2021-12-13 05:33:07,423 INFO o.a.j.r.RmiUtils: Disabling SSL for RMI as server.rmi.ssl.disable is set to 'true'
2021-12-13 05:33:07,426 INFO o.a.j.s.SampleEvent: List of sample_variables: []
2021-12-13 05:33:07,430 INFO o.a.j.s.BatchSampleSender: Using batching (client settings) for this run. Thresholds: num=100, time=60000
2021-12-13 05:33:07,431 INFO o.a.j.s.DataStrippingSampleSender: Using DataStrippingSampleSender for this run
2021-12-13 05:33:07,433 INFO o.a.j.r.RmiUtils: Disabling SSL for RMI as server.rmi.ssl.disable is set to 'true'
2021-12-13 05:33:07,433 INFO o.a.j.r.RmiUtils: Disabling SSL for RMI as server.rmi.ssl.disable is set to 'true'
2021-12-13 05:33:08,803 INFO o.a.j.r.RmiUtils: Disabling SSL for RMI as server.rmi.ssl.disable is set to 'true'
2021-12-13 05:33:08,811 INFO o.a.j.r.RmiUtils: Disabling SSL for RMI as server.rmi.ssl.disable is set to 'true'
2021-12-13 05:33:08,840 INFO o.a.j.r.RmiUtils: Disabling SSL for RMI as server.rmi.ssl.disable is set to 'true'
2021-12-13 05:33:08,847 INFO o.a.j.r.RmiUtils: Disabling SSL for RMI as server.rmi.ssl.disable is set to 'true'
2021-12-13 05:33:08,868 INFO o.a.j.s.BatchSampleSender: Using batching (client settings) for this run. Thresholds: num=100, time=60000
2021-12-13 05:33:08,876 INFO o.a.j.s.DataStrippingSampleSender: Using DataStrippingSampleSender for this run
2021-12-13 05:33:09,437 INFO o.a.j.e.ClientJMeterEngine: sent test to slave-2 basedir='.'
2021-12-13 05:33:09,439 INFO o.a.j.e.ClientJMeterEngine: Sending properties {}
2021-12-13 05:33:09,479 INFO o.a.j.e.ClientJMeterEngine: sent run command to slave-2
2021-12-13 05:33:09,483 INFO o.a.j.e.ClientJMeterEngine: running clientengine run method
2021-12-13 05:33:09,488 INFO o.a.j.r.RmiUtils: Disabling SSL for RMI as server.rmi.ssl.disable is set to 'true'
2021-12-13 05:33:09,489 INFO o.a.j.r.RmiUtils: Disabling SSL for RMI as server.rmi.ssl.disable is set to 'true'
2021-12-13 05:33:09,491 INFO o.a.j.s.BatchSampleSender: Using batching (client settings) for this run. Thresholds: num=100, time=60000
2021-12-13 05:33:09,494 INFO o.a.j.s.DataStrippingSampleSender: Using DataStrippingSampleSender for this run
2021-12-13 05:33:09,498 INFO o.a.j.r.RmiUtils: Disabling SSL for RMI as server.rmi.ssl.disable is set to 'true'
2021-12-13 05:33:09,500 INFO o.a.j.r.RmiUtils: Disabling SSL for RMI as server.rmi.ssl.disable is set to 'true'
2021-12-13 05:33:09,557 INFO o.a.j.r.RmiUtils: Disabling SSL for RMI as server.rmi.ssl.disable is set to 'true'
2021-12-13 05:33:09,567 INFO o.a.j.r.RmiUtils: Disabling SSL for RMI as server.rmi.ssl.disable is set to 'true'
2021-12-13 05:33:09,574 INFO o.a.j.r.RmiUtils: Disabling SSL for RMI as server.rmi.ssl.disable is set to 'true'
2021-12-13 05:33:09,585 INFO o.a.j.r.RmiUtils: Disabling SSL for RMI as server.rmi.ssl.disable is set to 'true'
2021-12-13 05:33:09,592 INFO o.a.j.s.BatchSampleSender: Using batching (client settings) for this run. Thresholds: num=100, time=60000
2021-12-13 05:33:09,595 INFO o.a.j.s.DataStrippingSampleSender: Using DataStrippingSampleSender for this run
2021-12-13 05:33:10,177 INFO o.a.j.e.ClientJMeterEngine: sent test to slave-1 basedir='.'
2021-12-13 05:33:10,186 INFO o.a.j.e.ClientJMeterEngine: Sending properties {}
2021-12-13 05:33:10,223 INFO o.a.j.e.ClientJMeterEngine: sent run command to slave-1
2021-12-13 05:33:10,236 INFO o.a.j.e.DistributedRunner: Remote engines have been started:[slave-2, slave-1]
2021-12-13 05:33:12,155 INFO o.a.j.v.b.BackendListener: SimpleReqListener: Starting worker with class: class org.apache.jmeter.visualizers.backend.influxdb.InfluxdbBackendListenerClient and queue capacity: 5000
2021-12-13 05:33:12,173 INFO o.a.j.v.b.BackendListener: SimpleReqListener: Started  worker with class: class org.apache.jmeter.visualizers.backend.influxdb.InfluxdbBackendListenerClient
2021-12-13 05:33:14,277 INFO o.a.j.JMeter: Started remote host:  slave-2 (1639373594277)
2021-12-13 05:33:14,277 INFO o.a.j.JMeter: Started remote host:  slave-1 (1639373594277)
2021-12-13 05:33:41,778 INFO o.a.j.v.b.BackendListener: Worker ended
2021-12-13 05:33:41,794 INFO o.a.j.v.b.i.InfluxdbBackendListenerClient: Sending last metrics
2021-12-13 05:33:41,795 INFO o.a.j.JMeter: Finished remote host: slave-1 (1639373621795)
2021-12-13 05:33:41,806 INFO o.a.j.v.b.i.HttpMetricsSender: Destroying 
2021-12-13 05:33:41,857 INFO o.a.j.r.Summariser: summary =      8 in 00:00:28 =    0.3/s Avg:   844 Min:   324 Max:  2170 Err:     0 (0.00%)
2021-12-13 05:33:41,860 INFO o.a.j.JMeter: Finished remote host: slave-2 (1639373621860)
2021-12-13 05:33:41,863 INFO o.a.j.JMeter: All remote engines have ended test, starting RemoteTestStopper thread
2021-12-13 05:33:41,870 INFO o.a.j.e.ClientJMeterEngine: about to exit remote server on slave-2
2021-12-13 05:33:41,962 INFO o.a.j.e.ClientJMeterEngine: about to exit remote server on slave-1
2021-12-13 05:33:47,058 INFO o.a.j.JMeter: Interrupting RMI Reaper
2021-12-13 05:33:47,062 INFO o.a.j.JMeter: Generating Dashboard
2021-12-13 05:33:47,064 INFO o.a.j.r.d.ReportGenerator: Flushing result collector before report Generation
2021-12-13 05:33:47,129 INFO o.a.j.r.p.NormalizerSampleConsumer: Using format, 'ms', to parse timeStamp field
2021-12-13 05:33:47,520 INFO o.a.j.r.p.AbstractSampleConsumer: class org.apache.jmeter.report.processor.AggregateConsumer#stopProducing(): beginDate produced 0 samples
2021-12-13 05:33:47,533 INFO o.a.j.r.p.AbstractSampleConsumer: class org.apache.jmeter.report.processor.AggregateConsumer#stopProducing(): endDate produced 0 samples
2021-12-13 05:33:47,613 INFO o.a.j.r.p.AbstractSampleConsumer: class org.apache.jmeter.report.processor.ApdexSummaryConsumer#stopProducing(): apdexSummary produced 0 samples
2021-12-13 05:33:47,617 INFO o.a.j.r.p.AbstractSampleConsumer: class org.apache.jmeter.report.processor.RequestsSummaryConsumer#stopProducing(): requestsSummary produced 0 samples
2021-12-13 05:33:47,635 INFO o.a.j.r.p.AbstractSampleConsumer: class org.apache.jmeter.report.processor.StatisticsSummaryConsumer#stopProducing(): statisticsSummary produced 0 samples
2021-12-13 05:33:47,672 INFO o.a.j.r.p.AbstractSampleConsumer: class org.apache.jmeter.report.processor.Top5ErrorsBySamplerConsumer#stopProducing(): top5ErrorsBySampler produced 0 samples
2021-12-13 05:33:47,681 INFO o.a.j.r.p.AbstractSampleConsumer: class org.apache.jmeter.report.processor.ErrorsSummaryConsumer#stopProducing(): errorsSummary produced 0 samples
2021-12-13 05:33:47,683 INFO o.a.j.r.p.AbstractSampleConsumer: class org.apache.jmeter.report.processor.graph.impl.HitsPerSecondGraphConsumer#stopProducing(): hitsPerSecond produced 0 samples
2021-12-13 05:33:47,823 INFO o.a.j.r.p.AbstractSampleConsumer: class org.apache.jmeter.report.processor.graph.impl.LatencyVSRequestGraphConsumer#stopProducing(): latencyVsRequest produced 0 samples
2021-12-13 05:33:47,826 INFO o.a.j.r.p.AbstractSampleConsumer: class org.apache.jmeter.report.processor.graph.impl.SyntheticResponseTimeDistributionGraphConsumer#stopProducing(): syntheticResponseTimeDistribution produced 0 samples
2021-12-13 05:33:47,835 INFO o.a.j.r.p.AbstractSampleConsumer: class org.apache.jmeter.report.processor.graph.impl.BytesThroughputGraphConsumer#stopProducing(): bytesThroughputOverTime produced 0 samples
2021-12-13 05:33:47,838 INFO o.a.j.r.p.AbstractSampleConsumer: class org.apache.jmeter.report.processor.graph.impl.CodesPerSecondGraphConsumer#stopProducing(): codesPerSecond produced 0 samples
2021-12-13 05:33:47,903 INFO o.a.j.r.p.AbstractSampleConsumer: class org.apache.jmeter.report.processor.graph.impl.ResponseTimeVSRequestGraphConsumer#stopProducing(): responseTimeVsRequest produced 0 samples
2021-12-13 05:33:47,907 INFO o.a.j.r.p.AbstractSampleConsumer: class org.apache.jmeter.report.processor.FilterConsumer#stopProducing(): startIntervalControlerFilter produced 56 samples
2021-12-13 05:33:47,910 INFO o.a.j.r.p.AbstractSampleConsumer: class org.apache.jmeter.report.processor.graph.impl.TotalTPSGraphConsumer#stopProducing(): totalTPS produced 0 samples
2021-12-13 05:33:47,921 INFO o.a.j.r.p.AbstractSampleConsumer: class org.apache.jmeter.report.processor.graph.impl.ActiveThreadsGraphConsumer#stopProducing(): activeThreadsOverTime produced 0 samples
2021-12-13 05:33:47,922 INFO o.a.j.r.p.AbstractSampleConsumer: class org.apache.jmeter.report.processor.graph.impl.TimeVSThreadGraphConsumer#stopProducing(): timeVsThreads produced 0 samples
2021-12-13 05:33:47,928 INFO o.a.j.r.p.AbstractSampleConsumer: class org.apache.jmeter.report.processor.graph.impl.ResponseTimeDistributionGraphConsumer#stopProducing(): responseTimeDistribution produced 0 samples
2021-12-13 05:33:47,930 INFO o.a.j.r.p.AbstractSampleConsumer: class org.apache.jmeter.report.processor.graph.impl.TransactionsPerSecondGraphConsumer#stopProducing(): transactionsPerSecond produced 0 samples
2021-12-13 05:33:47,934 INFO o.a.j.r.p.AbstractSampleConsumer: class org.apache.jmeter.report.processor.graph.impl.ResponseTimePercentilesGraphConsumer#stopProducing(): responseTimePercentiles produced 0 samples
2021-12-13 05:33:47,951 INFO o.a.j.r.p.AbstractSampleConsumer: class org.apache.jmeter.report.processor.graph.impl.ResponseTimePercentilesOverTimeGraphConsumer#stopProducing(): responseTimePercentilesOverTime produced 0 samples
2021-12-13 05:33:47,958 INFO o.a.j.r.p.AbstractSampleConsumer: class org.apache.jmeter.report.processor.graph.impl.ResponseTimeOverTimeGraphConsumer#stopProducing(): responseTimesOverTime produced 0 samples
2021-12-13 05:33:47,962 INFO o.a.j.r.p.AbstractSampleConsumer: class org.apache.jmeter.report.processor.graph.impl.ConnectTimeOverTimeGraphConsumer#stopProducing(): connectTimeOverTime produced 0 samples
2021-12-13 05:33:47,964 INFO o.a.j.r.p.AbstractSampleConsumer: class org.apache.jmeter.report.processor.graph.impl.LatencyOverTimeGraphConsumer#stopProducing(): latenciesOverTime produced 0 samples
2021-12-13 05:33:47,968 INFO o.a.j.r.p.AbstractSampleConsumer: class org.apache.jmeter.report.processor.FilterConsumer#stopProducing(): nameFilter produced 120 samples
2021-12-13 05:33:47,969 INFO o.a.j.r.p.AbstractSampleConsumer: class org.apache.jmeter.report.processor.FilterConsumer#stopProducing(): dateRangeFilter produced 24 samples
2021-12-13 05:33:47,970 INFO o.a.j.r.p.AbstractSampleConsumer: class org.apache.jmeter.report.processor.NormalizerSampleConsumer#stopProducing(): normalizer produced 8 samples
2021-12-13 05:33:47,976 INFO o.a.j.r.p.CsvFileSampleSource: produce(): 8 samples produced in 785ms on channel 0
2021-12-13 05:33:47,981 INFO o.a.j.r.d.ReportGenerator: Exporting data using exporter:'json' of className:'org.apache.jmeter.report.dashboard.JsonExporter'
2021-12-13 05:33:47,985 INFO o.a.j.r.d.JsonExporter: Found data for consumer statisticsSummary?in context
2021-12-13 05:33:47,987 INFO o.a.j.r.d.JsonExporter: Creating statistics for overall
2021-12-13 05:33:47,989 INFO o.a.j.r.d.JsonExporter: Creating statistics for other transactions
2021-12-13 05:33:47,998 INFO o.a.j.r.d.JsonExporter: Checking output folder
2021-12-13 05:33:48,039 INFO o.a.j.r.d.JsonExporter: Writing statistics JSON to /results/output/Mon_Dec_13_05:33:04_UTC_2021/dashboard/statistics.json
2021-12-13 05:33:49,092 INFO o.a.j.r.d.ReportGenerator: Exporting data using exporter:'html' of className:'org.apache.jmeter.report.dashboard.HtmlTemplateExporter'
2021-12-13 05:33:49,112 INFO o.a.j.r.d.HtmlTemplateExporter: Will generate dashboard in folder: /results/output/Mon_Dec_13_05:33:04_UTC_2021/dashboard
2021-12-13 05:33:49,744 ERROR f.configuration: DefaultObjectWrapper.incompatibleImprovements was set to the object returned by Configuration.getVersion(). That defeats the purpose of incompatibleImprovements, and makes upgrading FreeMarker a potentially breaking change. Also, this probably won't be allowed starting from 2.4.0. Instead, set incompatibleImprovements to the highest concrete version that's known to be compatible with your application.
2021-12-13 05:33:49,752 ERROR f.configuration: Configuration.incompatibleImprovements was set to the object returned by Configuration.getVersion(). That defeats the purpose of incompatibleImprovements, and makes upgrading FreeMarker a potentially breaking change. Also, this probably won't be allowed starting from 2.4.0. Instead, set incompatibleImprovements to the highest concrete version that's known to be compatible with your application.
2021-12-13 05:33:49,800 INFO o.a.j.r.d.HtmlTemplateExporter: Report will be generated in: /results/output/Mon_Dec_13_05:33:04_UTC_2021/dashboard, creating folder structure
2021-12-13 05:33:49,834 INFO o.a.j.r.d.TemplateVisitor: Copying folder from '/opt/apache-jmeter-5.3/bin/report-template' to '/results/output/Mon_Dec_13_05:33:04_UTC_2021/dashboard', got message: /results/output/Mon_Dec_13_05:33:04_UTC_2021/dashboard, found non empty folder with following content [/results/output/Mon_Dec_13_05:33:04_UTC_2021/dashboard/statistics.json], will be ignored
2021-12-13 05:33:53,263 INFO o.a.j.JMeter: Dashboard generated
