2021-11-30 03:45:28,726 INFO o.a.j.u.JMeterUtils: Setting Locale to en_EN
2021-11-30 03:45:28,738 INFO o.a.j.JMeter: Loading user properties from: /opt/apache-jmeter-5.3/bin/user.properties
2021-11-30 03:45:28,739 INFO o.a.j.JMeter: Loading system properties from: /opt/apache-jmeter-5.3/bin/system.properties
2021-11-30 03:45:28,740 INFO o.a.j.JMeter: Setting JMeter property: client.rmi.localport=7000
2021-11-30 03:45:28,741 INFO o.a.j.JMeter: Setting JMeter property: server.rmi.ssl.disable=true
2021-11-30 03:45:28,741 INFO o.a.j.JMeter: Setting JMeter property: jmeter.save.saveservice.subresults=false
2021-11-30 03:45:28,743 INFO o.a.j.JMeter: Copyright (c) 1998-2020 The Apache Software Foundation
2021-11-30 03:45:28,743 INFO o.a.j.JMeter: Version 5.3
2021-11-30 03:45:28,744 INFO o.a.j.JMeter: java.version=1.8.0_292
2021-11-30 03:45:28,745 INFO o.a.j.JMeter: java.vm.name=OpenJDK 64-Bit Server VM
2021-11-30 03:45:28,746 INFO o.a.j.JMeter: os.name=Linux
2021-11-30 03:45:28,746 INFO o.a.j.JMeter: os.arch=amd64
2021-11-30 03:45:28,746 INFO o.a.j.JMeter: os.version=5.10.25-linuxkit
2021-11-30 03:45:28,747 INFO o.a.j.JMeter: file.encoding=ANSI_X3.4-1968
2021-11-30 03:45:28,747 INFO o.a.j.JMeter: java.awt.headless=true
2021-11-30 03:45:28,748 INFO o.a.j.JMeter: Max memory     =2147483648
2021-11-30 03:45:28,748 INFO o.a.j.JMeter: Available Processors =4
2021-11-30 03:45:28,752 INFO o.a.j.JMeter: Default Locale=English (EN)
2021-11-30 03:45:28,753 INFO o.a.j.JMeter: JMeter  Locale=English (EN)
2021-11-30 03:45:28,753 INFO o.a.j.JMeter: JMeterHome=/opt/apache-jmeter-5.3
2021-11-30 03:45:28,754 INFO o.a.j.JMeter: user.dir  =/
2021-11-30 03:45:28,754 INFO o.a.j.JMeter: PWD       =/
2021-11-30 03:45:28,755 INFO o.a.j.JMeter: IP: 172.27.0.5 Name: jmeter FullName: jmeter
2021-11-30 03:45:28,758 INFO o.a.j.JMeter: Setting property 'jmeter.reportgenerator.outputdir' to:'/results/output/Tue_Nov_30_03:45:28_UTC_2021/dashboard'
2021-11-30 03:45:28,761 INFO o.a.j.s.FileServer: Default base='/'
2021-11-30 03:45:28,763 INFO o.a.j.s.FileServer: Set new base='/'
2021-11-30 03:45:28,865 INFO o.a.j.s.SaveService: Testplan (JMX) version: 2.2. Testlog (JTL) version: 2.2
2021-11-30 03:45:28,881 INFO o.a.j.s.SaveService: Using SaveService properties file encoding UTF-8
2021-11-30 03:45:28,885 INFO o.a.j.s.SaveService: Using SaveService properties version 5.0
2021-11-30 03:45:28,890 INFO o.a.j.s.SaveService: Loading file: /GoogleTest.jmx
2021-11-30 03:45:28,914 INFO o.a.j.p.h.c.CookieManager: Settings: Delete null: true Check: true Allow variable: true Save: false Prefix: COOKIE_
2021-11-30 03:45:28,918 INFO o.a.j.p.h.c.CacheManager: Will only cache the following methods: [GET]
2021-11-30 03:45:28,930 INFO o.a.j.p.h.s.HTTPSamplerBase: Parser for text/html is org.apache.jmeter.protocol.http.parser.LagartoBasedHtmlParser
2021-11-30 03:45:28,931 INFO o.a.j.p.h.s.HTTPSamplerBase: Parser for application/xhtml+xml is org.apache.jmeter.protocol.http.parser.LagartoBasedHtmlParser
2021-11-30 03:45:28,932 INFO o.a.j.p.h.s.HTTPSamplerBase: Parser for application/xml is org.apache.jmeter.protocol.http.parser.LagartoBasedHtmlParser
2021-11-30 03:45:28,932 INFO o.a.j.p.h.s.HTTPSamplerBase: Parser for text/xml is org.apache.jmeter.protocol.http.parser.LagartoBasedHtmlParser
2021-11-30 03:45:28,933 INFO o.a.j.p.h.s.HTTPSamplerBase: Parser for text/vnd.wap.wml is org.apache.jmeter.protocol.http.parser.RegexpHTMLParser
2021-11-30 03:45:28,934 INFO o.a.j.p.h.s.HTTPSamplerBase: Parser for text/css is org.apache.jmeter.protocol.http.parser.CssParser
2021-11-30 03:45:28,938 INFO o.a.j.s.SampleResult: Note: Sample TimeStamps are START times
2021-11-30 03:45:28,939 INFO o.a.j.s.SampleResult: sampleresult.default.encoding is set to ISO-8859-1
2021-11-30 03:45:28,940 INFO o.a.j.s.SampleResult: sampleresult.useNanoTime=true
2021-11-30 03:45:28,940 INFO o.a.j.s.SampleResult: sampleresult.nanoThreadSleep=5000
2021-11-30 03:45:28,967 INFO o.a.j.JMeter: Creating summariser <summary>
2021-11-30 03:45:28,974 INFO o.a.j.r.d.ReportGenerator: ReportGenerator will use for Parsing the separator: ','
2021-11-30 03:45:28,976 INFO o.a.j.r.d.ReportGenerator: Will generate report at end of test from  results file: /results/output/Tue_Nov_30_03:45:28_UTC_2021/GoogleTest.jtl
2021-11-30 03:45:28,977 INFO o.a.j.r.d.ReportGenerator: Reading report generator properties from: /opt/apache-jmeter-5.3/bin/reportgenerator.properties
2021-11-30 03:45:28,978 INFO o.a.j.r.d.ReportGenerator: Merging with JMeter properties
2021-11-30 03:45:28,984 INFO o.a.j.r.c.ReportGeneratorConfiguration: Property 'jmeter.reportgenerator.temp_dir' not found, using default value 'temp' instead.
2021-11-30 03:45:28,987 INFO o.a.j.r.c.ReportGeneratorConfiguration: Property 'jmeter.reportgenerator.apdex_per_transaction' not found, using default value 'null' instead.
2021-11-30 03:45:28,988 INFO o.a.j.r.c.ReportGeneratorConfiguration: apdex_per_transaction is empty, not APDEX per transaction customization
2021-11-30 03:45:28,989 INFO o.a.j.r.c.ReportGeneratorConfiguration: Property 'jmeter.reportgenerator.sample_filter' not found, using default value 'null' instead.
2021-11-30 03:45:28,990 INFO o.a.j.r.c.ReportGeneratorConfiguration: Property 'jmeter.reportgenerator.report_title' not found, using default value 'null' instead.
2021-11-30 03:45:28,991 INFO o.a.j.r.c.ReportGeneratorConfiguration: Property 'jmeter.reportgenerator.start_date' not found, using default value 'null' instead.
2021-11-30 03:45:28,992 INFO o.a.j.r.c.ReportGeneratorConfiguration: Property 'jmeter.reportgenerator.end_date' not found, using default value 'null' instead.
2021-11-30 03:45:28,993 INFO o.a.j.r.c.ReportGeneratorConfiguration: Property 'jmeter.reportgenerator.date_format' not found, using default value 'null' instead.
2021-11-30 03:45:28,994 INFO o.a.j.r.c.ReportGeneratorConfiguration: Will use date range start date: null, end date: null
2021-11-30 03:45:29,000 INFO o.a.j.r.c.ReportGeneratorConfiguration: Property 'jmeter.reportgenerator.graph.totalTPS.exclude_controllers' not found, using default value 'false' instead.
2021-11-30 03:45:29,002 INFO o.a.j.r.c.ReportGeneratorConfiguration: Property 'jmeter.reportgenerator.graph.activeThreadsOverTime.exclude_controllers' not found, using default value 'false' instead.
2021-11-30 03:45:29,003 INFO o.a.j.r.c.ReportGeneratorConfiguration: Property 'jmeter.reportgenerator.graph.timeVsThreads.exclude_controllers' not found, using default value 'false' instead.
2021-11-30 03:45:29,004 INFO o.a.j.r.c.ReportGeneratorConfiguration: Property 'jmeter.reportgenerator.graph.responseTimeDistribution.exclude_controllers' not found, using default value 'false' instead.
2021-11-30 03:45:29,005 INFO o.a.j.r.c.ReportGeneratorConfiguration: Property 'jmeter.reportgenerator.graph.transactionsPerSecond.exclude_controllers' not found, using default value 'false' instead.
2021-11-30 03:45:29,007 INFO o.a.j.r.c.ReportGeneratorConfiguration: Property 'jmeter.reportgenerator.graph.responseTimePercentiles.exclude_controllers' not found, using default value 'false' instead.
2021-11-30 03:45:29,008 INFO o.a.j.r.c.ReportGeneratorConfiguration: Property 'jmeter.reportgenerator.graph.responseTimePercentilesOverTime.exclude_controllers' not found, using default value 'false' instead.
2021-11-30 03:45:29,009 INFO o.a.j.r.c.ReportGeneratorConfiguration: Property 'jmeter.reportgenerator.graph.responseTimesOverTime.exclude_controllers' not found, using default value 'false' instead.
2021-11-30 03:45:29,010 INFO o.a.j.r.c.ReportGeneratorConfiguration: Property 'jmeter.reportgenerator.graph.connectTimeOverTime.exclude_controllers' not found, using default value 'false' instead.
2021-11-30 03:45:29,011 INFO o.a.j.r.c.ReportGeneratorConfiguration: Property 'jmeter.reportgenerator.graph.latenciesOverTime.exclude_controllers' not found, using default value 'false' instead.
2021-11-30 03:45:29,013 INFO o.a.j.r.c.ReportGeneratorConfiguration: Property 'jmeter.reportgenerator.exporter.json.filters_only_sample_series' not found, using default value 'true' instead.
2021-11-30 03:45:29,015 INFO o.a.j.r.c.ReportGeneratorConfiguration: Property 'jmeter.reportgenerator.exporter.json.series_filter' not found, using default value '' instead.
2021-11-30 03:45:29,016 INFO o.a.j.r.c.ReportGeneratorConfiguration: Property 'jmeter.reportgenerator.exporter.json.show_controllers_only' not found, using default value 'false' instead.
2021-11-30 03:45:29,017 INFO o.a.j.r.c.ReportGeneratorConfiguration: Property 'jmeter.reportgenerator.exporter.html.filters_only_sample_series' not found, using default value 'true' instead.
2021-11-30 03:45:29,018 INFO o.a.j.r.c.ReportGeneratorConfiguration: Property 'jmeter.reportgenerator.exporter.html.series_filter' not found, using default value '' instead.
2021-11-30 03:45:29,019 INFO o.a.j.r.c.ReportGeneratorConfiguration: Property 'jmeter.reportgenerator.exporter.html.show_controllers_only' not found, using default value 'false' instead.
2021-11-30 03:45:29,022 INFO o.a.j.e.DistributedRunner: Configuring remote engine: slave-1
2021-11-30 03:45:29,025 INFO o.a.j.r.RmiUtils: Disabling SSL for RMI as server.rmi.ssl.disable is set to 'true'
2021-11-30 03:45:29,088 INFO o.a.j.e.DistributedRunner: Configuring remote engine: slave-2
2021-11-30 03:45:29,089 INFO o.a.j.r.RmiUtils: Disabling SSL for RMI as server.rmi.ssl.disable is set to 'true'
2021-11-30 03:45:29,119 INFO o.a.j.e.DistributedRunner: Starting distributed test with remote engines: [slave-2, slave-1] @ Tue Nov 30 03:45:29 UTC 2021 (1638243929118)
2021-11-30 03:45:29,120 INFO o.a.j.e.ClientJMeterEngine: running clientengine run method
2021-11-30 03:45:29,124 INFO o.a.j.e.u.CompoundVariable: Note: Function class names must contain the string: '.functions.'
2021-11-30 03:45:29,125 INFO o.a.j.e.u.CompoundVariable: Note: Function class names must not contain the string: '.gui.'
2021-11-30 03:45:29,376 INFO o.a.j.r.RmiUtils: Disabling SSL for RMI as server.rmi.ssl.disable is set to 'true'
2021-11-30 03:45:29,377 INFO o.a.j.r.RmiUtils: Disabling SSL for RMI as server.rmi.ssl.disable is set to 'true'
2021-11-30 03:45:29,379 INFO o.a.j.s.SampleEvent: List of sample_variables: []
2021-11-30 03:45:29,385 INFO o.a.j.s.BatchSampleSender: Using batching (client settings) for this run. Thresholds: num=100, time=60000
2021-11-30 03:45:29,385 INFO o.a.j.s.DataStrippingSampleSender: Using DataStrippingSampleSender for this run
2021-11-30 03:45:29,387 INFO o.a.j.r.RmiUtils: Disabling SSL for RMI as server.rmi.ssl.disable is set to 'true'
2021-11-30 03:45:29,388 INFO o.a.j.r.RmiUtils: Disabling SSL for RMI as server.rmi.ssl.disable is set to 'true'
2021-11-30 03:45:29,815 INFO o.a.j.r.RmiUtils: Disabling SSL for RMI as server.rmi.ssl.disable is set to 'true'
2021-11-30 03:45:29,818 INFO o.a.j.r.RmiUtils: Disabling SSL for RMI as server.rmi.ssl.disable is set to 'true'
2021-11-30 03:45:29,819 INFO o.a.j.r.RmiUtils: Disabling SSL for RMI as server.rmi.ssl.disable is set to 'true'
2021-11-30 03:45:29,821 INFO o.a.j.r.RmiUtils: Disabling SSL for RMI as server.rmi.ssl.disable is set to 'true'
2021-11-30 03:45:29,823 INFO o.a.j.s.BatchSampleSender: Using batching (client settings) for this run. Thresholds: num=100, time=60000
2021-11-30 03:45:29,825 INFO o.a.j.s.DataStrippingSampleSender: Using DataStrippingSampleSender for this run
2021-11-30 03:45:30,060 INFO o.a.j.e.ClientJMeterEngine: sent test to slave-2 basedir='.'
2021-11-30 03:45:30,064 INFO o.a.j.e.ClientJMeterEngine: Sending properties {}
2021-11-30 03:45:30,083 INFO o.a.j.e.ClientJMeterEngine: sent run command to slave-2
2021-11-30 03:45:30,084 INFO o.a.j.e.ClientJMeterEngine: running clientengine run method
2021-11-30 03:45:30,087 INFO o.a.j.r.RmiUtils: Disabling SSL for RMI as server.rmi.ssl.disable is set to 'true'
2021-11-30 03:45:30,089 INFO o.a.j.r.RmiUtils: Disabling SSL for RMI as server.rmi.ssl.disable is set to 'true'
2021-11-30 03:45:30,091 INFO o.a.j.s.BatchSampleSender: Using batching (client settings) for this run. Thresholds: num=100, time=60000
2021-11-30 03:45:30,094 INFO o.a.j.s.DataStrippingSampleSender: Using DataStrippingSampleSender for this run
2021-11-30 03:45:30,096 INFO o.a.j.r.RmiUtils: Disabling SSL for RMI as server.rmi.ssl.disable is set to 'true'
2021-11-30 03:45:30,097 INFO o.a.j.r.RmiUtils: Disabling SSL for RMI as server.rmi.ssl.disable is set to 'true'
2021-11-30 03:45:30,118 INFO o.a.j.r.RmiUtils: Disabling SSL for RMI as server.rmi.ssl.disable is set to 'true'
2021-11-30 03:45:30,120 INFO o.a.j.r.RmiUtils: Disabling SSL for RMI as server.rmi.ssl.disable is set to 'true'
2021-11-30 03:45:30,122 INFO o.a.j.r.RmiUtils: Disabling SSL for RMI as server.rmi.ssl.disable is set to 'true'
2021-11-30 03:45:30,123 INFO o.a.j.r.RmiUtils: Disabling SSL for RMI as server.rmi.ssl.disable is set to 'true'
2021-11-30 03:45:30,125 INFO o.a.j.s.BatchSampleSender: Using batching (client settings) for this run. Thresholds: num=100, time=60000
2021-11-30 03:45:30,126 INFO o.a.j.s.DataStrippingSampleSender: Using DataStrippingSampleSender for this run
2021-11-30 03:45:30,384 INFO o.a.j.e.ClientJMeterEngine: sent test to slave-1 basedir='.'
2021-11-30 03:45:30,385 INFO o.a.j.e.ClientJMeterEngine: Sending properties {}
2021-11-30 03:45:30,393 INFO o.a.j.e.ClientJMeterEngine: sent run command to slave-1
2021-11-30 03:45:30,394 INFO o.a.j.e.DistributedRunner: Remote engines have been started:[slave-2, slave-1]
2021-11-30 03:45:30,661 INFO o.a.j.v.b.BackendListener: SimpleReqListener: Starting worker with class: class org.apache.jmeter.visualizers.backend.influxdb.InfluxdbBackendListenerClient and queue capacity: 5000
2021-11-30 03:45:30,664 INFO o.a.j.v.b.BackendListener: SimpleReqListener: Started  worker with class: class org.apache.jmeter.visualizers.backend.influxdb.InfluxdbBackendListenerClient
2021-11-30 03:45:30,998 INFO o.a.j.JMeter: Started remote host:  slave-2 (1638243930997)
2021-11-30 03:45:30,998 INFO o.a.j.JMeter: Started remote host:  slave-1 (1638243930997)
2021-11-30 03:45:32,192 INFO o.a.j.r.Summariser: summary +      1 in 00:00:01 =    0.8/s Avg:   818 Min:   818 Max:   818 Err:     0 (0.00%) Active: 2 Started: 2 Finished: 0
2021-11-30 03:45:58,144 INFO o.a.j.JMeter: Finished remote host: slave-2 (1638243958144)
2021-11-30 03:45:58,157 INFO o.a.j.v.b.BackendListener: Worker ended
2021-11-30 03:45:58,159 INFO o.a.j.v.b.i.InfluxdbBackendListenerClient: Sending last metrics
2021-11-30 03:45:58,165 INFO o.a.j.v.b.i.HttpMetricsSender: Destroying 
2021-11-30 03:45:58,196 INFO o.a.j.r.Summariser: summary +      7 in 00:00:26 =    0.3/s Avg:   521 Min:   399 Max:   909 Err:     0 (0.00%) Active: 0 Started: 20 Finished: 20
2021-11-30 03:45:58,197 INFO o.a.j.r.Summariser: summary =      8 in 00:00:27 =    0.3/s Avg:   558 Min:   399 Max:   909 Err:     0 (0.00%)
2021-11-30 03:45:58,199 INFO o.a.j.JMeter: Finished remote host: slave-1 (1638243958199)
2021-11-30 03:45:58,200 INFO o.a.j.JMeter: All remote engines have ended test, starting RemoteTestStopper thread
2021-11-30 03:45:58,202 INFO o.a.j.e.ClientJMeterEngine: about to exit remote server on slave-2
2021-11-30 03:45:58,253 INFO o.a.j.e.ClientJMeterEngine: about to exit remote server on slave-1
2021-11-30 03:46:03,309 INFO o.a.j.JMeter: Interrupting RMI Reaper
2021-11-30 03:46:03,311 INFO o.a.j.JMeter: Generating Dashboard
2021-11-30 03:46:03,313 INFO o.a.j.r.d.ReportGenerator: Flushing result collector before report Generation
2021-11-30 03:46:03,328 INFO o.a.j.r.p.NormalizerSampleConsumer: Using format, 'ms', to parse timeStamp field
2021-11-30 03:46:03,353 INFO o.a.j.r.p.AbstractSampleConsumer: class org.apache.jmeter.report.processor.AggregateConsumer#stopProducing(): beginDate produced 0 samples
2021-11-30 03:46:03,354 INFO o.a.j.r.p.AbstractSampleConsumer: class org.apache.jmeter.report.processor.AggregateConsumer#stopProducing(): endDate produced 0 samples
2021-11-30 03:46:03,356 INFO o.a.j.r.p.AbstractSampleConsumer: class org.apache.jmeter.report.processor.ApdexSummaryConsumer#stopProducing(): apdexSummary produced 0 samples
2021-11-30 03:46:03,357 INFO o.a.j.r.p.AbstractSampleConsumer: class org.apache.jmeter.report.processor.RequestsSummaryConsumer#stopProducing(): requestsSummary produced 0 samples
2021-11-30 03:46:03,358 INFO o.a.j.r.p.AbstractSampleConsumer: class org.apache.jmeter.report.processor.StatisticsSummaryConsumer#stopProducing(): statisticsSummary produced 0 samples
2021-11-30 03:46:03,362 INFO o.a.j.r.p.AbstractSampleConsumer: class org.apache.jmeter.report.processor.Top5ErrorsBySamplerConsumer#stopProducing(): top5ErrorsBySampler produced 0 samples
2021-11-30 03:46:03,363 INFO o.a.j.r.p.AbstractSampleConsumer: class org.apache.jmeter.report.processor.ErrorsSummaryConsumer#stopProducing(): errorsSummary produced 0 samples
2021-11-30 03:46:03,364 INFO o.a.j.r.p.AbstractSampleConsumer: class org.apache.jmeter.report.processor.graph.impl.HitsPerSecondGraphConsumer#stopProducing(): hitsPerSecond produced 0 samples
2021-11-30 03:46:03,384 INFO o.a.j.r.p.AbstractSampleConsumer: class org.apache.jmeter.report.processor.graph.impl.LatencyVSRequestGraphConsumer#stopProducing(): latencyVsRequest produced 0 samples
2021-11-30 03:46:03,385 INFO o.a.j.r.p.AbstractSampleConsumer: class org.apache.jmeter.report.processor.graph.impl.SyntheticResponseTimeDistributionGraphConsumer#stopProducing(): syntheticResponseTimeDistribution produced 0 samples
2021-11-30 03:46:03,386 INFO o.a.j.r.p.AbstractSampleConsumer: class org.apache.jmeter.report.processor.graph.impl.BytesThroughputGraphConsumer#stopProducing(): bytesThroughputOverTime produced 0 samples
2021-11-30 03:46:03,386 INFO o.a.j.r.p.AbstractSampleConsumer: class org.apache.jmeter.report.processor.graph.impl.CodesPerSecondGraphConsumer#stopProducing(): codesPerSecond produced 0 samples
2021-11-30 03:46:03,389 INFO o.a.j.r.p.AbstractSampleConsumer: class org.apache.jmeter.report.processor.graph.impl.ResponseTimeVSRequestGraphConsumer#stopProducing(): responseTimeVsRequest produced 0 samples
2021-11-30 03:46:03,389 INFO o.a.j.r.p.AbstractSampleConsumer: class org.apache.jmeter.report.processor.FilterConsumer#stopProducing(): startIntervalControlerFilter produced 56 samples
2021-11-30 03:46:03,390 INFO o.a.j.r.p.AbstractSampleConsumer: class org.apache.jmeter.report.processor.graph.impl.TotalTPSGraphConsumer#stopProducing(): totalTPS produced 0 samples
2021-11-30 03:46:03,391 INFO o.a.j.r.p.AbstractSampleConsumer: class org.apache.jmeter.report.processor.graph.impl.ActiveThreadsGraphConsumer#stopProducing(): activeThreadsOverTime produced 0 samples
2021-11-30 03:46:03,391 INFO o.a.j.r.p.AbstractSampleConsumer: class org.apache.jmeter.report.processor.graph.impl.TimeVSThreadGraphConsumer#stopProducing(): timeVsThreads produced 0 samples
2021-11-30 03:46:03,393 INFO o.a.j.r.p.AbstractSampleConsumer: class org.apache.jmeter.report.processor.graph.impl.ResponseTimeDistributionGraphConsumer#stopProducing(): responseTimeDistribution produced 0 samples
2021-11-30 03:46:03,394 INFO o.a.j.r.p.AbstractSampleConsumer: class org.apache.jmeter.report.processor.graph.impl.TransactionsPerSecondGraphConsumer#stopProducing(): transactionsPerSecond produced 0 samples
2021-11-30 03:46:03,395 INFO o.a.j.r.p.AbstractSampleConsumer: class org.apache.jmeter.report.processor.graph.impl.ResponseTimePercentilesGraphConsumer#stopProducing(): responseTimePercentiles produced 0 samples
2021-11-30 03:46:03,397 INFO o.a.j.r.p.AbstractSampleConsumer: class org.apache.jmeter.report.processor.graph.impl.ResponseTimePercentilesOverTimeGraphConsumer#stopProducing(): responseTimePercentilesOverTime produced 0 samples
2021-11-30 03:46:03,398 INFO o.a.j.r.p.AbstractSampleConsumer: class org.apache.jmeter.report.processor.graph.impl.ResponseTimeOverTimeGraphConsumer#stopProducing(): responseTimesOverTime produced 0 samples
2021-11-30 03:46:03,398 INFO o.a.j.r.p.AbstractSampleConsumer: class org.apache.jmeter.report.processor.graph.impl.ConnectTimeOverTimeGraphConsumer#stopProducing(): connectTimeOverTime produced 0 samples
2021-11-30 03:46:03,399 INFO o.a.j.r.p.AbstractSampleConsumer: class org.apache.jmeter.report.processor.graph.impl.LatencyOverTimeGraphConsumer#stopProducing(): latenciesOverTime produced 0 samples
2021-11-30 03:46:03,399 INFO o.a.j.r.p.AbstractSampleConsumer: class org.apache.jmeter.report.processor.FilterConsumer#stopProducing(): nameFilter produced 120 samples
2021-11-30 03:46:03,400 INFO o.a.j.r.p.AbstractSampleConsumer: class org.apache.jmeter.report.processor.FilterConsumer#stopProducing(): dateRangeFilter produced 24 samples
2021-11-30 03:46:03,400 INFO o.a.j.r.p.AbstractSampleConsumer: class org.apache.jmeter.report.processor.NormalizerSampleConsumer#stopProducing(): normalizer produced 8 samples
2021-11-30 03:46:03,401 INFO o.a.j.r.p.CsvFileSampleSource: produce(): 8 samples produced in 61ms on channel 0
2021-11-30 03:46:03,401 INFO o.a.j.r.d.ReportGenerator: Exporting data using exporter:'json' of className:'org.apache.jmeter.report.dashboard.JsonExporter'
2021-11-30 03:46:03,403 INFO o.a.j.r.d.JsonExporter: Found data for consumer statisticsSummary?in context
2021-11-30 03:46:03,403 INFO o.a.j.r.d.JsonExporter: Creating statistics for overall
2021-11-30 03:46:03,404 INFO o.a.j.r.d.JsonExporter: Creating statistics for other transactions
2021-11-30 03:46:03,404 INFO o.a.j.r.d.JsonExporter: Checking output folder
2021-11-30 03:46:03,409 INFO o.a.j.r.d.JsonExporter: Writing statistics JSON to /results/output/Tue_Nov_30_03:45:28_UTC_2021/dashboard/statistics.json
2021-11-30 03:46:03,533 INFO o.a.j.r.d.ReportGenerator: Exporting data using exporter:'html' of className:'org.apache.jmeter.report.dashboard.HtmlTemplateExporter'
2021-11-30 03:46:03,538 INFO o.a.j.r.d.HtmlTemplateExporter: Will generate dashboard in folder: /results/output/Tue_Nov_30_03:45:28_UTC_2021/dashboard
2021-11-30 03:46:03,614 ERROR f.configuration: DefaultObjectWrapper.incompatibleImprovements was set to the object returned by Configuration.getVersion(). That defeats the purpose of incompatibleImprovements, and makes upgrading FreeMarker a potentially breaking change. Also, this probably won't be allowed starting from 2.4.0. Instead, set incompatibleImprovements to the highest concrete version that's known to be compatible with your application.
2021-11-30 03:46:03,616 ERROR f.configuration: Configuration.incompatibleImprovements was set to the object returned by Configuration.getVersion(). That defeats the purpose of incompatibleImprovements, and makes upgrading FreeMarker a potentially breaking change. Also, this probably won't be allowed starting from 2.4.0. Instead, set incompatibleImprovements to the highest concrete version that's known to be compatible with your application.
2021-11-30 03:46:03,624 INFO o.a.j.r.d.HtmlTemplateExporter: Report will be generated in: /results/output/Tue_Nov_30_03:45:28_UTC_2021/dashboard, creating folder structure
2021-11-30 03:46:03,629 INFO o.a.j.r.d.TemplateVisitor: Copying folder from '/opt/apache-jmeter-5.3/bin/report-template' to '/results/output/Tue_Nov_30_03:45:28_UTC_2021/dashboard', got message: /results/output/Tue_Nov_30_03:45:28_UTC_2021/dashboard, found non empty folder with following content [/results/output/Tue_Nov_30_03:45:28_UTC_2021/dashboard/statistics.json], will be ignored
2021-11-30 03:46:04,501 INFO o.a.j.JMeter: Dashboard generated
