2021-11-30 03:30:50,392 INFO o.a.j.u.JMeterUtils: Setting Locale to en_EN
2021-11-30 03:30:50,422 INFO o.a.j.JMeter: Loading user properties from: /opt/apache-jmeter-5.3/bin/user.properties
2021-11-30 03:30:50,425 INFO o.a.j.JMeter: Loading system properties from: /opt/apache-jmeter-5.3/bin/system.properties
2021-11-30 03:30:50,427 INFO o.a.j.JMeter: Setting JMeter property: client.rmi.localport=7000
2021-11-30 03:30:50,429 INFO o.a.j.JMeter: Setting JMeter property: server.rmi.ssl.disable=true
2021-11-30 03:30:50,430 INFO o.a.j.JMeter: Setting JMeter property: jmeter.save.saveservice.subresults=false
2021-11-30 03:30:50,433 INFO o.a.j.JMeter: Copyright (c) 1998-2020 The Apache Software Foundation
2021-11-30 03:30:50,434 INFO o.a.j.JMeter: Version 5.3
2021-11-30 03:30:50,450 INFO o.a.j.JMeter: java.version=1.8.0_292
2021-11-30 03:30:50,451 INFO o.a.j.JMeter: java.vm.name=OpenJDK 64-Bit Server VM
2021-11-30 03:30:50,451 INFO o.a.j.JMeter: os.name=Linux
2021-11-30 03:30:50,452 INFO o.a.j.JMeter: os.arch=amd64
2021-11-30 03:30:50,453 INFO o.a.j.JMeter: os.version=5.10.25-linuxkit
2021-11-30 03:30:50,455 INFO o.a.j.JMeter: file.encoding=ANSI_X3.4-1968
2021-11-30 03:30:50,456 INFO o.a.j.JMeter: java.awt.headless=true
2021-11-30 03:30:50,457 INFO o.a.j.JMeter: Max memory     =2147483648
2021-11-30 03:30:50,458 INFO o.a.j.JMeter: Available Processors =4
2021-11-30 03:30:50,469 INFO o.a.j.JMeter: Default Locale=English (EN)
2021-11-30 03:30:50,473 INFO o.a.j.JMeter: JMeter  Locale=English (EN)
2021-11-30 03:30:50,474 INFO o.a.j.JMeter: JMeterHome=/opt/apache-jmeter-5.3
2021-11-30 03:30:50,475 INFO o.a.j.JMeter: user.dir  =/
2021-11-30 03:30:50,476 INFO o.a.j.JMeter: PWD       =/
2021-11-30 03:30:50,477 INFO o.a.j.JMeter: IP: 172.25.0.5 Name: 7ae489af887a FullName: 7ae489af887a
2021-11-30 03:30:50,488 INFO o.a.j.JMeter: Setting property 'jmeter.reportgenerator.outputdir' to:'/results/output/Tue_Nov_30_03:30:47_UTC_2021/dashboard'
2021-11-30 03:30:50,493 INFO o.a.j.s.FileServer: Default base='/'
2021-11-30 03:30:50,497 INFO o.a.j.s.FileServer: Set new base='/'
2021-11-30 03:30:50,721 INFO o.a.j.s.SaveService: Testplan (JMX) version: 2.2. Testlog (JTL) version: 2.2
2021-11-30 03:30:50,748 INFO o.a.j.s.SaveService: Using SaveService properties file encoding UTF-8
2021-11-30 03:30:50,756 INFO o.a.j.s.SaveService: Using SaveService properties version 5.0
2021-11-30 03:30:50,766 INFO o.a.j.s.SaveService: Loading file: /GoogleTest.jmx
2021-11-30 03:30:50,803 INFO o.a.j.p.h.c.CookieManager: Settings: Delete null: true Check: true Allow variable: true Save: false Prefix: COOKIE_
2021-11-30 03:30:50,808 INFO o.a.j.p.h.c.CacheManager: Will only cache the following methods: [GET]
2021-11-30 03:30:50,826 INFO o.a.j.p.h.s.HTTPSamplerBase: Parser for text/html is org.apache.jmeter.protocol.http.parser.LagartoBasedHtmlParser
2021-11-30 03:30:50,828 INFO o.a.j.p.h.s.HTTPSamplerBase: Parser for application/xhtml+xml is org.apache.jmeter.protocol.http.parser.LagartoBasedHtmlParser
2021-11-30 03:30:50,829 INFO o.a.j.p.h.s.HTTPSamplerBase: Parser for application/xml is org.apache.jmeter.protocol.http.parser.LagartoBasedHtmlParser
2021-11-30 03:30:50,830 INFO o.a.j.p.h.s.HTTPSamplerBase: Parser for text/xml is org.apache.jmeter.protocol.http.parser.LagartoBasedHtmlParser
2021-11-30 03:30:50,830 INFO o.a.j.p.h.s.HTTPSamplerBase: Parser for text/vnd.wap.wml is org.apache.jmeter.protocol.http.parser.RegexpHTMLParser
2021-11-30 03:30:50,831 INFO o.a.j.p.h.s.HTTPSamplerBase: Parser for text/css is org.apache.jmeter.protocol.http.parser.CssParser
2021-11-30 03:30:50,838 INFO o.a.j.s.SampleResult: Note: Sample TimeStamps are START times
2021-11-30 03:30:50,839 INFO o.a.j.s.SampleResult: sampleresult.default.encoding is set to ISO-8859-1
2021-11-30 03:30:50,840 INFO o.a.j.s.SampleResult: sampleresult.useNanoTime=true
2021-11-30 03:30:50,840 INFO o.a.j.s.SampleResult: sampleresult.nanoThreadSleep=5000
2021-11-30 03:30:50,879 INFO o.a.j.JMeter: Creating summariser <summary>
2021-11-30 03:30:50,887 INFO o.a.j.r.d.ReportGenerator: ReportGenerator will use for Parsing the separator: ','
2021-11-30 03:30:50,889 INFO o.a.j.r.d.ReportGenerator: Will generate report at end of test from  results file: /results/output/Tue_Nov_30_03:30:47_UTC_2021/GoogleTest.jtl
2021-11-30 03:30:50,890 INFO o.a.j.r.d.ReportGenerator: Reading report generator properties from: /opt/apache-jmeter-5.3/bin/reportgenerator.properties
2021-11-30 03:30:50,891 INFO o.a.j.r.d.ReportGenerator: Merging with JMeter properties
2021-11-30 03:30:50,900 INFO o.a.j.r.c.ReportGeneratorConfiguration: Property 'jmeter.reportgenerator.temp_dir' not found, using default value 'temp' instead.
2021-11-30 03:30:50,906 INFO o.a.j.r.c.ReportGeneratorConfiguration: Property 'jmeter.reportgenerator.apdex_per_transaction' not found, using default value 'null' instead.
2021-11-30 03:30:50,907 INFO o.a.j.r.c.ReportGeneratorConfiguration: apdex_per_transaction is empty, not APDEX per transaction customization
2021-11-30 03:30:50,908 INFO o.a.j.r.c.ReportGeneratorConfiguration: Property 'jmeter.reportgenerator.sample_filter' not found, using default value 'null' instead.
2021-11-30 03:30:50,909 INFO o.a.j.r.c.ReportGeneratorConfiguration: Property 'jmeter.reportgenerator.report_title' not found, using default value 'null' instead.
2021-11-30 03:30:50,910 INFO o.a.j.r.c.ReportGeneratorConfiguration: Property 'jmeter.reportgenerator.start_date' not found, using default value 'null' instead.
2021-11-30 03:30:50,911 INFO o.a.j.r.c.ReportGeneratorConfiguration: Property 'jmeter.reportgenerator.end_date' not found, using default value 'null' instead.
2021-11-30 03:30:50,912 INFO o.a.j.r.c.ReportGeneratorConfiguration: Property 'jmeter.reportgenerator.date_format' not found, using default value 'null' instead.
2021-11-30 03:30:50,914 INFO o.a.j.r.c.ReportGeneratorConfiguration: Will use date range start date: null, end date: null
2021-11-30 03:30:50,920 INFO o.a.j.r.c.ReportGeneratorConfiguration: Property 'jmeter.reportgenerator.graph.totalTPS.exclude_controllers' not found, using default value 'false' instead.
2021-11-30 03:30:50,921 INFO o.a.j.r.c.ReportGeneratorConfiguration: Property 'jmeter.reportgenerator.graph.activeThreadsOverTime.exclude_controllers' not found, using default value 'false' instead.
2021-11-30 03:30:50,922 INFO o.a.j.r.c.ReportGeneratorConfiguration: Property 'jmeter.reportgenerator.graph.timeVsThreads.exclude_controllers' not found, using default value 'false' instead.
2021-11-30 03:30:50,922 INFO o.a.j.r.c.ReportGeneratorConfiguration: Property 'jmeter.reportgenerator.graph.responseTimeDistribution.exclude_controllers' not found, using default value 'false' instead.
2021-11-30 03:30:50,923 INFO o.a.j.r.c.ReportGeneratorConfiguration: Property 'jmeter.reportgenerator.graph.transactionsPerSecond.exclude_controllers' not found, using default value 'false' instead.
2021-11-30 03:30:50,924 INFO o.a.j.r.c.ReportGeneratorConfiguration: Property 'jmeter.reportgenerator.graph.responseTimePercentiles.exclude_controllers' not found, using default value 'false' instead.
2021-11-30 03:30:50,925 INFO o.a.j.r.c.ReportGeneratorConfiguration: Property 'jmeter.reportgenerator.graph.responseTimePercentilesOverTime.exclude_controllers' not found, using default value 'false' instead.
2021-11-30 03:30:50,926 INFO o.a.j.r.c.ReportGeneratorConfiguration: Property 'jmeter.reportgenerator.graph.responseTimesOverTime.exclude_controllers' not found, using default value 'false' instead.
2021-11-30 03:30:50,927 INFO o.a.j.r.c.ReportGeneratorConfiguration: Property 'jmeter.reportgenerator.graph.connectTimeOverTime.exclude_controllers' not found, using default value 'false' instead.
2021-11-30 03:30:50,928 INFO o.a.j.r.c.ReportGeneratorConfiguration: Property 'jmeter.reportgenerator.graph.latenciesOverTime.exclude_controllers' not found, using default value 'false' instead.
2021-11-30 03:30:50,931 INFO o.a.j.r.c.ReportGeneratorConfiguration: Property 'jmeter.reportgenerator.exporter.json.filters_only_sample_series' not found, using default value 'true' instead.
2021-11-30 03:30:50,932 INFO o.a.j.r.c.ReportGeneratorConfiguration: Property 'jmeter.reportgenerator.exporter.json.series_filter' not found, using default value '' instead.
2021-11-30 03:30:50,933 INFO o.a.j.r.c.ReportGeneratorConfiguration: Property 'jmeter.reportgenerator.exporter.json.show_controllers_only' not found, using default value 'false' instead.
2021-11-30 03:30:50,934 INFO o.a.j.r.c.ReportGeneratorConfiguration: Property 'jmeter.reportgenerator.exporter.html.filters_only_sample_series' not found, using default value 'true' instead.
2021-11-30 03:30:50,935 INFO o.a.j.r.c.ReportGeneratorConfiguration: Property 'jmeter.reportgenerator.exporter.html.series_filter' not found, using default value '' instead.
2021-11-30 03:30:50,935 INFO o.a.j.r.c.ReportGeneratorConfiguration: Property 'jmeter.reportgenerator.exporter.html.show_controllers_only' not found, using default value 'false' instead.
2021-11-30 03:30:50,940 INFO o.a.j.e.DistributedRunner: Configuring remote engine: slave-1
2021-11-30 03:30:50,944 INFO o.a.j.r.RmiUtils: Disabling SSL for RMI as server.rmi.ssl.disable is set to 'true'
2021-11-30 03:30:51,017 INFO o.a.j.e.DistributedRunner: Configuring remote engine: slave-2
2021-11-30 03:30:51,018 INFO o.a.j.r.RmiUtils: Disabling SSL for RMI as server.rmi.ssl.disable is set to 'true'
2021-11-30 03:30:51,052 INFO o.a.j.e.DistributedRunner: Starting distributed test with remote engines: [slave-2, slave-1] @ Tue Nov 30 03:30:51 UTC 2021 (1638243051051)
2021-11-30 03:30:51,053 INFO o.a.j.e.ClientJMeterEngine: running clientengine run method
2021-11-30 03:30:51,061 INFO o.a.j.e.u.CompoundVariable: Note: Function class names must contain the string: '.functions.'
2021-11-30 03:30:51,062 INFO o.a.j.e.u.CompoundVariable: Note: Function class names must not contain the string: '.gui.'
2021-11-30 03:30:51,403 INFO o.a.j.r.RmiUtils: Disabling SSL for RMI as server.rmi.ssl.disable is set to 'true'
2021-11-30 03:30:51,404 INFO o.a.j.r.RmiUtils: Disabling SSL for RMI as server.rmi.ssl.disable is set to 'true'
2021-11-30 03:30:51,407 INFO o.a.j.s.SampleEvent: List of sample_variables: []
2021-11-30 03:30:51,414 INFO o.a.j.s.BatchSampleSender: Using batching (client settings) for this run. Thresholds: num=100, time=60000
2021-11-30 03:30:51,415 INFO o.a.j.s.DataStrippingSampleSender: Using DataStrippingSampleSender for this run
2021-11-30 03:30:51,417 INFO o.a.j.r.RmiUtils: Disabling SSL for RMI as server.rmi.ssl.disable is set to 'true'
2021-11-30 03:30:51,417 INFO o.a.j.r.RmiUtils: Disabling SSL for RMI as server.rmi.ssl.disable is set to 'true'
2021-11-30 03:30:51,887 INFO o.a.j.r.RmiUtils: Disabling SSL for RMI as server.rmi.ssl.disable is set to 'true'
2021-11-30 03:30:51,887 INFO o.a.j.r.RmiUtils: Disabling SSL for RMI as server.rmi.ssl.disable is set to 'true'
2021-11-30 03:30:51,889 INFO o.a.j.r.RmiUtils: Disabling SSL for RMI as server.rmi.ssl.disable is set to 'true'
2021-11-30 03:30:51,889 INFO o.a.j.r.RmiUtils: Disabling SSL for RMI as server.rmi.ssl.disable is set to 'true'
2021-11-30 03:30:51,890 INFO o.a.j.s.BatchSampleSender: Using batching (client settings) for this run. Thresholds: num=100, time=60000
2021-11-30 03:30:51,891 INFO o.a.j.s.DataStrippingSampleSender: Using DataStrippingSampleSender for this run
2021-11-30 03:30:52,042 INFO o.a.j.e.ClientJMeterEngine: sent test to slave-2 basedir='.'
2021-11-30 03:30:52,043 INFO o.a.j.e.ClientJMeterEngine: Sending properties {}
2021-11-30 03:30:52,053 INFO o.a.j.e.ClientJMeterEngine: sent run command to slave-2
2021-11-30 03:30:52,054 INFO o.a.j.e.ClientJMeterEngine: running clientengine run method
2021-11-30 03:30:52,056 INFO o.a.j.r.RmiUtils: Disabling SSL for RMI as server.rmi.ssl.disable is set to 'true'
2021-11-30 03:30:52,057 INFO o.a.j.r.RmiUtils: Disabling SSL for RMI as server.rmi.ssl.disable is set to 'true'
2021-11-30 03:30:52,058 INFO o.a.j.s.BatchSampleSender: Using batching (client settings) for this run. Thresholds: num=100, time=60000
2021-11-30 03:30:52,059 INFO o.a.j.s.DataStrippingSampleSender: Using DataStrippingSampleSender for this run
2021-11-30 03:30:52,060 INFO o.a.j.r.RmiUtils: Disabling SSL for RMI as server.rmi.ssl.disable is set to 'true'
2021-11-30 03:30:52,061 INFO o.a.j.r.RmiUtils: Disabling SSL for RMI as server.rmi.ssl.disable is set to 'true'
2021-11-30 03:30:52,071 INFO o.a.j.r.RmiUtils: Disabling SSL for RMI as server.rmi.ssl.disable is set to 'true'
2021-11-30 03:30:52,072 INFO o.a.j.r.RmiUtils: Disabling SSL for RMI as server.rmi.ssl.disable is set to 'true'
2021-11-30 03:30:52,076 INFO o.a.j.r.RmiUtils: Disabling SSL for RMI as server.rmi.ssl.disable is set to 'true'
2021-11-30 03:30:52,077 INFO o.a.j.r.RmiUtils: Disabling SSL for RMI as server.rmi.ssl.disable is set to 'true'
2021-11-30 03:30:52,077 INFO o.a.j.s.BatchSampleSender: Using batching (client settings) for this run. Thresholds: num=100, time=60000
2021-11-30 03:30:52,078 INFO o.a.j.s.DataStrippingSampleSender: Using DataStrippingSampleSender for this run
2021-11-30 03:30:52,369 INFO o.a.j.e.ClientJMeterEngine: sent test to slave-1 basedir='.'
2021-11-30 03:30:52,370 INFO o.a.j.e.ClientJMeterEngine: Sending properties {}
2021-11-30 03:30:52,379 INFO o.a.j.e.ClientJMeterEngine: sent run command to slave-1
2021-11-30 03:30:52,381 INFO o.a.j.e.DistributedRunner: Remote engines have been started:[slave-2, slave-1]
2021-11-30 03:30:52,766 INFO o.a.j.v.b.BackendListener: SimpleReqListener: Starting worker with class: class org.apache.jmeter.visualizers.backend.influxdb.InfluxdbBackendListenerClient and queue capacity: 5000
2021-11-30 03:30:52,769 INFO o.a.j.v.b.BackendListener: SimpleReqListener: Started  worker with class: class org.apache.jmeter.visualizers.backend.influxdb.InfluxdbBackendListenerClient
2021-11-30 03:30:53,158 INFO o.a.j.JMeter: Started remote host:  slave-2 (1638243053158)
2021-11-30 03:30:53,158 INFO o.a.j.JMeter: Started remote host:  slave-1 (1638243053158)
2021-11-30 03:31:20,364 INFO o.a.j.JMeter: Finished remote host: slave-1 (1638243080364)
2021-11-30 03:31:20,380 INFO o.a.j.v.b.BackendListener: Worker ended
2021-11-30 03:31:20,382 INFO o.a.j.v.b.i.InfluxdbBackendListenerClient: Sending last metrics
2021-11-30 03:31:20,389 INFO o.a.j.v.b.i.HttpMetricsSender: Destroying 
2021-11-30 03:31:20,414 INFO o.a.j.r.Summariser: summary =      8 in 00:00:27 =    0.3/s Avg:   568 Min:   386 Max:  1024 Err:     0 (0.00%)
2021-11-30 03:31:20,415 INFO o.a.j.JMeter: Finished remote host: slave-2 (1638243080415)
2021-11-30 03:31:20,416 INFO o.a.j.JMeter: All remote engines have ended test, starting RemoteTestStopper thread
2021-11-30 03:31:20,418 INFO o.a.j.e.ClientJMeterEngine: about to exit remote server on slave-2
2021-11-30 03:31:20,471 INFO o.a.j.e.ClientJMeterEngine: about to exit remote server on slave-1
2021-11-30 03:31:25,528 INFO o.a.j.JMeter: Interrupting RMI Reaper
2021-11-30 03:31:25,532 INFO o.a.j.JMeter: Generating Dashboard
2021-11-30 03:31:25,536 INFO o.a.j.r.d.ReportGenerator: Flushing result collector before report Generation
2021-11-30 03:31:25,558 INFO o.a.j.r.p.NormalizerSampleConsumer: Using format, 'ms', to parse timeStamp field
2021-11-30 03:31:25,582 INFO o.a.j.r.p.AbstractSampleConsumer: class org.apache.jmeter.report.processor.AggregateConsumer#stopProducing(): beginDate produced 0 samples
2021-11-30 03:31:25,583 INFO o.a.j.r.p.AbstractSampleConsumer: class org.apache.jmeter.report.processor.AggregateConsumer#stopProducing(): endDate produced 0 samples
2021-11-30 03:31:25,585 INFO o.a.j.r.p.AbstractSampleConsumer: class org.apache.jmeter.report.processor.ApdexSummaryConsumer#stopProducing(): apdexSummary produced 0 samples
2021-11-30 03:31:25,586 INFO o.a.j.r.p.AbstractSampleConsumer: class org.apache.jmeter.report.processor.RequestsSummaryConsumer#stopProducing(): requestsSummary produced 0 samples
2021-11-30 03:31:25,587 INFO o.a.j.r.p.AbstractSampleConsumer: class org.apache.jmeter.report.processor.StatisticsSummaryConsumer#stopProducing(): statisticsSummary produced 0 samples
2021-11-30 03:31:25,591 INFO o.a.j.r.p.AbstractSampleConsumer: class org.apache.jmeter.report.processor.Top5ErrorsBySamplerConsumer#stopProducing(): top5ErrorsBySampler produced 0 samples
2021-11-30 03:31:25,592 INFO o.a.j.r.p.AbstractSampleConsumer: class org.apache.jmeter.report.processor.ErrorsSummaryConsumer#stopProducing(): errorsSummary produced 0 samples
2021-11-30 03:31:25,593 INFO o.a.j.r.p.AbstractSampleConsumer: class org.apache.jmeter.report.processor.graph.impl.HitsPerSecondGraphConsumer#stopProducing(): hitsPerSecond produced 0 samples
2021-11-30 03:31:25,615 INFO o.a.j.r.p.AbstractSampleConsumer: class org.apache.jmeter.report.processor.graph.impl.LatencyVSRequestGraphConsumer#stopProducing(): latencyVsRequest produced 0 samples
2021-11-30 03:31:25,616 INFO o.a.j.r.p.AbstractSampleConsumer: class org.apache.jmeter.report.processor.graph.impl.SyntheticResponseTimeDistributionGraphConsumer#stopProducing(): syntheticResponseTimeDistribution produced 0 samples
2021-11-30 03:31:25,617 INFO o.a.j.r.p.AbstractSampleConsumer: class org.apache.jmeter.report.processor.graph.impl.BytesThroughputGraphConsumer#stopProducing(): bytesThroughputOverTime produced 0 samples
2021-11-30 03:31:25,618 INFO o.a.j.r.p.AbstractSampleConsumer: class org.apache.jmeter.report.processor.graph.impl.CodesPerSecondGraphConsumer#stopProducing(): codesPerSecond produced 0 samples
2021-11-30 03:31:25,621 INFO o.a.j.r.p.AbstractSampleConsumer: class org.apache.jmeter.report.processor.graph.impl.ResponseTimeVSRequestGraphConsumer#stopProducing(): responseTimeVsRequest produced 0 samples
2021-11-30 03:31:25,622 INFO o.a.j.r.p.AbstractSampleConsumer: class org.apache.jmeter.report.processor.FilterConsumer#stopProducing(): startIntervalControlerFilter produced 56 samples
2021-11-30 03:31:25,624 INFO o.a.j.r.p.AbstractSampleConsumer: class org.apache.jmeter.report.processor.graph.impl.TotalTPSGraphConsumer#stopProducing(): totalTPS produced 0 samples
2021-11-30 03:31:25,625 INFO o.a.j.r.p.AbstractSampleConsumer: class org.apache.jmeter.report.processor.graph.impl.ActiveThreadsGraphConsumer#stopProducing(): activeThreadsOverTime produced 0 samples
2021-11-30 03:31:25,625 INFO o.a.j.r.p.AbstractSampleConsumer: class org.apache.jmeter.report.processor.graph.impl.TimeVSThreadGraphConsumer#stopProducing(): timeVsThreads produced 0 samples
2021-11-30 03:31:25,627 INFO o.a.j.r.p.AbstractSampleConsumer: class org.apache.jmeter.report.processor.graph.impl.ResponseTimeDistributionGraphConsumer#stopProducing(): responseTimeDistribution produced 0 samples
2021-11-30 03:31:25,627 INFO o.a.j.r.p.AbstractSampleConsumer: class org.apache.jmeter.report.processor.graph.impl.TransactionsPerSecondGraphConsumer#stopProducing(): transactionsPerSecond produced 0 samples
2021-11-30 03:31:25,628 INFO o.a.j.r.p.AbstractSampleConsumer: class org.apache.jmeter.report.processor.graph.impl.ResponseTimePercentilesGraphConsumer#stopProducing(): responseTimePercentiles produced 0 samples
2021-11-30 03:31:25,630 INFO o.a.j.r.p.AbstractSampleConsumer: class org.apache.jmeter.report.processor.graph.impl.ResponseTimePercentilesOverTimeGraphConsumer#stopProducing(): responseTimePercentilesOverTime produced 0 samples
2021-11-30 03:31:25,631 INFO o.a.j.r.p.AbstractSampleConsumer: class org.apache.jmeter.report.processor.graph.impl.ResponseTimeOverTimeGraphConsumer#stopProducing(): responseTimesOverTime produced 0 samples
2021-11-30 03:31:25,632 INFO o.a.j.r.p.AbstractSampleConsumer: class org.apache.jmeter.report.processor.graph.impl.ConnectTimeOverTimeGraphConsumer#stopProducing(): connectTimeOverTime produced 0 samples
2021-11-30 03:31:25,632 INFO o.a.j.r.p.AbstractSampleConsumer: class org.apache.jmeter.report.processor.graph.impl.LatencyOverTimeGraphConsumer#stopProducing(): latenciesOverTime produced 0 samples
2021-11-30 03:31:25,633 INFO o.a.j.r.p.AbstractSampleConsumer: class org.apache.jmeter.report.processor.FilterConsumer#stopProducing(): nameFilter produced 120 samples
2021-11-30 03:31:25,634 INFO o.a.j.r.p.AbstractSampleConsumer: class org.apache.jmeter.report.processor.FilterConsumer#stopProducing(): dateRangeFilter produced 24 samples
2021-11-30 03:31:25,634 INFO o.a.j.r.p.AbstractSampleConsumer: class org.apache.jmeter.report.processor.NormalizerSampleConsumer#stopProducing(): normalizer produced 8 samples
2021-11-30 03:31:25,635 INFO o.a.j.r.p.CsvFileSampleSource: produce(): 8 samples produced in 67ms on channel 0
2021-11-30 03:31:25,636 INFO o.a.j.r.d.ReportGenerator: Exporting data using exporter:'json' of className:'org.apache.jmeter.report.dashboard.JsonExporter'
2021-11-30 03:31:25,637 INFO o.a.j.r.d.JsonExporter: Found data for consumer statisticsSummary?in context
2021-11-30 03:31:25,639 INFO o.a.j.r.d.JsonExporter: Creating statistics for overall
2021-11-30 03:31:25,640 INFO o.a.j.r.d.JsonExporter: Creating statistics for other transactions
2021-11-30 03:31:25,641 INFO o.a.j.r.d.JsonExporter: Checking output folder
2021-11-30 03:31:25,647 INFO o.a.j.r.d.JsonExporter: Writing statistics JSON to /results/output/Tue_Nov_30_03:30:47_UTC_2021/dashboard/statistics.json
2021-11-30 03:31:25,782 INFO o.a.j.r.d.ReportGenerator: Exporting data using exporter:'html' of className:'org.apache.jmeter.report.dashboard.HtmlTemplateExporter'
2021-11-30 03:31:25,788 INFO o.a.j.r.d.HtmlTemplateExporter: Will generate dashboard in folder: /results/output/Tue_Nov_30_03:30:47_UTC_2021/dashboard
2021-11-30 03:31:25,898 ERROR f.configuration: DefaultObjectWrapper.incompatibleImprovements was set to the object returned by Configuration.getVersion(). That defeats the purpose of incompatibleImprovements, and makes upgrading FreeMarker a potentially breaking change. Also, this probably won't be allowed starting from 2.4.0. Instead, set incompatibleImprovements to the highest concrete version that's known to be compatible with your application.
2021-11-30 03:31:25,901 ERROR f.configuration: Configuration.incompatibleImprovements was set to the object returned by Configuration.getVersion(). That defeats the purpose of incompatibleImprovements, and makes upgrading FreeMarker a potentially breaking change. Also, this probably won't be allowed starting from 2.4.0. Instead, set incompatibleImprovements to the highest concrete version that's known to be compatible with your application.
2021-11-30 03:31:25,912 INFO o.a.j.r.d.HtmlTemplateExporter: Report will be generated in: /results/output/Tue_Nov_30_03:30:47_UTC_2021/dashboard, creating folder structure
2021-11-30 03:31:25,918 INFO o.a.j.r.d.TemplateVisitor: Copying folder from '/opt/apache-jmeter-5.3/bin/report-template' to '/results/output/Tue_Nov_30_03:30:47_UTC_2021/dashboard', got message: /results/output/Tue_Nov_30_03:30:47_UTC_2021/dashboard, found non empty folder with following content [/results/output/Tue_Nov_30_03:30:47_UTC_2021/dashboard/statistics.json], will be ignored
2021-11-30 03:31:27,076 INFO o.a.j.JMeter: Dashboard generated
